TN:
SF:src/app/page.tsx
FN:7,Home
FN:10,(anonymous_2)
FNF:2
FNH:0
FNDA:0,Home
FNDA:0,(anonymous_2)
DA:3,0
DA:4,0
DA:5,0
DA:7,0
DA:8,0
DA:10,0
DA:12,0
LF:7
LH:0
BRF:0
BRH:0
end_of_record
TN:
SF:src/app/api/health/route.ts
FN:7,GET
FNF:1
FNH:0
FNDA:0,GET
DA:7,0
DA:8,0
DA:9,0
DA:31,0
DA:37,0
LF:5
LH:0
BRDA:15,0,0,0
BRDA:15,0,1,0
BRDA:26,1,0,0
BRDA:26,1,1,0
BRDA:41,2,0,0
BRDA:41,2,1,0
BRF:6
BRH:0
end_of_record
TN:
SF:src/app/api/metrics/route.ts
FN:15,GET
FN:36,POST
FN:79,generatePrometheusMetrics
FNF:3
FNH:0
FNDA:0,GET
FNDA:0,POST
FNDA:0,generatePrometheusMetrics
DA:8,0
DA:15,0
DA:16,0
DA:17,0
DA:19,0
DA:25,0
DA:36,0
DA:37,0
DA:38,0
DA:39,0
DA:42,0
DA:44,0
DA:45,0
DA:47,0
DA:48,0
DA:50,0
DA:51,0
DA:53,0
DA:62,0
DA:68,0
DA:80,0
DA:81,0
DA:83,0
LF:23
LH:0
BRDA:29,0,0,0
BRDA:29,0,1,0
BRDA:39,1,0,0
BRDA:42,2,0,0
BRDA:42,2,1,0
BRDA:42,2,2,0
BRDA:42,2,3,0
BRDA:72,3,0,0
BRDA:72,3,1,0
BRDA:106,4,0,0
BRDA:106,4,1,0
BRF:11
BRH:0
end_of_record
TN:
SF:src/app/backtest/page.tsx
FN:52,BacktestPage
FN:61,(anonymous_5)
FN:75,(anonymous_6)
FN:82,(anonymous_7)
FN:98,(anonymous_8)
FN:103,(anonymous_9)
FN:104,(anonymous_10)
FN:111,(anonymous_11)
FN:120,(anonymous_12)
FN:131,(anonymous_13)
FN:139,(anonymous_14)
FN:164,(anonymous_15)
FN:169,(anonymous_16)
FN:174,(anonymous_17)
FN:189,(anonymous_18)
FN:194,(anonymous_19)
FN:281,(anonymous_20)
FN:285,(anonymous_21)
FN:286,(anonymous_22)
FN:310,(anonymous_23)
FN:385,(anonymous_24)
FN:394,(anonymous_25)
FN:418,(anonymous_26)
FN:433,(anonymous_27)
FNF:24
FNH:0
FNDA:0,BacktestPage
FNDA:0,(anonymous_5)
FNDA:0,(anonymous_6)
FNDA:0,(anonymous_7)
FNDA:0,(anonymous_8)
FNDA:0,(anonymous_9)
FNDA:0,(anonymous_10)
FNDA:0,(anonymous_11)
FNDA:0,(anonymous_12)
FNDA:0,(anonymous_13)
FNDA:0,(anonymous_14)
FNDA:0,(anonymous_15)
FNDA:0,(anonymous_16)
FNDA:0,(anonymous_17)
FNDA:0,(anonymous_18)
FNDA:0,(anonymous_19)
FNDA:0,(anonymous_20)
FNDA:0,(anonymous_21)
FNDA:0,(anonymous_22)
FNDA:0,(anonymous_23)
FNDA:0,(anonymous_24)
FNDA:0,(anonymous_25)
FNDA:0,(anonymous_26)
FNDA:0,(anonymous_27)
DA:9,0
DA:31,0
DA:44,0
DA:45,0
DA:46,0
DA:47,0
DA:48,0
DA:49,0
DA:50,0
DA:52,0
DA:53,0
DA:54,0
DA:55,0
DA:56,0
DA:57,0
DA:58,0
DA:61,0
DA:63,0
DA:64,0
DA:67,0
DA:68,0
DA:71,0
DA:72,0
DA:73,0
DA:74,0
DA:75,0
DA:78,0
DA:82,0
DA:83,0
DA:84,0
DA:86,0
DA:88,0
DA:90,0
DA:92,0
DA:93,0
DA:98,0
DA:99,0
DA:103,0
DA:104,0
DA:105,0
DA:111,0
DA:112,0
DA:120,0
DA:121,0
DA:127,0
DA:128,0
DA:129,0
DA:131,0
DA:132,0
DA:133,0
DA:134,0
DA:139,0
DA:140,0
DA:150,0
DA:151,0
DA:164,0
DA:165,0
DA:169,0
DA:170,0
DA:174,0
DA:175,0
DA:177,0
DA:178,0
DA:179,0
DA:180,0
DA:181,0
DA:183,0
DA:184,0
DA:189,0
DA:190,0
DA:194,0
DA:196,0
DA:197,0
DA:198,0
DA:201,0
DA:209,0
DA:282,0
DA:286,0
DA:287,0
DA:311,0
DA:313,0
DA:314,0
DA:315,0
DA:317,0
DA:385,0
DA:395,0
DA:396,0
DA:418,0
DA:433,0
LF:89
LH:0
BRDA:63,0,0,0
BRDA:63,0,1,0
BRDA:67,1,0,0
BRDA:67,1,1,0
BRDA:67,2,0,0
BRDA:67,2,1,0
BRDA:71,3,0,0
BRDA:71,3,1,0
BRDA:71,4,0,0
BRDA:71,4,1,0
BRDA:71,4,2,0
BRDA:72,5,0,0
BRDA:72,5,1,0
BRDA:72,5,2,0
BRDA:73,6,0,0
BRDA:73,6,1,0
BRDA:73,7,0,0
BRDA:73,7,1,0
BRDA:150,8,0,0
BRDA:150,8,1,0
BRDA:175,9,0,0
BRDA:175,9,1,0
BRDA:184,10,0,0
BRDA:184,10,1,0
BRDA:196,11,0,0
BRDA:196,11,1,0
BRDA:196,11,2,0
BRDA:197,12,0,0
BRDA:197,12,1,0
BRDA:202,13,0,0
BRDA:202,13,1,0
BRDA:203,14,0,0
BRDA:203,14,1,0
BRDA:204,15,0,0
BRDA:204,15,1,0
BRDA:205,16,0,0
BRDA:205,16,1,0
BRDA:209,17,0,0
BRDA:209,17,1,0
BRDA:254,18,0,0
BRDA:286,19,0,0
BRDA:286,19,1,0
BRDA:313,20,0,0
BRDA:313,20,1,0
BRDA:313,20,2,0
BRDA:314,21,0,0
BRDA:314,21,1,0
BRDA:315,22,0,0
BRDA:315,22,1,0
BRDA:324,23,0,0
BRDA:334,24,0,0
BRDA:334,24,1,0
BRDA:337,25,0,0
BRDA:336,26,0,0
BRDA:336,26,1,0
BRDA:349,27,0,0
BRDA:352,28,0,0
BRDA:352,28,1,0
BRDA:356,29,0,0
BRDA:356,29,1,0
BRDA:360,30,0,0
BRDA:359,31,0,0
BRDA:359,31,1,0
BRDA:390,32,0,0
BRF:64
BRH:0
end_of_record
TN:
SF:src/app/dashboard/page.tsx
FN:42,DashboardPage
FN:57,(anonymous_5)
FN:58,(anonymous_6)
FN:90,(anonymous_7)
FN:104,(anonymous_8)
FN:118,(anonymous_9)
FN:269,(anonymous_10)
FN:285,(anonymous_11)
FN:292,(anonymous_12)
FN:306,(anonymous_13)
FN:407,(anonymous_14)
FN:416,(anonymous_15)
FN:425,(anonymous_16)
FN:434,(anonymous_17)
FNF:14
FNH:0
FNDA:0,DashboardPage
FNDA:0,(anonymous_5)
FNDA:0,(anonymous_6)
FNDA:0,(anonymous_7)
FNDA:0,(anonymous_8)
FNDA:0,(anonymous_9)
FNDA:0,(anonymous_10)
FNDA:0,(anonymous_11)
FNDA:0,(anonymous_12)
FNDA:0,(anonymous_13)
FNDA:0,(anonymous_14)
FNDA:0,(anonymous_15)
FNDA:0,(anonymous_16)
FNDA:0,(anonymous_17)
DA:13,0
DA:24,0
DA:36,0
DA:37,0
DA:39,0
DA:40,0
DA:42,0
DA:43,0
DA:45,0
DA:46,0
DA:47,0
DA:57,0
DA:58,0
DA:59,0
DA:60,0
DA:63,0
DA:68,0
DA:71,0
DA:80,0
DA:82,0
DA:86,0
DA:90,0
DA:91,0
DA:93,0
DA:95,0
DA:97,0
DA:99,0
DA:104,0
DA:105,0
DA:107,0
DA:109,0
DA:111,0
DA:113,0
DA:118,0
DA:119,0
DA:131,0
DA:269,0
DA:285,0
DA:293,0
DA:306,0
DA:407,0
DA:416,0
DA:425,0
DA:434,0
LF:44
LH:0
BRDA:91,0,0,0
BRDA:91,0,1,0
BRDA:91,0,2,0
BRDA:91,0,3,0
BRDA:105,1,0,0
BRDA:105,1,1,0
BRDA:105,1,2,0
BRDA:105,1,3,0
BRDA:131,2,0,0
BRDA:131,2,1,0
BRDA:276,3,0,0
BRDA:317,4,0,0
BRDA:317,4,1,0
BRDA:327,5,0,0
BRF:14
BRH:0
end_of_record
TN:
SF:src/app/data/page.tsx
FN:68,DataManagementPage
FN:91,(anonymous_5)
FN:101,(anonymous_6)
FN:112,(anonymous_7)
FN:123,(anonymous_8)
FN:124,(anonymous_9)
FN:134,(anonymous_10)
FN:141,(anonymous_11)
FN:175,(anonymous_12)
FN:204,(anonymous_13)
FN:209,(anonymous_14)
FN:211,(anonymous_15)
FN:223,(anonymous_16)
FN:225,(anonymous_17)
FN:239,(anonymous_18)
FN:241,(anonymous_19)
FN:258,(anonymous_20)
FN:500,(anonymous_21)
FN:515,(anonymous_22)
FN:558,(anonymous_23)
FN:580,(anonymous_24)
FN:652,(anonymous_25)
FN:675,(anonymous_26)
FNF:23
FNH:0
FNDA:0,DataManagementPage
FNDA:0,(anonymous_5)
FNDA:0,(anonymous_6)
FNDA:0,(anonymous_7)
FNDA:0,(anonymous_8)
FNDA:0,(anonymous_9)
FNDA:0,(anonymous_10)
FNDA:0,(anonymous_11)
FNDA:0,(anonymous_12)
FNDA:0,(anonymous_13)
FNDA:0,(anonymous_14)
FNDA:0,(anonymous_15)
FNDA:0,(anonymous_16)
FNDA:0,(anonymous_17)
FNDA:0,(anonymous_18)
FNDA:0,(anonymous_19)
FNDA:0,(anonymous_20)
FNDA:0,(anonymous_21)
FNDA:0,(anonymous_22)
FNDA:0,(anonymous_23)
FNDA:0,(anonymous_24)
FNDA:0,(anonymous_25)
FNDA:0,(anonymous_26)
DA:11,0
DA:28,0
DA:29,0
DA:30,0
DA:31,0
DA:32,0
DA:33,0
DA:68,0
DA:69,0
DA:70,0
DA:71,0
DA:72,0
DA:73,0
DA:74,0
DA:75,0
DA:76,0
DA:83,0
DA:91,0
DA:92,0
DA:93,0
DA:94,0
DA:96,0
DA:101,0
DA:102,0
DA:103,0
DA:104,0
DA:106,0
DA:107,0
DA:112,0
DA:113,0
DA:114,0
DA:115,0
DA:117,0
DA:118,0
DA:123,0
DA:124,0
DA:125,0
DA:126,0
DA:127,0
DA:130,0
DA:134,0
DA:135,0
DA:136,0
DA:137,0
DA:141,0
DA:142,0
DA:143,0
DA:146,0
DA:147,0
DA:149,0
DA:150,0
DA:151,0
DA:160,0
DA:161,0
DA:164,0
DA:165,0
DA:170,0
DA:175,0
DA:176,0
DA:177,0
DA:180,0
DA:181,0
DA:183,0
DA:184,0
DA:185,0
DA:192,0
DA:193,0
DA:199,0
DA:204,0
DA:205,0
DA:206,0
DA:209,0
DA:210,0
DA:211,0
DA:212,0
DA:223,0
DA:224,0
DA:225,0
DA:226,0
DA:235,0
DA:239,0
DA:240,0
DA:241,0
DA:242,0
DA:250,0
DA:254,0
DA:255,0
DA:256,0
DA:258,0
DA:259,0
DA:260,0
DA:261,0
DA:265,0
DA:501,0
DA:502,0
DA:504,0
DA:515,0
DA:559,0
DA:581,0
DA:653,0
DA:676,0
LF:101
LH:0
BRDA:104,0,0,0
BRDA:104,0,1,0
BRDA:115,1,0,0
BRDA:115,1,1,0
BRDA:142,2,0,0
BRDA:142,2,1,0
BRDA:160,3,0,0
BRDA:160,3,1,0
BRDA:167,4,0,0
BRDA:167,4,1,0
BRDA:176,5,0,0
BRDA:176,5,1,0
BRDA:197,6,0,0
BRDA:197,6,1,0
BRDA:205,7,0,0
BRDA:205,7,1,0
BRDA:210,8,0,0
BRDA:210,8,1,0
BRDA:212,9,0,0
BRDA:212,9,1,0
BRDA:224,10,0,0
BRDA:224,10,1,0
BRDA:226,11,0,0
BRDA:226,11,1,0
BRDA:240,12,0,0
BRDA:240,12,1,0
BRDA:242,13,0,0
BRDA:242,13,1,0
BRDA:265,14,0,0
BRDA:265,14,1,0
BRDA:298,15,0,0
BRDA:298,15,1,0
BRDA:306,16,0,0
BRDA:306,16,1,0
BRDA:308,17,0,0
BRDA:308,17,1,0
BRDA:308,18,0,0
BRDA:308,18,1,0
BRDA:316,19,0,0
BRDA:318,20,0,0
BRDA:318,20,1,0
BRDA:319,21,0,0
BRDA:324,22,0,0
BRDA:324,22,1,0
BRDA:329,23,0,0
BRDA:340,24,0,0
BRDA:343,25,0,0
BRDA:343,25,1,0
BRDA:345,26,0,0
BRDA:345,26,1,0
BRDA:351,27,0,0
BRDA:353,28,0,0
BRDA:360,29,0,0
BRDA:360,29,1,0
BRDA:362,30,0,0
BRDA:376,31,0,0
BRDA:376,31,1,0
BRDA:399,32,0,0
BRDA:432,33,0,0
BRDA:450,34,0,0
BRDA:450,34,1,0
BRDA:454,35,0,0
BRDA:473,36,0,0
BRDA:473,36,1,0
BRDA:479,37,0,0
BRDA:501,38,0,0
BRDA:501,38,1,0
BRDA:539,39,0,0
BRDA:542,40,0,0
BRDA:590,41,0,0
BRDA:590,41,1,0
BRDA:592,42,0,0
BRDA:592,42,1,0
BRDA:597,43,0,0
BRDA:608,44,0,0
BRDA:608,44,1,0
BRDA:614,45,0,0
BRDA:616,46,0,0
BRDA:618,47,0,0
BRDA:633,48,0,0
BRDA:636,49,0,0
BRDA:685,50,0,0
BRDA:685,50,1,0
BRDA:687,51,0,0
BRDA:687,51,1,0
BRDA:692,52,0,0
BRDA:702,53,0,0
BRDA:702,53,1,0
BRDA:703,54,0,0
BRDA:703,54,1,0
BRDA:705,55,0,0
BRDA:705,55,1,0
BRF:92
BRH:0
end_of_record
TN:
SF:src/app/models/page.tsx
FN:30,(anonymous_5)
FN:30,(anonymous_6)
FN:30,(anonymous_7)
FN:34,(anonymous_9)
FN:34,(anonymous_10)
FN:34,(anonymous_11)
FN:38,(anonymous_13)
FN:38,(anonymous_14)
FN:38,(anonymous_15)
FN:42,(anonymous_17)
FN:42,(anonymous_18)
FN:42,(anonymous_19)
FN:50,ModelsPage
FN:85,(anonymous_22)
FN:98,(anonymous_23)
FN:107,(anonymous_24)
FN:122,(anonymous_25)
FN:124,(anonymous_26)
FN:137,(anonymous_27)
FN:151,(anonymous_28)
FN:156,(anonymous_29)
FN:162,(anonymous_30)
FN:168,(anonymous_31)
FN:173,(anonymous_32)
FN:178,(anonymous_33)
FN:184,(anonymous_34)
FN:189,(anonymous_35)
FN:196,(anonymous_36)
FN:218,(anonymous_37)
FN:231,(anonymous_38)
FN:249,(anonymous_39)
FN:255,(anonymous_40)
FN:261,(anonymous_41)
FN:266,(anonymous_42)
FN:271,(anonymous_43)
FN:277,(anonymous_44)
FN:287,(anonymous_45)
FN:291,(anonymous_46)
FN:296,(anonymous_47)
FN:319,(anonymous_48)
FN:347,(anonymous_49)
FN:401,(anonymous_50)
FN:402,(anonymous_51)
FN:405,(anonymous_52)
FN:409,(anonymous_53)
FN:440,(anonymous_54)
FN:473,(anonymous_55)
FN:496,(anonymous_56)
FN:510,(anonymous_57)
FN:516,(anonymous_58)
FN:532,(anonymous_59)
FN:537,(anonymous_60)
FN:553,(anonymous_61)
FN:571,(anonymous_62)
FN:583,(anonymous_63)
FNF:55
FNH:0
FNDA:0,(anonymous_5)
FNDA:0,(anonymous_6)
FNDA:0,(anonymous_7)
FNDA:0,(anonymous_9)
FNDA:0,(anonymous_10)
FNDA:0,(anonymous_11)
FNDA:0,(anonymous_13)
FNDA:0,(anonymous_14)
FNDA:0,(anonymous_15)
FNDA:0,(anonymous_17)
FNDA:0,(anonymous_18)
FNDA:0,(anonymous_19)
FNDA:0,ModelsPage
FNDA:0,(anonymous_22)
FNDA:0,(anonymous_23)
FNDA:0,(anonymous_24)
FNDA:0,(anonymous_25)
FNDA:0,(anonymous_26)
FNDA:0,(anonymous_27)
FNDA:0,(anonymous_28)
FNDA:0,(anonymous_29)
FNDA:0,(anonymous_30)
FNDA:0,(anonymous_31)
FNDA:0,(anonymous_32)
FNDA:0,(anonymous_33)
FNDA:0,(anonymous_34)
FNDA:0,(anonymous_35)
FNDA:0,(anonymous_36)
FNDA:0,(anonymous_37)
FNDA:0,(anonymous_38)
FNDA:0,(anonymous_39)
FNDA:0,(anonymous_40)
FNDA:0,(anonymous_41)
FNDA:0,(anonymous_42)
FNDA:0,(anonymous_43)
FNDA:0,(anonymous_44)
FNDA:0,(anonymous_45)
FNDA:0,(anonymous_46)
FNDA:0,(anonymous_47)
FNDA:0,(anonymous_48)
FNDA:0,(anonymous_49)
FNDA:0,(anonymous_50)
FNDA:0,(anonymous_51)
FNDA:0,(anonymous_52)
FNDA:0,(anonymous_53)
FNDA:0,(anonymous_54)
FNDA:0,(anonymous_55)
FNDA:0,(anonymous_56)
FNDA:0,(anonymous_57)
FNDA:0,(anonymous_58)
FNDA:0,(anonymous_59)
FNDA:0,(anonymous_60)
FNDA:0,(anonymous_61)
FNDA:0,(anonymous_62)
FNDA:0,(anonymous_63)
DA:9,0
DA:10,0
DA:11,0
DA:23,0
DA:24,0
DA:25,0
DA:26,0
DA:28,0
DA:30,0
DA:34,0
DA:38,0
DA:42,0
DA:48,0
DA:51,0
DA:52,0
DA:53,0
DA:54,0
DA:55,0
DA:56,0
DA:57,0
DA:58,0
DA:59,0
DA:60,0
DA:61,0
DA:62,0
DA:63,0
DA:66,0
DA:67,0
DA:69,0
DA:81,0
DA:82,0
DA:85,0
DA:86,0
DA:87,0
DA:88,0
DA:89,0
DA:91,0
DA:93,0
DA:98,0
DA:99,0
DA:100,0
DA:103,0
DA:104,0
DA:107,0
DA:108,0
DA:112,0
DA:113,0
DA:116,0
DA:117,0
DA:122,0
DA:123,0
DA:124,0
DA:136,0
DA:138,0
DA:147,0
DA:148,0
DA:150,0
DA:151,0
DA:152,0
DA:153,0
DA:154,0
DA:156,0
DA:157,0
DA:159,0
DA:161,0
DA:163,0
DA:167,0
DA:168,0
DA:169,0
DA:170,0
DA:171,0
DA:173,0
DA:174,0
DA:176,0
DA:177,0
DA:179,0
DA:183,0
DA:184,0
DA:185,0
DA:186,0
DA:187,0
DA:189,0
DA:190,0
DA:196,0
DA:199,0
DA:201,0
DA:203,0
DA:205,0
DA:207,0
DA:209,0
DA:211,0
DA:213,0
DA:218,0
DA:219,0
DA:227,0
DA:231,0
DA:232,0
DA:245,0
DA:249,0
DA:250,0
DA:251,0
DA:255,0
DA:256,0
DA:257,0
DA:261,0
DA:262,0
DA:263,0
DA:266,0
DA:267,0
DA:268,0
DA:269,0
DA:270,0
DA:272,0
DA:277,0
DA:278,0
DA:279,0
DA:280,0
DA:282,0
DA:284,0
DA:285,0
DA:287,0
DA:291,0
DA:292,0
DA:296,0
DA:297,0
DA:298,0
DA:301,0
DA:302,0
DA:303,0
DA:305,0
DA:307,0
DA:308,0
DA:309,0
DA:311,0
DA:312,0
DA:314,0
DA:319,0
DA:320,0
DA:322,0
DA:323,0
DA:326,0
DA:327,0
DA:330,0
DA:331,0
DA:334,0
DA:335,0
DA:338,0
DA:339,0
DA:342,0
DA:343,0
DA:347,0
DA:348,0
DA:349,0
DA:352,0
DA:353,0
DA:355,0
DA:368,0
DA:369,0
DA:372,0
DA:384,0
DA:385,0
DA:388,0
DA:389,0
DA:391,0
DA:393,0
DA:394,0
DA:396,0
DA:401,0
DA:402,0
DA:405,0
DA:406,0
DA:407,0
DA:409,0
DA:411,0
DA:415,0
DA:440,0
DA:473,0
DA:496,0
DA:511,0
DA:516,0
DA:532,0
DA:537,0
DA:553,0
DA:571,0
DA:583,0
LF:185
LH:0
BRDA:89,0,0,0
BRDA:89,0,1,0
BRDA:112,1,0,0
BRDA:112,1,1,0
BRDA:123,2,0,0
BRDA:123,2,1,0
BRDA:130,3,0,0
BRDA:130,3,1,0
BRDA:138,4,0,0
BRDA:138,4,1,0
BRDA:143,5,0,0
BRDA:143,5,1,0
BRDA:148,6,0,0
BRDA:148,6,1,0
BRDA:157,7,0,0
BRDA:157,7,1,0
BRDA:159,8,0,0
BRDA:159,8,1,0
BRDA:163,9,0,0
BRDA:163,9,1,0
BRDA:174,10,0,0
BRDA:174,10,1,0
BRDA:176,11,0,0
BRDA:176,11,1,0
BRDA:179,12,0,0
BRDA:179,12,1,0
BRDA:190,13,0,0
BRDA:190,13,1,0
BRDA:199,14,0,0
BRDA:199,14,1,0
BRDA:199,14,2,0
BRDA:199,14,3,0
BRDA:199,14,4,0
BRDA:199,14,5,0
BRDA:199,14,6,0
BRDA:227,15,0,0
BRDA:227,15,1,0
BRDA:245,16,0,0
BRDA:245,16,1,0
BRDA:272,17,0,0
BRDA:272,17,1,0
BRDA:285,18,0,0
BRDA:285,18,1,0
BRDA:287,19,0,0
BRDA:287,19,1,0
BRDA:297,20,0,0
BRDA:297,20,1,0
BRDA:312,21,0,0
BRDA:312,21,1,0
BRDA:322,22,0,0
BRDA:322,22,1,0
BRDA:326,23,0,0
BRDA:326,23,1,0
BRDA:330,24,0,0
BRDA:330,24,1,0
BRDA:334,25,0,0
BRDA:334,25,1,0
BRDA:338,26,0,0
BRDA:338,26,1,0
BRDA:338,27,0,0
BRDA:338,27,1,0
BRDA:338,27,2,0
BRDA:348,28,0,0
BRDA:348,28,1,0
BRDA:359,29,0,0
BRDA:359,29,1,0
BRDA:362,30,0,0
BRDA:362,30,1,0
BRDA:364,31,0,0
BRDA:364,31,1,0
BRDA:394,32,0,0
BRDA:394,32,1,0
BRDA:415,33,0,0
BRDA:415,33,1,0
BRDA:415,34,0,0
BRDA:415,34,1,0
BRDA:461,35,0,0
BRDA:522,36,0,0
BRDA:522,36,1,0
BRDA:524,37,0,0
BRDA:524,37,1,0
BRDA:546,38,0,0
BRDA:561,39,0,0
BRDA:561,39,1,0
BRDA:563,40,0,0
BRDA:563,40,1,0
BRF:86
BRH:0
end_of_record
TN:
SF:src/app/monitoring/page.tsx
FN:71,MonitoringPage
FN:79,(anonymous_5)
FN:98,(anonymous_6)
FN:103,(anonymous_7)
FN:106,(anonymous_8)
FN:119,(anonymous_9)
FN:160,(anonymous_10)
FN:176,(anonymous_11)
FN:359,(anonymous_12)
FN:386,(anonymous_13)
FN:515,(anonymous_14)
FNF:11
FNH:0
FNDA:0,MonitoringPage
FNDA:0,(anonymous_5)
FNDA:0,(anonymous_6)
FNDA:0,(anonymous_7)
FNDA:0,(anonymous_8)
FNDA:0,(anonymous_9)
FNDA:0,(anonymous_10)
FNDA:0,(anonymous_11)
FNDA:0,(anonymous_12)
FNDA:0,(anonymous_13)
FNDA:0,(anonymous_14)
DA:14,0
DA:34,0
DA:35,0
DA:36,0
DA:37,0
DA:38,0
DA:39,0
DA:40,0
DA:71,0
DA:72,0
DA:73,0
DA:74,0
DA:75,0
DA:76,0
DA:77,0
DA:79,0
DA:80,0
DA:81,0
DA:82,0
DA:88,0
DA:89,0
DA:90,0
DA:92,0
DA:94,0
DA:98,0
DA:99,0
DA:102,0
DA:103,0
DA:106,0
DA:107,0
DA:109,0
DA:111,0
DA:113,0
DA:115,0
DA:119,0
DA:120,0
DA:121,0
DA:122,0
DA:124,0
DA:125,0
DA:126,0
DA:127,0
DA:129,0
DA:133,0
DA:160,0
DA:176,0
DA:360,0
DA:387,0
DA:516,0
LF:49
LH:0
BRDA:107,0,0,0
BRDA:107,0,1,0
BRDA:107,0,2,0
BRDA:107,0,3,0
BRDA:124,1,0,0
BRDA:124,1,1,0
BRDA:126,2,0,0
BRDA:126,2,1,0
BRDA:133,3,0,0
BRDA:133,3,1,0
BRDA:133,4,0,0
BRDA:133,4,1,0
BRDA:188,5,0,0
BRDA:188,5,1,0
BRDA:201,6,0,0
BRDA:201,6,1,0
BRDA:211,7,0,0
BRDA:239,8,0,0
BRDA:239,8,1,0
BRDA:256,9,0,0
BRDA:256,9,1,0
BRDA:262,10,0,0
BRDA:262,10,1,0
BRDA:273,11,0,0
BRDA:273,11,1,0
BRDA:304,12,0,0
BRDA:317,13,0,0
BRDA:317,13,1,0
BRDA:327,14,0,0
BRDA:327,14,1,0
BRDA:337,15,0,0
BRDA:337,15,1,0
BRDA:352,16,0,0
BRDA:352,16,1,0
BRDA:377,17,0,0
BRDA:377,17,1,0
BRDA:429,18,0,0
BRDA:442,19,0,0
BRDA:442,19,1,0
BRDA:452,20,0,0
BRDA:452,20,1,0
BRDA:462,21,0,0
BRDA:462,21,1,0
BRDA:472,22,0,0
BRDA:472,22,1,0
BRDA:486,23,0,0
BRDA:506,24,0,0
BRDA:506,24,1,0
BRDA:528,25,0,0
BRDA:528,25,1,0
BRDA:530,26,0,0
BRDA:530,26,1,0
BRDA:573,27,0,0
BRF:53
BRH:0
end_of_record
TN:
SF:src/app/optimization/page.tsx
FN:19,(anonymous_5)
FN:19,(anonymous_6)
FN:22,(anonymous_8)
FN:22,(anonymous_9)
FN:26,(anonymous_11)
FN:26,(anonymous_12)
FN:30,OptimizationPage
FN:37,(anonymous_15)
FN:49,(anonymous_16)
FN:53,(anonymous_17)
FN:58,(anonymous_18)
FN:76,(anonymous_19)
FN:112,(anonymous_20)
FN:121,(anonymous_21)
FNF:14
FNH:0
FNDA:0,(anonymous_5)
FNDA:0,(anonymous_6)
FNDA:0,(anonymous_8)
FNDA:0,(anonymous_9)
FNDA:0,(anonymous_11)
FNDA:0,(anonymous_12)
FNDA:0,OptimizationPage
FNDA:0,(anonymous_15)
FNDA:0,(anonymous_16)
FNDA:0,(anonymous_17)
FNDA:0,(anonymous_18)
FNDA:0,(anonymous_19)
FNDA:0,(anonymous_20)
FNDA:0,(anonymous_21)
DA:13,0
DA:14,0
DA:15,0
DA:16,0
DA:17,0
DA:19,0
DA:22,0
DA:26,0
DA:31,0
DA:32,0
DA:33,0
DA:34,0
DA:37,0
DA:38,0
DA:39,0
DA:40,0
DA:41,0
DA:43,0
DA:45,0
DA:49,0
DA:50,0
DA:53,0
DA:54,0
DA:55,0
DA:58,0
DA:59,0
DA:60,0
DA:76,0
DA:112,0
DA:121,0
LF:30
LH:0
BRDA:81,0,0,0
BRDA:85,1,0,0
BRDA:89,2,0,0
BRDA:101,3,0,0
BRDA:109,4,0,0
BRDA:109,4,1,0
BRF:6
BRH:0
end_of_record
TN:
SF:src/app/predictions/page.tsx
FN:70,PredictionsPage
FN:82,(anonymous_5)
FN:86,(anonymous_6)
FN:99,(anonymous_7)
FN:107,(anonymous_8)
FN:108,(anonymous_9)
FN:143,(anonymous_10)
FN:165,(anonymous_11)
FN:172,(anonymous_12)
FN:198,(anonymous_13)
FN:200,(anonymous_14)
FN:214,(anonymous_15)
FN:224,(anonymous_16)
FN:239,(anonymous_17)
FN:254,(anonymous_18)
FN:303,(anonymous_19)
FNF:16
FNH:0
FNDA:0,PredictionsPage
FNDA:0,(anonymous_5)
FNDA:0,(anonymous_6)
FNDA:0,(anonymous_7)
FNDA:0,(anonymous_8)
FNDA:0,(anonymous_9)
FNDA:0,(anonymous_10)
FNDA:0,(anonymous_11)
FNDA:0,(anonymous_12)
FNDA:0,(anonymous_13)
FNDA:0,(anonymous_14)
FNDA:0,(anonymous_15)
FNDA:0,(anonymous_16)
FNDA:0,(anonymous_17)
FNDA:0,(anonymous_18)
FNDA:0,(anonymous_19)
DA:12,0
DA:38,0
DA:47,0
DA:48,0
DA:49,0
DA:51,0
DA:70,0
DA:71,0
DA:72,0
DA:73,0
DA:74,0
DA:75,0
DA:76,0
DA:77,0
DA:78,0
DA:79,0
DA:82,0
DA:83,0
DA:86,0
DA:87,0
DA:88,0
DA:89,0
DA:90,0
DA:92,0
DA:94,0
DA:99,0
DA:100,0
DA:101,0
DA:102,0
DA:105,0
DA:107,0
DA:108,0
DA:110,0
DA:111,0
DA:112,0
DA:115,0
DA:116,0
DA:118,0
DA:119,0
DA:126,0
DA:129,0
DA:130,0
DA:131,0
DA:132,0
DA:135,0
DA:136,0
DA:138,0
DA:143,0
DA:144,0
DA:145,0
DA:150,0
DA:151,0
DA:157,0
DA:165,0
DA:166,0
DA:167,0
DA:168,0
DA:172,0
DA:173,0
DA:176,0
DA:198,0
DA:201,0
DA:214,0
DA:224,0
DA:239,0
DA:254,0
DA:304,0
DA:305,0
LF:68
LH:0
BRDA:90,0,0,0
BRDA:90,0,1,0
BRDA:100,1,0,0
BRDA:100,1,1,0
BRDA:110,2,0,0
BRDA:110,2,1,0
BRDA:129,3,0,0
BRDA:129,3,1,0
BRDA:129,4,0,0
BRDA:129,4,1,0
BRDA:131,5,0,0
BRDA:131,5,1,0
BRDA:135,6,0,0
BRDA:135,6,1,0
BRDA:144,7,0,0
BRDA:144,7,1,0
BRDA:150,8,0,0
BRDA:150,8,1,0
BRDA:166,9,0,0
BRDA:166,9,1,0
BRDA:167,10,0,0
BRDA:167,10,1,0
BRDA:176,11,0,0
BRDA:176,11,1,0
BRDA:253,12,0,0
BRDA:264,13,0,0
BRDA:264,13,1,0
BRDA:265,14,0,0
BRDA:267,15,0,0
BRDA:267,15,1,0
BRDA:274,16,0,0
BRDA:325,17,0,0
BRDA:325,17,1,0
BRDA:328,18,0,0
BRDA:328,18,1,0
BRDA:333,19,0,0
BRDA:333,19,1,0
BRDA:367,20,0,0
BRDA:367,20,1,0
BRDA:372,21,0,0
BRDA:372,21,1,0
BRDA:377,22,0,0
BRDA:377,22,1,0
BRDA:387,23,0,0
BRDA:385,24,0,0
BRDA:385,24,1,0
BRDA:414,25,0,0
BRDA:414,25,1,0
BRF:48
BRH:0
end_of_record
TN:
SF:src/app/settings/page.tsx
FN:33,TabPanel
FN:48,SettingsPage
FN:91,(anonymous_6)
FN:95,(anonymous_7)
FN:99,(anonymous_8)
FN:103,(anonymous_9)
FN:106,(anonymous_10)
FN:115,(anonymous_11)
FN:118,(anonymous_12)
FN:127,(anonymous_13)
FN:130,(anonymous_14)
FN:139,(anonymous_15)
FN:142,(anonymous_16)
FN:151,(anonymous_17)
FN:201,(anonymous_18)
FN:210,(anonymous_19)
FN:223,(anonymous_20)
FN:237,(anonymous_21)
FN:277,(anonymous_22)
FN:290,(anonymous_23)
FN:300,(anonymous_24)
FN:317,(anonymous_25)
FN:335,(anonymous_26)
FN:369,(anonymous_27)
FN:387,(anonymous_28)
FN:399,(anonymous_29)
FN:414,(anonymous_30)
FN:429,(anonymous_31)
FN:471,(anonymous_32)
FN:482,(anonymous_33)
FN:493,(anonymous_34)
FN:509,(anonymous_35)
FNF:32
FNH:0
FNDA:0,TabPanel
FNDA:0,SettingsPage
FNDA:0,(anonymous_6)
FNDA:0,(anonymous_7)
FNDA:0,(anonymous_8)
FNDA:0,(anonymous_9)
FNDA:0,(anonymous_10)
FNDA:0,(anonymous_11)
FNDA:0,(anonymous_12)
FNDA:0,(anonymous_13)
FNDA:0,(anonymous_14)
FNDA:0,(anonymous_15)
FNDA:0,(anonymous_16)
FNDA:0,(anonymous_17)
FNDA:0,(anonymous_18)
FNDA:0,(anonymous_19)
FNDA:0,(anonymous_20)
FNDA:0,(anonymous_21)
FNDA:0,(anonymous_22)
FNDA:0,(anonymous_23)
FNDA:0,(anonymous_24)
FNDA:0,(anonymous_25)
FNDA:0,(anonymous_26)
FNDA:0,(anonymous_27)
FNDA:0,(anonymous_28)
FNDA:0,(anonymous_29)
FNDA:0,(anonymous_30)
FNDA:0,(anonymous_31)
FNDA:0,(anonymous_32)
FNDA:0,(anonymous_33)
FNDA:0,(anonymous_34)
FNDA:0,(anonymous_35)
DA:3,0
DA:24,0
DA:25,0
DA:34,0
DA:48,0
DA:49,0
DA:50,0
DA:51,0
DA:58,0
DA:66,0
DA:75,0
DA:84,0
DA:91,0
DA:92,0
DA:95,0
DA:96,0
DA:99,0
DA:100,0
DA:103,0
DA:104,0
DA:105,0
DA:106,0
DA:107,0
DA:109,0
DA:111,0
DA:115,0
DA:116,0
DA:117,0
DA:118,0
DA:119,0
DA:121,0
DA:123,0
DA:127,0
DA:128,0
DA:129,0
DA:130,0
DA:131,0
DA:133,0
DA:135,0
DA:139,0
DA:140,0
DA:141,0
DA:142,0
DA:143,0
DA:145,0
DA:147,0
DA:151,0
DA:152,0
DA:153,0
DA:154,0
DA:155,0
DA:156,0
DA:158,0
DA:161,0
DA:163,0
DA:201,0
DA:210,0
DA:223,0
DA:237,0
DA:277,0
DA:290,0
DA:300,0
DA:317,0
DA:335,0
DA:369,0
DA:387,0
DA:399,0
DA:414,0
DA:429,0
DA:471,0
DA:482,0
DA:493,0
DA:509,0
LF:73
LH:0
BRDA:43,0,0,0
BRDA:155,1,0,0
BRDA:155,1,1,0
BRDA:329,2,0,0
BRDA:380,3,0,0
BRF:5
BRH:0
end_of_record
TN:
SF:src/app/signals/page.tsx
FN:46,SignalsPage
FN:95,(anonymous_6)
FN:103,(anonymous_7)
FN:114,(anonymous_8)
FN:115,(anonymous_9)
FN:132,(anonymous_10)
FN:139,(anonymous_11)
FN:144,(anonymous_12)
FN:145,(anonymous_13)
FN:152,(anonymous_14)
FN:152,(anonymous_15)
FN:156,(anonymous_16)
FN:160,(anonymous_17)
FN:162,(anonymous_18)
FN:170,(anonymous_19)
FN:191,(anonymous_20)
FN:193,(anonymous_21)
FN:199,(anonymous_22)
FN:207,(anonymous_23)
FN:216,(anonymous_24)
FN:222,(anonymous_25)
FN:223,(anonymous_26)
FN:244,(anonymous_27)
FN:248,(anonymous_28)
FN:257,(anonymous_29)
FN:272,(anonymous_30)
FN:299,(anonymous_31)
FN:369,(anonymous_32)
FN:373,(anonymous_33)
FN:379,(anonymous_34)
FN:389,(anonymous_35)
FN:395,(anonymous_36)
FN:436,(anonymous_37)
FN:440,(anonymous_38)
FN:464,(anonymous_39)
FN:482,(anonymous_40)
FN:487,(anonymous_41)
FN:502,(anonymous_42)
FN:516,(anonymous_43)
FN:525,(anonymous_44)
FN:538,(anonymous_45)
FN:547,(anonymous_46)
FN:566,(anonymous_47)
FN:570,(anonymous_48)
FN:586,(anonymous_49)
FN:595,(anonymous_50)
FN:606,(anonymous_51)
FN:630,(anonymous_52)
FN:643,(anonymous_53)
FN:651,(anonymous_54)
FN:670,(anonymous_55)
FN:676,(anonymous_56)
FN:689,(anonymous_57)
FN:718,(anonymous_58)
FN:721,(anonymous_59)
FN:723,(anonymous_60)
FN:732,(anonymous_61)
FN:755,(anonymous_62)
FN:790,(anonymous_63)
FN:795,(anonymous_64)
FN:798,(anonymous_65)
FN:836,(anonymous_66)
FN:839,(anonymous_67)
FN:885,(anonymous_68)
FN:887,(anonymous_69)
FNF:65
FNH:0
FNDA:0,SignalsPage
FNDA:0,(anonymous_6)
FNDA:0,(anonymous_7)
FNDA:0,(anonymous_8)
FNDA:0,(anonymous_9)
FNDA:0,(anonymous_10)
FNDA:0,(anonymous_11)
FNDA:0,(anonymous_12)
FNDA:0,(anonymous_13)
FNDA:0,(anonymous_14)
FNDA:0,(anonymous_15)
FNDA:0,(anonymous_16)
FNDA:0,(anonymous_17)
FNDA:0,(anonymous_18)
FNDA:0,(anonymous_19)
FNDA:0,(anonymous_20)
FNDA:0,(anonymous_21)
FNDA:0,(anonymous_22)
FNDA:0,(anonymous_23)
FNDA:0,(anonymous_24)
FNDA:0,(anonymous_25)
FNDA:0,(anonymous_26)
FNDA:0,(anonymous_27)
FNDA:0,(anonymous_28)
FNDA:0,(anonymous_29)
FNDA:0,(anonymous_30)
FNDA:0,(anonymous_31)
FNDA:0,(anonymous_32)
FNDA:0,(anonymous_33)
FNDA:0,(anonymous_34)
FNDA:0,(anonymous_35)
FNDA:0,(anonymous_36)
FNDA:0,(anonymous_37)
FNDA:0,(anonymous_38)
FNDA:0,(anonymous_39)
FNDA:0,(anonymous_40)
FNDA:0,(anonymous_41)
FNDA:0,(anonymous_42)
FNDA:0,(anonymous_43)
FNDA:0,(anonymous_44)
FNDA:0,(anonymous_45)
FNDA:0,(anonymous_46)
FNDA:0,(anonymous_47)
FNDA:0,(anonymous_48)
FNDA:0,(anonymous_49)
FNDA:0,(anonymous_50)
FNDA:0,(anonymous_51)
FNDA:0,(anonymous_52)
FNDA:0,(anonymous_53)
FNDA:0,(anonymous_54)
FNDA:0,(anonymous_55)
FNDA:0,(anonymous_56)
FNDA:0,(anonymous_57)
FNDA:0,(anonymous_58)
FNDA:0,(anonymous_59)
FNDA:0,(anonymous_60)
FNDA:0,(anonymous_61)
FNDA:0,(anonymous_62)
FNDA:0,(anonymous_63)
FNDA:0,(anonymous_64)
FNDA:0,(anonymous_65)
FNDA:0,(anonymous_66)
FNDA:0,(anonymous_67)
FNDA:0,(anonymous_68)
FNDA:0,(anonymous_69)
DA:3,0
DA:27,0
DA:33,0
DA:34,0
DA:38,0
DA:42,0
DA:43,0
DA:44,0
DA:46,0
DA:47,0
DA:55,0
DA:56,0
DA:57,0
DA:58,0
DA:62,0
DA:63,0
DA:64,0
DA:65,0
DA:66,0
DA:67,0
DA:68,0
DA:70,0
DA:71,0
DA:72,0
DA:74,0
DA:75,0
DA:77,0
DA:78,0
DA:79,0
DA:82,0
DA:83,0
DA:84,0
DA:86,0
DA:87,0
DA:88,0
DA:89,0
DA:90,0
DA:93,0
DA:95,0
DA:96,0
DA:97,0
DA:99,0
DA:103,0
DA:113,0
DA:114,0
DA:115,0
DA:116,0
DA:128,0
DA:132,0
DA:133,0
DA:134,0
DA:135,0
DA:136,0
DA:139,0
DA:140,0
DA:141,0
DA:144,0
DA:145,0
DA:146,0
DA:147,0
DA:149,0
DA:151,0
DA:152,0
DA:156,0
DA:157,0
DA:158,0
DA:160,0
DA:161,0
DA:162,0
DA:163,0
DA:165,0
DA:166,0
DA:170,0
DA:171,0
DA:172,0
DA:174,0
DA:175,0
DA:177,0
DA:178,0
DA:179,0
DA:180,0
DA:182,0
DA:183,0
DA:186,0
DA:191,0
DA:192,0
DA:193,0
DA:194,0
DA:195,0
DA:196,0
DA:197,0
DA:199,0
DA:205,0
DA:206,0
DA:207,0
DA:210,0
DA:211,0
DA:213,0
DA:216,0
DA:217,0
DA:222,0
DA:223,0
DA:224,0
DA:225,0
DA:226,0
DA:227,0
DA:229,0
DA:230,0
DA:231,0
DA:232,0
DA:234,0
DA:235,0
DA:237,0
DA:241,0
DA:244,0
DA:245,0
DA:248,0
DA:249,0
DA:250,0
DA:251,0
DA:253,0
DA:254,0
DA:255,0
DA:256,0
DA:257,0
DA:258,0
DA:259,0
DA:272,0
DA:284,0
DA:291,0
DA:299,0
DA:311,0
DA:318,0
DA:319,0
DA:320,0
DA:321,0
DA:322,0
DA:324,0
DA:325,0
DA:326,0
DA:327,0
DA:328,0
DA:329,0
DA:331,0
DA:336,0
DA:338,0
DA:342,0
DA:343,0
DA:344,0
DA:345,0
DA:346,0
DA:349,0
DA:350,0
DA:351,0
DA:352,0
DA:353,0
DA:354,0
DA:356,0
DA:357,0
DA:358,0
DA:359,0
DA:360,0
DA:363,0
DA:365,0
DA:369,0
DA:370,0
DA:371,0
DA:372,0
DA:373,0
DA:375,0
DA:379,0
DA:380,0
DA:381,0
DA:382,0
DA:383,0
DA:384,0
DA:385,0
DA:389,0
DA:391,0
DA:395,0
DA:396,0
DA:397,0
DA:398,0
DA:399,0
DA:400,0
DA:401,0
DA:402,0
DA:403,0
DA:404,0
DA:415,0
DA:416,0
DA:418,0
DA:424,0
DA:427,0
DA:430,0
DA:432,0
DA:436,0
DA:437,0
DA:438,0
DA:440,0
DA:441,0
DA:465,0
DA:466,0
DA:467,0
DA:483,0
DA:484,0
DA:488,0
DA:503,0
DA:504,0
DA:516,0
DA:526,0
DA:527,0
DA:528,0
DA:538,0
DA:547,0
DA:567,0
DA:570,0
DA:587,0
DA:588,0
DA:589,0
DA:590,0
DA:596,0
DA:606,0
DA:630,0
DA:643,0
DA:651,0
DA:670,0
DA:677,0
DA:678,0
DA:680,0
DA:681,0
DA:690,0
DA:691,0
DA:693,0
DA:694,0
DA:720,0
DA:721,0
DA:726,0
DA:728,0
DA:729,0
DA:732,0
DA:733,0
DA:756,0
DA:757,0
DA:791,0
DA:795,0
DA:799,0
DA:800,0
DA:801,0
DA:803,0
DA:804,0
DA:807,0
DA:836,0
DA:839,0
DA:886,0
DA:887,0
DA:888,0
LF:257
LH:0
BRDA:96,0,0,0
BRDA:96,0,1,0
BRDA:99,1,0,0
BRDA:99,1,1,0
BRDA:114,2,0,0
BRDA:114,2,1,0
BRDA:146,3,0,0
BRDA:146,3,1,0
BRDA:147,4,0,0
BRDA:147,4,1,0
BRDA:157,5,0,0
BRDA:157,5,1,0
BRDA:161,6,0,0
BRDA:161,6,1,0
BRDA:165,7,0,0
BRDA:165,7,1,0
BRDA:171,8,0,0
BRDA:171,8,1,0
BRDA:174,9,0,0
BRDA:174,9,1,0
BRDA:174,10,0,0
BRDA:174,10,1,0
BRDA:177,11,0,0
BRDA:177,11,1,0
BRDA:179,12,0,0
BRDA:179,12,1,0
BRDA:179,13,0,0
BRDA:179,13,1,0
BRDA:182,14,0,0
BRDA:182,14,1,0
BRDA:182,15,0,0
BRDA:182,15,1,0
BRDA:196,16,0,0
BRDA:196,16,1,0
BRDA:201,17,0,0
BRDA:201,17,1,0
BRDA:202,18,0,0
BRDA:202,18,1,0
BRDA:202,18,2,0
BRDA:202,18,3,0
BRDA:206,19,0,0
BRDA:206,19,1,0
BRDA:207,20,0,0
BRDA:207,20,1,0
BRDA:210,21,0,0
BRDA:210,21,1,0
BRDA:213,22,0,0
BRDA:213,22,1,0
BRDA:224,23,0,0
BRDA:224,23,1,0
BRDA:225,24,0,0
BRDA:225,24,1,0
BRDA:249,25,0,0
BRDA:249,25,1,0
BRDA:250,26,0,0
BRDA:250,26,1,0
BRDA:258,27,0,0
BRDA:258,27,1,0
BRDA:261,28,0,0
BRDA:261,28,1,0
BRDA:272,29,0,0
BRDA:272,29,1,0
BRDA:286,30,0,0
BRDA:286,30,1,0
BRDA:287,31,0,0
BRDA:287,31,1,0
BRDA:299,32,0,0
BRDA:299,32,1,0
BRDA:313,33,0,0
BRDA:313,33,1,0
BRDA:314,34,0,0
BRDA:314,34,1,0
BRDA:318,35,0,0
BRDA:318,35,1,0
BRDA:327,36,0,0
BRDA:327,36,1,0
BRDA:327,36,2,0
BRDA:331,37,0,0
BRDA:331,37,1,0
BRDA:332,38,0,0
BRDA:332,38,1,0
BRDA:332,38,2,0
BRDA:349,39,0,0
BRDA:349,39,1,0
BRDA:363,40,0,0
BRDA:363,40,1,0
BRDA:372,41,0,0
BRDA:372,41,1,0
BRDA:382,42,0,0
BRDA:382,42,1,0
BRDA:383,43,0,0
BRDA:383,43,1,0
BRDA:384,44,0,0
BRDA:384,44,1,0
BRDA:403,45,0,0
BRDA:403,45,1,0
BRDA:407,46,0,0
BRDA:407,46,1,0
BRDA:415,47,0,0
BRDA:415,47,1,0
BRDA:425,48,0,0
BRDA:425,48,1,0
BRDA:430,49,0,0
BRDA:430,49,1,0
BRDA:437,50,0,0
BRDA:437,50,1,0
BRDA:441,51,0,0
BRDA:441,51,1,0
BRDA:475,52,0,0
BRDA:516,53,0,0
BRDA:516,53,1,0
BRDA:526,54,0,0
BRDA:526,54,1,0
BRDA:548,55,0,0
BRDA:548,55,1,0
BRDA:550,56,0,0
BRDA:550,56,1,0
BRDA:555,57,0,0
BRDA:555,58,0,0
BRDA:555,58,1,0
BRDA:562,59,0,0
BRDA:562,59,1,0
BRDA:562,60,0,0
BRDA:562,60,1,0
BRDA:581,61,0,0
BRDA:581,61,1,0
BRDA:589,62,0,0
BRDA:589,62,1,0
BRDA:605,63,0,0
BRDA:605,63,1,0
BRDA:657,64,0,0
BRDA:670,65,0,0
BRDA:670,65,1,0
BRDA:675,66,0,0
BRDA:675,66,1,0
BRDA:675,66,2,0
BRDA:677,67,0,0
BRDA:677,67,1,0
BRDA:688,68,0,0
BRDA:688,68,1,0
BRDA:688,68,2,0
BRDA:690,69,0,0
BRDA:690,69,1,0
BRDA:704,70,0,0
BRDA:704,70,1,0
BRDA:711,71,0,0
BRDA:711,71,1,0
BRDA:721,72,0,0
BRDA:721,72,1,0
BRDA:728,73,0,0
BRDA:728,73,1,0
BRDA:737,74,0,0
BRDA:737,74,1,0
BRDA:739,75,0,0
BRDA:739,75,1,0
BRDA:740,76,0,0
BRDA:740,76,1,0
BRDA:762,77,0,0
BRDA:762,77,1,0
BRDA:773,78,0,0
BRDA:773,78,1,0
BRDA:781,79,0,0
BRDA:781,79,1,0
BRDA:799,80,0,0
BRDA:799,80,1,0
BRDA:800,81,0,0
BRDA:800,81,1,0
BRDA:803,82,0,0
BRDA:803,82,1,0
BRDA:805,83,0,0
BRDA:805,83,1,0
BRDA:812,84,0,0
BRDA:812,84,1,0
BRDA:826,85,0,0
BRDA:839,86,0,0
BRDA:839,86,1,0
BRDA:844,87,0,0
BRDA:851,88,0,0
BRDA:855,89,0,0
BRDA:886,90,0,0
BRDA:886,90,1,0
BRDA:892,91,0,0
BRDA:892,91,1,0
BRDA:895,92,0,0
BRDA:895,92,1,0
BRDA:896,93,0,0
BRDA:896,93,1,0
BRF:187
BRH:0
end_of_record
TN:
SF:src/app/tasks/page.tsx
FN:51,TasksPage
FN:82,(anonymous_5)
FN:96,(anonymous_6)
FN:110,(anonymous_7)
FN:111,(anonymous_8)
FN:112,(anonymous_9)
FN:118,(anonymous_10)
FN:124,(anonymous_11)
FN:128,(anonymous_12)
FN:129,(anonymous_13)
FN:130,(anonymous_14)
FN:136,(anonymous_15)
FN:137,(anonymous_16)
FN:144,(anonymous_17)
FN:154,(anonymous_18)
FN:166,(anonymous_19)
FN:174,(anonymous_20)
FN:190,(anonymous_21)
FN:196,(anonymous_22)
FN:203,(anonymous_23)
FN:208,(anonymous_24)
FN:213,(anonymous_25)
FN:218,(anonymous_26)
FN:244,(anonymous_27)
FN:263,(anonymous_28)
FN:274,(anonymous_29)
FN:379,(anonymous_30)
FN:391,(anonymous_31)
FN:406,(anonymous_32)
FN:433,(anonymous_33)
FN:437,(anonymous_34)
FN:441,(anonymous_35)
FN:464,(anonymous_36)
FN:469,(anonymous_37)
FN:508,(anonymous_38)
FN:517,(anonymous_39)
FN:528,(anonymous_40)
FN:537,(anonymous_41)
FN:548,(anonymous_42)
FN:581,(anonymous_43)
FN:609,(anonymous_44)
FN:622,(anonymous_45)
FN:637,(anonymous_46)
FN:643,(anonymous_47)
FNF:44
FNH:0
FNDA:0,TasksPage
FNDA:0,(anonymous_5)
FNDA:0,(anonymous_6)
FNDA:0,(anonymous_7)
FNDA:0,(anonymous_8)
FNDA:0,(anonymous_9)
FNDA:0,(anonymous_10)
FNDA:0,(anonymous_11)
FNDA:0,(anonymous_12)
FNDA:0,(anonymous_13)
FNDA:0,(anonymous_14)
FNDA:0,(anonymous_15)
FNDA:0,(anonymous_16)
FNDA:0,(anonymous_17)
FNDA:0,(anonymous_18)
FNDA:0,(anonymous_19)
FNDA:0,(anonymous_20)
FNDA:0,(anonymous_21)
FNDA:0,(anonymous_22)
FNDA:0,(anonymous_23)
FNDA:0,(anonymous_24)
FNDA:0,(anonymous_25)
FNDA:0,(anonymous_26)
FNDA:0,(anonymous_27)
FNDA:0,(anonymous_28)
FNDA:0,(anonymous_29)
FNDA:0,(anonymous_30)
FNDA:0,(anonymous_31)
FNDA:0,(anonymous_32)
FNDA:0,(anonymous_33)
FNDA:0,(anonymous_34)
FNDA:0,(anonymous_35)
FNDA:0,(anonymous_36)
FNDA:0,(anonymous_37)
FNDA:0,(anonymous_38)
FNDA:0,(anonymous_39)
FNDA:0,(anonymous_40)
FNDA:0,(anonymous_41)
FNDA:0,(anonymous_42)
FNDA:0,(anonymous_43)
FNDA:0,(anonymous_44)
FNDA:0,(anonymous_45)
FNDA:0,(anonymous_46)
FNDA:0,(anonymous_47)
DA:13,0
DA:42,0
DA:43,0
DA:44,0
DA:45,0
DA:46,0
DA:47,0
DA:48,0
DA:49,0
DA:51,0
DA:52,0
DA:65,0
DA:67,0
DA:68,0
DA:69,0
DA:70,0
DA:76,0
DA:77,0
DA:78,0
DA:79,0
DA:82,0
DA:83,0
DA:84,0
DA:85,0
DA:86,0
DA:87,0
DA:89,0
DA:91,0
DA:96,0
DA:97,0
DA:98,0
DA:99,0
DA:106,0
DA:108,0
DA:110,0
DA:111,0
DA:112,0
DA:118,0
DA:119,0
DA:120,0
DA:124,0
DA:125,0
DA:126,0
DA:128,0
DA:129,0
DA:130,0
DA:136,0
DA:137,0
DA:138,0
DA:144,0
DA:145,0
DA:151,0
DA:154,0
DA:155,0
DA:159,0
DA:162,0
DA:163,0
DA:164,0
DA:166,0
DA:167,0
DA:168,0
DA:169,0
DA:174,0
DA:175,0
DA:185,0
DA:190,0
DA:191,0
DA:192,0
DA:196,0
DA:197,0
DA:198,0
DA:199,0
DA:203,0
DA:204,0
DA:208,0
DA:209,0
DA:213,0
DA:214,0
DA:218,0
DA:219,0
DA:220,0
DA:223,0
DA:224,0
DA:225,0
DA:226,0
DA:227,0
DA:228,0
DA:229,0
DA:230,0
DA:232,0
DA:233,0
DA:234,0
DA:237,0
DA:238,0
DA:244,0
DA:245,0
DA:246,0
DA:247,0
DA:250,0
DA:251,0
DA:252,0
DA:253,0
DA:254,0
DA:256,0
DA:258,0
DA:263,0
DA:264,0
DA:265,0
DA:266,0
DA:267,0
DA:269,0
DA:274,0
DA:275,0
DA:278,0
DA:379,0
DA:391,0
DA:406,0
DA:434,0
DA:438,0
DA:439,0
DA:442,0
DA:465,0
DA:469,0
DA:508,0
DA:518,0
DA:528,0
DA:538,0
DA:549,0
DA:550,0
DA:582,0
DA:583,0
DA:584,0
DA:609,0
DA:623,0
DA:624,0
DA:625,0
DA:637,0
DA:643,0
LF:138
LH:0
BRDA:82,0,0,0
BRDA:82,1,0,0
BRDA:82,2,0,0
BRDA:86,3,0,0
BRDA:86,3,1,0
BRDA:125,4,0,0
BRDA:125,4,1,0
BRDA:125,5,0,0
BRDA:125,5,1,0
BRDA:185,6,0,0
BRDA:185,6,1,0
BRDA:219,7,0,0
BRDA:219,7,1,0
BRDA:233,8,0,0
BRDA:233,8,1,0
BRDA:233,8,2,0
BRDA:237,9,0,0
BRDA:237,9,1,0
BRDA:237,10,0,0
BRDA:237,10,1,0
BRDA:246,11,0,0
BRDA:246,11,1,0
BRDA:278,12,0,0
BRDA:278,12,1,0
BRDA:278,13,0,0
BRDA:278,13,1,0
BRDA:374,14,0,0
BRDA:404,15,0,0
BRDA:404,15,1,0
BRDA:406,16,0,0
BRDA:406,16,1,0
BRDA:426,17,0,0
BRDA:426,17,1,0
BRDA:429,18,0,0
BRDA:429,18,1,0
BRDA:481,19,0,0
BRDA:481,19,1,0
BRDA:487,20,0,0
BRDA:487,20,1,0
BRDA:492,21,0,0
BRDA:495,22,0,0
BRDA:495,22,1,0
BRDA:496,23,0,0
BRDA:496,23,1,0
BRDA:513,24,0,0
BRDA:526,25,0,0
BRDA:565,26,0,0
BRDA:591,27,0,0
BRDA:631,28,0,0
BRDA:631,28,1,0
BRF:50
BRH:0
end_of_record
TN:
SF:src/app/tasks/[id]/TaskDetailActionPanel.tsx
FN:17,TaskDetailActionPanel
FNF:1
FNH:1
FNDA:4,TaskDetailActionPanel
DA:1,2
DA:2,2
DA:3,2
DA:17,4
LF:4
LH:4
BRDA:37,0,0,4
BRDA:48,1,0,4
BRF:2
BRH:2
end_of_record
TN:
SF:src/app/tasks/[id]/TaskDetailContent.tsx
FN:62,(anonymous_5)
FN:62,(anonymous_6)
FN:67,(anonymous_9)
FN:67,(anonymous_10)
FN:72,(anonymous_13)
FN:72,(anonymous_14)
FN:78,(anonymous_17)
FN:78,(anonymous_18)
FN:86,(anonymous_21)
FN:87,(anonymous_22)
FN:87,(anonymous_23)
FN:94,(anonymous_26)
FN:95,(anonymous_27)
FN:95,(anonymous_28)
FN:102,(anonymous_31)
FN:103,(anonymous_32)
FN:103,(anonymous_33)
FN:113,TaskDetailContent
FN:127,(anonymous_37)
FN:130,(anonymous_38)
FN:133,(anonymous_39)
FN:199,(anonymous_40)
FN:303,(anonymous_41)
FN:309,(anonymous_42)
FN:333,(anonymous_43)
FN:493,(anonymous_44)
FN:555,(anonymous_45)
FN:557,(anonymous_46)
FN:571,(anonymous_47)
FN:587,(anonymous_48)
FN:597,(anonymous_49)
FN:623,(anonymous_50)
FN:691,(anonymous_51)
FN:692,(anonymous_52)
FN:721,(anonymous_53)
FN:733,(anonymous_54)
FN:745,(anonymous_55)
FN:771,TabLabel
FN:780,EmptyState
FN:791,StatItem
FN:804,paginateStocks
FN:810,renderStockPagination
FN:836,(anonymous_61)
FN:836,(anonymous_62)
FN:848,(anonymous_63)
FN:848,(anonymous_64)
FN:856,renderPositionAnalysis
FN:911,renderNoDataState
FN:920,renderPerformanceMonitor
FN:1012,(anonymous_68)
FN:1050,(anonymous_69)
FN:1082,(anonymous_70)
FNF:52
FNH:0
FNDA:0,(anonymous_5)
FNDA:0,(anonymous_6)
FNDA:0,(anonymous_9)
FNDA:0,(anonymous_10)
FNDA:0,(anonymous_13)
FNDA:0,(anonymous_14)
FNDA:0,(anonymous_17)
FNDA:0,(anonymous_18)
FNDA:0,(anonymous_21)
FNDA:0,(anonymous_22)
FNDA:0,(anonymous_23)
FNDA:0,(anonymous_26)
FNDA:0,(anonymous_27)
FNDA:0,(anonymous_28)
FNDA:0,(anonymous_31)
FNDA:0,(anonymous_32)
FNDA:0,(anonymous_33)
FNDA:0,TaskDetailContent
FNDA:0,(anonymous_37)
FNDA:0,(anonymous_38)
FNDA:0,(anonymous_39)
FNDA:0,(anonymous_40)
FNDA:0,(anonymous_41)
FNDA:0,(anonymous_42)
FNDA:0,(anonymous_43)
FNDA:0,(anonymous_44)
FNDA:0,(anonymous_45)
FNDA:0,(anonymous_46)
FNDA:0,(anonymous_47)
FNDA:0,(anonymous_48)
FNDA:0,(anonymous_49)
FNDA:0,(anonymous_50)
FNDA:0,(anonymous_51)
FNDA:0,(anonymous_52)
FNDA:0,(anonymous_53)
FNDA:0,(anonymous_54)
FNDA:0,(anonymous_55)
FNDA:0,TabLabel
FNDA:0,EmptyState
FNDA:0,StatItem
FNDA:0,paginateStocks
FNDA:0,renderStockPagination
FNDA:0,(anonymous_61)
FNDA:0,(anonymous_62)
FNDA:0,(anonymous_63)
FNDA:0,(anonymous_64)
FNDA:0,renderPositionAnalysis
FNDA:0,renderNoDataState
FNDA:0,renderPerformanceMonitor
FNDA:0,(anonymous_68)
FNDA:0,(anonymous_69)
FNDA:0,(anonymous_70)
DA:3,0
DA:28,0
DA:45,0
DA:46,0
DA:48,0
DA:49,0
DA:50,0
DA:51,0
DA:52,0
DA:53,0
DA:59,0
DA:62,0
DA:67,0
DA:72,0
DA:78,0
DA:87,0
DA:95,0
DA:103,0
DA:113,0
DA:114,0
DA:116,0
DA:117,0
DA:128,0
DA:131,0
DA:134,0
DA:200,0
DA:201,0
DA:203,0
DA:210,0
DA:303,0
DA:309,0
DA:334,0
DA:494,0
DA:555,0
DA:558,0
DA:571,0
DA:587,0
DA:597,0
DA:624,0
DA:691,0
DA:692,0
DA:721,0
DA:733,0
DA:745,0
DA:805,0
DA:806,0
DA:807,0
DA:814,0
DA:815,0
DA:817,0
DA:818,0
DA:836,0
DA:848,0
DA:860,0
DA:861,0
DA:864,0
DA:865,0
DA:868,0
DA:869,0
DA:870,0
DA:873,0
DA:874,0
DA:875,0
DA:876,0
DA:885,0
DA:888,0
DA:889,0
DA:901,0
DA:902,0
DA:905,0
DA:908,0
DA:924,0
DA:925,0
DA:927,0
DA:936,0
DA:951,0
DA:952,0
DA:953,0
DA:954,0
DA:1013,0
DA:1051,0
DA:1083,0
LF:82
LH:0
BRDA:116,0,0,0
BRDA:116,0,1,0
BRDA:125,1,0,0
BRDA:123,2,0,0
BRDA:123,2,1,0
BRDA:123,2,2,0
BRDA:145,3,0,0
BRDA:145,3,1,0
BRDA:149,4,0,0
BRDA:149,4,1,0
BRDA:158,5,0,0
BRDA:163,6,0,0
BRDA:163,6,1,0
BRDA:194,7,0,0
BRDA:203,8,0,0
BRDA:203,8,1,0
BRDA:204,9,0,0
BRDA:204,9,1,0
BRDA:204,9,2,0
BRDA:204,9,3,0
BRDA:204,9,4,0
BRDA:229,10,0,0
BRDA:231,11,0,0
BRDA:258,12,0,0
BRDA:258,12,1,0
BRDA:258,12,2,0
BRDA:270,13,0,0
BRDA:290,14,0,0
BRDA:294,15,0,0
BRDA:294,15,1,0
BRDA:295,16,0,0
BRDA:295,16,1,0
BRDA:301,17,0,0
BRDA:307,18,0,0
BRDA:313,19,0,0
BRDA:319,20,0,0
BRDA:322,21,0,0
BRDA:342,22,0,0
BRDA:342,22,1,0
BRDA:346,23,0,0
BRDA:346,23,1,0
BRDA:367,24,0,0
BRDA:370,25,0,0
BRDA:382,26,0,0
BRDA:385,27,0,0
BRDA:398,28,0,0
BRDA:415,29,0,0
BRDA:420,30,0,0
BRDA:420,30,1,0
BRDA:421,31,0,0
BRDA:421,31,1,0
BRDA:450,32,0,0
BRDA:481,33,0,0
BRDA:480,34,0,0
BRDA:480,34,1,0
BRDA:535,35,0,0
BRDA:535,35,1,0
BRDA:553,36,0,0
BRDA:553,36,1,0
BRDA:576,37,0,0
BRDA:583,38,0,0
BRDA:583,38,1,0
BRDA:592,39,0,0
BRDA:592,39,1,0
BRDA:602,40,0,0
BRDA:602,40,1,0
BRDA:604,41,0,0
BRDA:604,41,1,0
BRDA:604,41,2,0
BRDA:609,42,0,0
BRDA:641,43,0,0
BRDA:641,43,1,0
BRDA:643,44,0,0
BRDA:643,44,1,0
BRDA:689,45,0,0
BRDA:697,46,0,0
BRDA:705,47,0,0
BRDA:705,47,1,0
BRDA:728,48,0,0
BRDA:740,49,0,0
BRDA:817,50,0,0
BRDA:817,50,1,0
BRDA:860,51,0,0
BRDA:860,51,1,0
BRDA:864,52,0,0
BRDA:864,52,1,0
BRDA:869,53,0,0
BRDA:869,53,1,0
BRDA:869,54,0,0
BRDA:869,54,1,0
BRDA:873,55,0,0
BRDA:873,55,1,0
BRDA:873,56,0,0
BRDA:873,56,1,0
BRDA:874,57,0,0
BRDA:874,57,1,0
BRDA:876,58,0,0
BRDA:876,58,1,0
BRDA:876,59,0,0
BRDA:876,59,1,0
BRDA:880,60,0,0
BRDA:880,60,1,0
BRDA:888,61,0,0
BRDA:888,61,1,0
BRDA:895,62,0,0
BRDA:895,62,1,0
BRDA:901,63,0,0
BRDA:901,63,1,0
BRDA:902,64,0,0
BRDA:902,64,1,0
BRDA:903,65,0,0
BRDA:903,65,1,0
BRDA:924,66,0,0
BRDA:924,66,1,0
BRDA:924,66,2,0
BRDA:927,67,0,0
BRDA:927,67,1,0
BRDA:936,68,0,0
BRDA:936,68,1,0
BRDA:951,69,0,0
BRDA:951,69,1,0
BRDA:952,70,0,0
BRDA:952,70,1,0
BRDA:953,71,0,0
BRDA:953,71,1,0
BRDA:954,72,0,0
BRDA:954,72,1,0
BRDA:973,73,0,0
BRDA:973,73,1,0
BRDA:981,74,0,0
BRDA:981,74,1,0
BRDA:982,75,0,0
BRDA:982,75,1,0
BRDA:990,76,0,0
BRDA:990,76,1,0
BRDA:1016,77,0,0
BRDA:1016,77,1,0
BRDA:1019,78,0,0
BRDA:1019,78,1,0
BRDA:1020,79,0,0
BRDA:1020,79,1,0
BRDA:1022,80,0,0
BRDA:1022,80,1,0
BRDA:1022,80,2,0
BRDA:1024,81,0,0
BRDA:1024,81,1,0
BRDA:1033,82,0,0
BRDA:1053,83,0,0
BRDA:1053,83,1,0
BRDA:1054,84,0,0
BRDA:1054,84,1,0
BRDA:1055,85,0,0
BRDA:1055,85,1,0
BRDA:1065,86,0,0
BRDA:1085,87,0,0
BRDA:1085,87,1,0
BRDA:1086,88,0,0
BRDA:1086,88,1,0
BRDA:1087,89,0,0
BRDA:1087,89,1,0
BRDA:1088,90,0,0
BRDA:1088,90,1,0
BRDA:1089,91,0,0
BRDA:1089,91,1,0
BRF:164
BRH:0
end_of_record
TN:
SF:src/app/tasks/[id]/TaskDetailPageView.tsx
FN:25,TaskDetailPageView
FN:76,(anonymous_3)
FN:77,(anonymous_4)
FN:78,(anonymous_5)
FN:129,(anonymous_6)
FN:142,(anonymous_7)
FN:152,(anonymous_8)
FNF:7
FNH:2
FNDA:3,TaskDetailPageView
FNDA:0,(anonymous_3)
FNDA:0,(anonymous_4)
FNDA:0,(anonymous_5)
FNDA:0,(anonymous_6)
FNDA:0,(anonymous_7)
FNDA:1,(anonymous_8)
DA:1,1
DA:11,1
DA:12,1
DA:14,1
DA:15,1
DA:16,1
DA:17,1
DA:18,1
DA:25,3
DA:26,3
DA:28,3
DA:32,3
DA:76,0
DA:77,0
DA:78,0
DA:129,0
DA:143,0
DA:144,0
DA:153,1
DA:154,1
LF:20
LH:14
BRDA:28,0,0,0
BRDA:28,0,1,3
BRDA:32,1,0,1
BRDA:32,1,1,2
BRDA:87,2,0,2
BRDA:111,3,0,2
BRDA:157,4,0,0
BRDA:157,4,1,2
BRF:8
BRH:6
end_of_record
TN:
SF:src/app/tasks/[id]/page.tsx
FN:8,TaskDetailPage
FNF:1
FNH:0
FNDA:0,TaskDetailPage
DA:3,0
DA:5,0
DA:6,0
DA:8,0
DA:9,0
LF:5
LH:0
BRF:0
BRH:0
end_of_record
TN:
SF:src/app/tasks/[id]/taskDetailUtils.tsx
FN:22,getStrategyConfig
FN:56,getStrategyDisplayName
FN:60,renderStrategyParameters
FN:91,(anonymous_11)
FN:179,(anonymous_12)
FN:191,getStatusChip
FN:206,getPredictionIcon
FN:216,getPredictionText
FNF:8
FNH:1
FNDA:0,getStrategyConfig
FNDA:0,getStrategyDisplayName
FNDA:0,renderStrategyParameters
FNDA:0,(anonymous_11)
FNDA:0,(anonymous_12)
FNDA:2,getStatusChip
FNDA:0,getPredictionIcon
FNDA:0,getPredictionText
DA:1,1
DA:2,1
DA:7,1
DA:16,1
DA:22,0
DA:23,0
DA:24,0
DA:27,0
DA:28,0
DA:30,0
DA:31,0
DA:34,0
DA:41,0
DA:49,0
DA:50,0
DA:53,0
DA:56,0
DA:57,0
DA:60,0
DA:61,0
DA:63,0
DA:69,0
DA:92,0
DA:180,0
DA:181,0
DA:183,0
DA:191,2
DA:192,2
DA:202,2
DA:206,0
DA:207,0
DA:210,0
DA:216,0
DA:217,0
DA:218,0
DA:220,0
DA:221,0
DA:223,0
LF:38
LH:7
BRDA:23,0,0,0
BRDA:23,0,1,0
BRDA:23,1,0,0
BRDA:23,1,1,0
BRDA:30,2,0,0
BRDA:30,2,1,0
BRDA:30,2,2,0
BRDA:34,3,0,0
BRDA:34,3,1,0
BRDA:34,3,2,0
BRDA:34,3,3,0
BRDA:34,3,4,0
BRDA:41,4,0,0
BRDA:41,4,1,0
BRDA:43,5,0,0
BRDA:43,5,1,0
BRDA:45,6,0,0
BRDA:45,6,1,0
BRDA:49,7,0,0
BRDA:49,7,1,0
BRDA:49,8,0,0
BRDA:49,8,1,0
BRDA:57,9,0,0
BRDA:57,9,1,0
BRDA:61,10,0,0
BRDA:61,10,1,0
BRDA:63,11,0,0
BRDA:63,11,1,0
BRDA:65,12,0,0
BRDA:65,12,1,0
BRDA:69,13,0,0
BRDA:69,13,1,0
BRDA:69,14,0,0
BRDA:69,14,1,0
BRDA:76,15,0,0
BRDA:76,15,1,0
BRDA:81,16,0,0
BRDA:81,16,1,0
BRDA:112,17,0,0
BRDA:112,17,1,0
BRDA:118,18,0,0
BRDA:118,18,1,0
BRDA:120,19,0,0
BRDA:120,19,1,0
BRDA:125,20,0,0
BRDA:124,21,0,0
BRDA:124,21,1,0
BRDA:93,22,0,0
BRDA:93,22,1,0
BRDA:180,23,0,0
BRDA:180,23,1,0
BRDA:180,24,0,0
BRDA:180,24,1,0
BRDA:202,25,0,2
BRDA:202,25,1,0
BRDA:207,26,0,0
BRDA:207,26,1,0
BRDA:210,27,0,0
BRDA:210,27,1,0
BRDA:217,28,0,0
BRDA:217,28,1,0
BRDA:220,29,0,0
BRDA:220,29,1,0
BRF:63
BRH:1
end_of_record
TN:
SF:src/app/tasks/[id]/useTaskDetailPage.ts
FN:25,useTaskDetailPage
FN:49,(anonymous_2)
FN:77,(anonymous_3)
FN:103,(anonymous_4)
FN:109,(anonymous_5)
FN:116,(anonymous_6)
FN:132,(anonymous_7)
FN:133,(anonymous_8)
FN:152,(anonymous_9)
FN:183,(anonymous_10)
FN:202,(anonymous_11)
FN:209,(anonymous_12)
FN:215,(anonymous_13)
FN:224,(anonymous_14)
FN:241,(anonymous_15)
FN:257,(anonymous_16)
FN:259,(anonymous_17)
FN:263,(anonymous_18)
FN:267,(anonymous_19)
FN:288,(anonymous_20)
FN:292,(anonymous_21)
FN:331,(anonymous_22)
FN:332,(anonymous_23)
FN:333,(anonymous_24)
FN:334,(anonymous_25)
FNF:25
FNH:0
FNDA:0,useTaskDetailPage
FNDA:0,(anonymous_2)
FNDA:0,(anonymous_3)
FNDA:0,(anonymous_4)
FNDA:0,(anonymous_5)
FNDA:0,(anonymous_6)
FNDA:0,(anonymous_7)
FNDA:0,(anonymous_8)
FNDA:0,(anonymous_9)
FNDA:0,(anonymous_10)
FNDA:0,(anonymous_11)
FNDA:0,(anonymous_12)
FNDA:0,(anonymous_13)
FNDA:0,(anonymous_14)
FNDA:0,(anonymous_15)
FNDA:0,(anonymous_16)
FNDA:0,(anonymous_17)
FNDA:0,(anonymous_18)
FNDA:0,(anonymous_19)
FNDA:0,(anonymous_20)
FNDA:0,(anonymous_21)
FNDA:0,(anonymous_22)
FNDA:0,(anonymous_23)
FNDA:0,(anonymous_24)
FNDA:0,(anonymous_25)
DA:1,0
DA:2,0
DA:4,0
DA:9,0
DA:10,0
DA:11,0
DA:12,0
DA:13,0
DA:14,0
DA:20,0
DA:23,0
DA:25,0
DA:26,0
DA:27,0
DA:28,0
DA:30,0
DA:31,0
DA:32,0
DA:33,0
DA:34,0
DA:35,0
DA:36,0
DA:38,0
DA:39,0
DA:40,0
DA:41,0
DA:42,0
DA:43,0
DA:44,0
DA:45,0
DA:46,0
DA:47,0
DA:49,0
DA:50,0
DA:51,0
DA:54,0
DA:55,0
DA:56,0
DA:59,0
DA:60,0
DA:61,0
DA:62,0
DA:64,0
DA:65,0
DA:69,0
DA:70,0
DA:71,0
DA:73,0
DA:77,0
DA:78,0
DA:79,0
DA:80,0
DA:82,0
DA:83,0
DA:84,0
DA:85,0
DA:86,0
DA:87,0
DA:89,0
DA:90,0
DA:91,0
DA:93,0
DA:99,0
DA:103,0
DA:104,0
DA:105,0
DA:106,0
DA:109,0
DA:110,0
DA:111,0
DA:116,0
DA:117,0
DA:123,0
DA:124,0
DA:127,0
DA:128,0
DA:132,0
DA:133,0
DA:134,0
DA:135,0
DA:138,0
DA:143,0
DA:144,0
DA:152,0
DA:153,0
DA:154,0
DA:157,0
DA:158,0
DA:159,0
DA:166,0
DA:167,0
DA:169,0
DA:170,0
DA:171,0
DA:172,0
DA:173,0
DA:175,0
DA:176,0
DA:183,0
DA:184,0
DA:185,0
DA:188,0
DA:194,0
DA:195,0
DA:198,0
DA:199,0
DA:200,0
DA:202,0
DA:203,0
DA:204,0
DA:205,0
DA:209,0
DA:210,0
DA:211,0
DA:212,0
DA:215,0
DA:216,0
DA:217,0
DA:218,0
DA:224,0
DA:225,0
DA:226,0
DA:227,0
DA:229,0
DA:230,0
DA:235,0
DA:236,0
DA:241,0
DA:242,0
DA:243,0
DA:244,0
DA:245,0
DA:246,0
DA:247,0
DA:248,0
DA:249,0
DA:250,0
DA:251,0
DA:257,0
DA:258,0
DA:259,0
DA:262,0
DA:263,0
DA:267,0
DA:271,0
DA:272,0
DA:275,0
DA:276,0
DA:277,0
DA:284,0
DA:288,0
DA:289,0
DA:292,0
DA:293,0
DA:296,0
DA:331,0
DA:332,0
DA:333,0
DA:334,0
LF:159
LH:0
BRDA:49,0,0,0
BRDA:50,1,0,0
BRDA:50,1,1,0
BRDA:50,2,0,0
BRDA:50,2,1,0
BRDA:50,2,2,0
BRDA:55,3,0,0
BRDA:55,3,1,0
BRDA:55,4,0,0
BRDA:55,4,1,0
BRDA:55,4,2,0
BRDA:82,5,0,0
BRDA:82,5,1,0
BRDA:82,6,0,0
BRDA:82,6,1,0
BRDA:83,7,0,0
BRDA:83,7,1,0
BRDA:86,8,0,0
BRDA:86,8,1,0
BRDA:89,9,0,0
BRDA:89,9,1,0
BRDA:90,10,0,0
BRDA:90,10,1,0
BRDA:90,11,0,0
BRDA:90,11,1,0
BRDA:90,11,2,0
BRDA:104,12,0,0
BRDA:104,12,1,0
BRDA:110,13,0,0
BRDA:110,13,1,0
BRDA:117,14,0,0
BRDA:117,14,1,0
BRDA:118,15,0,0
BRDA:118,15,1,0
BRDA:118,15,2,0
BRDA:118,15,3,0
BRDA:127,16,0,0
BRDA:127,16,1,0
BRDA:134,17,0,0
BRDA:134,17,1,0
BRDA:143,18,0,0
BRDA:143,18,1,0
BRDA:153,19,0,0
BRDA:153,19,1,0
BRDA:169,20,0,0
BRDA:169,20,1,0
BRDA:172,21,0,0
BRDA:172,21,1,0
BRDA:175,22,0,0
BRDA:175,22,1,0
BRDA:184,23,0,0
BRDA:184,23,1,0
BRDA:184,24,0,0
BRDA:184,24,1,0
BRDA:229,25,0,0
BRDA:229,25,1,0
BRDA:230,26,0,0
BRDA:230,26,1,0
BRDA:231,27,0,0
BRDA:231,27,1,0
BRDA:231,27,2,0
BRDA:271,28,0,0
BRDA:271,28,1,0
BRF:63
BRH:0
end_of_record
TN:
SF:src/app/tasks/create/page.tsx
FN:50,CreateTaskPage
FN:99,(anonymous_5)
FN:100,(anonymous_6)
FN:106,(anonymous_7)
FN:117,(anonymous_8)
FN:118,(anonymous_9)
FN:128,(anonymous_10)
FN:142,(anonymous_11)
FN:162,(anonymous_12)
FN:187,(anonymous_13)
FN:203,(anonymous_14)
FN:215,(anonymous_15)
FN:219,(anonymous_16)
FN:225,(anonymous_17)
FN:241,(anonymous_18)
FN:246,(anonymous_19)
FN:253,(anonymous_20)
FN:254,(anonymous_21)
FN:275,(anonymous_22)
FN:280,(anonymous_23)
FN:285,(anonymous_24)
FN:292,(anonymous_25)
FN:302,(anonymous_26)
FN:309,(anonymous_27)
FN:345,(anonymous_28)
FN:412,(anonymous_29)
FN:417,(anonymous_30)
FN:418,(anonymous_31)
FN:421,(anonymous_32)
FN:454,(anonymous_33)
FN:465,(anonymous_34)
FN:476,(anonymous_35)
FN:491,(anonymous_36)
FN:494,(anonymous_37)
FN:515,(anonymous_38)
FN:518,(anonymous_39)
FN:523,(anonymous_40)
FN:524,(anonymous_41)
FN:553,(anonymous_42)
FN:567,(anonymous_43)
FN:593,(anonymous_44)
FN:608,(anonymous_45)
FN:635,(anonymous_46)
FN:637,(anonymous_47)
FN:655,(anonymous_48)
FN:657,(anonymous_49)
FN:670,(anonymous_50)
FN:674,(anonymous_51)
FN:693,(anonymous_52)
FN:702,(anonymous_53)
FN:721,(anonymous_54)
FN:739,(anonymous_55)
FN:742,(anonymous_56)
FN:747,(anonymous_57)
FN:748,(anonymous_58)
FN:771,(anonymous_59)
FN:793,(anonymous_60)
FN:805,(anonymous_61)
FN:818,(anonymous_62)
FN:836,(anonymous_63)
FN:847,(anonymous_64)
FN:873,(anonymous_65)
FNF:62
FNH:0
FNDA:0,CreateTaskPage
FNDA:0,(anonymous_5)
FNDA:0,(anonymous_6)
FNDA:0,(anonymous_7)
FNDA:0,(anonymous_8)
FNDA:0,(anonymous_9)
FNDA:0,(anonymous_10)
FNDA:0,(anonymous_11)
FNDA:0,(anonymous_12)
FNDA:0,(anonymous_13)
FNDA:0,(anonymous_14)
FNDA:0,(anonymous_15)
FNDA:0,(anonymous_16)
FNDA:0,(anonymous_17)
FNDA:0,(anonymous_18)
FNDA:0,(anonymous_19)
FNDA:0,(anonymous_20)
FNDA:0,(anonymous_21)
FNDA:0,(anonymous_22)
FNDA:0,(anonymous_23)
FNDA:0,(anonymous_24)
FNDA:0,(anonymous_25)
FNDA:0,(anonymous_26)
FNDA:0,(anonymous_27)
FNDA:0,(anonymous_28)
FNDA:0,(anonymous_29)
FNDA:0,(anonymous_30)
FNDA:0,(anonymous_31)
FNDA:0,(anonymous_32)
FNDA:0,(anonymous_33)
FNDA:0,(anonymous_34)
FNDA:0,(anonymous_35)
FNDA:0,(anonymous_36)
FNDA:0,(anonymous_37)
FNDA:0,(anonymous_38)
FNDA:0,(anonymous_39)
FNDA:0,(anonymous_40)
FNDA:0,(anonymous_41)
FNDA:0,(anonymous_42)
FNDA:0,(anonymous_43)
FNDA:0,(anonymous_44)
FNDA:0,(anonymous_45)
FNDA:0,(anonymous_46)
FNDA:0,(anonymous_47)
FNDA:0,(anonymous_48)
FNDA:0,(anonymous_49)
FNDA:0,(anonymous_50)
FNDA:0,(anonymous_51)
FNDA:0,(anonymous_52)
FNDA:0,(anonymous_53)
FNDA:0,(anonymous_54)
FNDA:0,(anonymous_55)
FNDA:0,(anonymous_56)
FNDA:0,(anonymous_57)
FNDA:0,(anonymous_58)
FNDA:0,(anonymous_59)
FNDA:0,(anonymous_60)
FNDA:0,(anonymous_61)
FNDA:0,(anonymous_62)
FNDA:0,(anonymous_63)
FNDA:0,(anonymous_64)
FNDA:0,(anonymous_65)
DA:13,0
DA:32,0
DA:33,0
DA:34,0
DA:35,0
DA:36,0
DA:37,0
DA:38,0
DA:39,0
DA:43,0
DA:47,0
DA:48,0
DA:50,0
DA:51,0
DA:52,0
DA:53,0
DA:54,0
DA:56,0
DA:57,0
DA:58,0
DA:59,0
DA:67,0
DA:68,0
DA:72,0
DA:73,0
DA:74,0
DA:75,0
DA:76,0
DA:77,0
DA:78,0
DA:94,0
DA:95,0
DA:96,0
DA:99,0
DA:100,0
DA:101,0
DA:102,0
DA:103,0
DA:104,0
DA:105,0
DA:106,0
DA:109,0
DA:113,0
DA:117,0
DA:118,0
DA:119,0
DA:120,0
DA:121,0
DA:122,0
DA:123,0
DA:124,0
DA:126,0
DA:128,0
DA:130,0
DA:134,0
DA:139,0
DA:142,0
DA:143,0
DA:144,0
DA:145,0
DA:147,0
DA:148,0
DA:149,0
DA:150,0
DA:151,0
DA:155,0
DA:156,0
DA:159,0
DA:160,0
DA:162,0
DA:163,0
DA:164,0
DA:165,0
DA:166,0
DA:167,0
DA:169,0
DA:170,0
DA:173,0
DA:174,0
DA:176,0
DA:180,0
DA:181,0
DA:184,0
DA:187,0
DA:201,0
DA:202,0
DA:203,0
DA:209,0
DA:210,0
DA:211,0
DA:215,0
DA:216,0
DA:217,0
DA:218,0
DA:219,0
DA:223,0
DA:224,0
DA:225,0
DA:234,0
DA:238,0
DA:241,0
DA:242,0
DA:243,0
DA:246,0
DA:247,0
DA:248,0
DA:253,0
DA:254,0
DA:256,0
DA:257,0
DA:258,0
DA:259,0
DA:260,0
DA:261,0
DA:263,0
DA:265,0
DA:268,0
DA:272,0
DA:275,0
DA:276,0
DA:280,0
DA:281,0
DA:282,0
DA:283,0
DA:285,0
DA:287,0
DA:292,0
DA:293,0
DA:294,0
DA:295,0
DA:296,0
DA:297,0
DA:298,0
DA:302,0
DA:304,0
DA:309,0
DA:310,0
DA:312,0
DA:313,0
DA:316,0
DA:317,0
DA:320,0
DA:321,0
DA:322,0
DA:326,0
DA:327,0
DA:329,0
DA:330,0
DA:332,0
DA:333,0
DA:335,0
DA:336,0
DA:340,0
DA:341,0
DA:345,0
DA:346,0
DA:347,0
DA:350,0
DA:351,0
DA:353,0
DA:354,0
DA:400,0
DA:401,0
DA:402,0
DA:404,0
DA:406,0
DA:407,0
DA:412,0
DA:413,0
DA:417,0
DA:418,0
DA:420,0
DA:421,0
DA:454,0
DA:465,0
DA:476,0
DA:492,0
DA:493,0
DA:494,0
DA:516,0
DA:517,0
DA:518,0
DA:519,0
DA:523,0
DA:525,0
DA:553,0
DA:567,0
DA:593,0
DA:609,0
DA:610,0
DA:611,0
DA:612,0
DA:613,0
DA:614,0
DA:615,0
DA:616,0
DA:635,0
DA:638,0
DA:656,0
DA:657,0
DA:659,0
DA:660,0
DA:671,0
DA:674,0
DA:683,0
DA:694,0
DA:695,0
DA:696,0
DA:697,0
DA:703,0
DA:722,0
DA:740,0
DA:741,0
DA:742,0
DA:743,0
DA:747,0
DA:749,0
DA:771,0
DA:793,0
DA:805,0
DA:819,0
DA:837,0
DA:848,0
DA:873,0
LF:224
LH:0
BRDA:104,0,0,0
BRDA:104,0,1,0
BRDA:104,1,0,0
BRDA:104,1,1,0
BRDA:119,2,0,0
BRDA:119,2,1,0
BRDA:123,3,0,0
BRDA:123,3,1,0
BRDA:123,4,0,0
BRDA:123,4,1,0
BRDA:126,5,0,0
BRDA:126,5,1,0
BRDA:127,6,0,0
BRDA:127,6,1,0
BRDA:147,7,0,0
BRDA:147,7,1,0
BRDA:149,8,0,0
BRDA:149,8,1,0
BRDA:155,9,0,0
BRDA:155,9,1,0
BRDA:160,10,0,0
BRDA:160,10,1,0
BRDA:166,11,0,0
BRDA:166,11,1,0
BRDA:167,12,0,0
BRDA:167,12,1,0
BRDA:167,13,0,0
BRDA:167,13,1,0
BRDA:170,14,0,0
BRDA:170,14,1,0
BRDA:173,15,0,0
BRDA:173,15,1,0
BRDA:180,16,0,0
BRDA:180,16,1,0
BRDA:180,17,0,0
BRDA:180,17,1,0
BRDA:184,18,0,0
BRDA:184,18,1,0
BRDA:184,18,2,0
BRDA:189,19,0,0
BRDA:189,19,1,0
BRDA:190,20,0,0
BRDA:190,20,1,0
BRDA:191,21,0,0
BRDA:191,21,1,0
BRDA:192,22,0,0
BRDA:192,22,1,0
BRDA:193,23,0,0
BRDA:193,23,1,0
BRDA:194,24,0,0
BRDA:194,24,1,0
BRDA:195,25,0,0
BRDA:195,25,1,0
BRDA:196,26,0,0
BRDA:196,26,1,0
BRDA:197,27,0,0
BRDA:197,27,1,0
BRDA:201,28,0,0
BRDA:201,28,1,0
BRDA:201,29,0,0
BRDA:201,29,1,0
BRDA:201,29,2,0
BRDA:205,30,0,0
BRDA:205,30,1,0
BRDA:206,31,0,0
BRDA:206,31,1,0
BRDA:209,32,0,0
BRDA:209,32,1,0
BRDA:209,33,0,0
BRDA:209,33,1,0
BRDA:212,34,0,0
BRDA:212,34,1,0
BRDA:213,35,0,0
BRDA:213,35,1,0
BRDA:216,36,0,0
BRDA:216,36,1,0
BRDA:223,37,0,0
BRDA:223,37,1,0
BRDA:227,38,0,0
BRDA:227,38,1,0
BRDA:228,39,0,0
BRDA:228,39,1,0
BRDA:229,40,0,0
BRDA:229,40,1,0
BRDA:230,41,0,0
BRDA:230,41,1,0
BRDA:242,42,0,0
BRDA:242,42,1,0
BRDA:242,43,0,0
BRDA:242,43,1,0
BRDA:246,44,0,0
BRDA:246,44,1,0
BRDA:247,45,0,0
BRDA:247,45,1,0
BRDA:256,46,0,0
BRDA:256,46,1,0
BRDA:257,47,0,0
BRDA:257,47,1,0
BRDA:257,48,0,0
BRDA:257,48,1,0
BRDA:295,49,0,0
BRDA:295,49,1,0
BRDA:296,50,0,0
BRDA:296,50,1,0
BRDA:297,51,0,0
BRDA:297,51,1,0
BRDA:312,52,0,0
BRDA:312,52,1,0
BRDA:316,53,0,0
BRDA:316,53,1,0
BRDA:320,54,0,0
BRDA:320,54,1,0
BRDA:321,55,0,0
BRDA:321,55,1,0
BRDA:326,56,0,0
BRDA:326,56,1,0
BRDA:326,57,0,0
BRDA:326,57,1,0
BRDA:329,58,0,0
BRDA:329,58,1,0
BRDA:332,59,0,0
BRDA:332,59,1,0
BRDA:335,60,0,0
BRDA:335,60,1,0
BRDA:335,61,0,0
BRDA:335,61,1,0
BRDA:335,61,2,0
BRDA:346,62,0,0
BRDA:346,62,1,0
BRDA:358,63,0,0
BRDA:358,63,1,0
BRDA:370,64,0,0
BRDA:370,64,1,0
BRDA:372,65,0,0
BRDA:372,65,1,0
BRDA:375,66,0,0
BRDA:375,66,1,0
BRDA:376,67,0,0
BRDA:376,67,1,0
BRDA:383,68,0,0
BRDA:383,68,1,0
BRDA:384,69,0,0
BRDA:384,69,1,0
BRDA:390,70,0,0
BRDA:390,70,1,0
BRDA:420,71,0,0
BRDA:420,71,1,0
BRDA:434,72,0,0
BRDA:434,72,1,0
BRDA:437,73,0,0
BRDA:437,73,1,0
BRDA:493,74,0,0
BRDA:493,74,1,0
BRDA:500,75,0,0
BRDA:507,76,0,0
BRDA:519,77,0,0
BRDA:519,77,1,0
BRDA:523,78,0,0
BRDA:523,78,1,0
BRDA:538,79,0,0
BRDA:611,80,0,0
BRDA:611,80,1,0
BRDA:613,81,0,0
BRDA:613,81,1,0
BRDA:615,82,0,0
BRDA:615,82,1,0
BRDA:628,83,0,0
BRDA:653,84,0,0
BRDA:653,84,1,0
BRDA:653,84,2,0
BRDA:659,85,0,0
BRDA:659,85,1,0
BRDA:659,86,0,0
BRDA:659,86,1,0
BRDA:666,87,0,0
BRDA:666,87,1,0
BRDA:666,88,0,0
BRDA:666,88,1,0
BRDA:687,89,0,0
BRDA:688,90,0,0
BRDA:688,90,1,0
BRDA:696,91,0,0
BRDA:696,91,1,0
BRDA:709,92,0,0
BRDA:709,92,1,0
BRDA:711,93,0,0
BRDA:711,93,1,0
BRDA:720,94,0,0
BRDA:720,94,1,0
BRDA:743,95,0,0
BRDA:743,95,1,0
BRDA:747,96,0,0
BRDA:747,96,1,0
BRDA:762,97,0,0
BRDA:762,97,1,0
BRDA:819,98,0,0
BRDA:819,98,1,0
BRDA:837,99,0,0
BRDA:837,99,1,0
BRDA:848,100,0,0
BRDA:848,100,1,0
BRDA:890,101,0,0
BRDA:890,101,1,0
BRDA:901,102,0,0
BRF:204
BRH:0
end_of_record
TN:
SF:src/components/backtest/BacktestErrorHandler.tsx
FN:59,BacktestErrorHandler
FN:69,(anonymous_7)
FN:72,(anonymous_8)
FN:74,(anonymous_9)
FN:81,(anonymous_10)
FN:82,(anonymous_11)
FN:87,(anonymous_12)
FN:98,(anonymous_13)
FN:107,(anonymous_14)
FN:110,(anonymous_15)
FN:111,(anonymous_16)
FN:112,(anonymous_17)
FN:113,(anonymous_18)
FN:139,(anonymous_19)
FN:167,(anonymous_20)
FN:170,(anonymous_21)
FN:273,(anonymous_22)
FN:288,(anonymous_23)
FN:297,(anonymous_24)
FN:307,(anonymous_25)
FN:408,(anonymous_26)
FN:420,(anonymous_27)
FN:433,useBacktestNotifications
FN:437,(anonymous_29)
FN:447,(anonymous_30)
FN:452,(anonymous_31)
FN:453,(anonymous_32)
FN:453,(anonymous_33)
FN:457,(anonymous_34)
FN:462,(anonymous_35)
FN:466,(anonymous_36)
FN:470,(anonymous_37)
FN:474,(anonymous_38)
FNF:33
FNH:0
FNDA:0,BacktestErrorHandler
FNDA:0,(anonymous_7)
FNDA:0,(anonymous_8)
FNDA:0,(anonymous_9)
FNDA:0,(anonymous_10)
FNDA:0,(anonymous_11)
FNDA:0,(anonymous_12)
FNDA:0,(anonymous_13)
FNDA:0,(anonymous_14)
FNDA:0,(anonymous_15)
FNDA:0,(anonymous_16)
FNDA:0,(anonymous_17)
FNDA:0,(anonymous_18)
FNDA:0,(anonymous_19)
FNDA:0,(anonymous_20)
FNDA:0,(anonymous_21)
FNDA:0,(anonymous_22)
FNDA:0,(anonymous_23)
FNDA:0,(anonymous_24)
FNDA:0,(anonymous_25)
FNDA:0,(anonymous_26)
FNDA:0,(anonymous_27)
FNDA:0,useBacktestNotifications
FNDA:0,(anonymous_29)
FNDA:0,(anonymous_30)
FNDA:0,(anonymous_31)
FNDA:0,(anonymous_32)
FNDA:0,(anonymous_33)
FNDA:0,(anonymous_34)
FNDA:0,(anonymous_35)
FNDA:0,(anonymous_36)
FNDA:0,(anonymous_37)
FNDA:0,(anonymous_38)
DA:3,0
DA:17,0
DA:25,0
DA:45,0
DA:52,0
DA:59,0
DA:65,0
DA:66,0
DA:69,0
DA:70,0
DA:72,0
DA:73,0
DA:74,0
DA:75,0
DA:77,0
DA:81,0
DA:82,0
DA:87,0
DA:88,0
DA:89,0
DA:90,0
DA:92,0
DA:94,0
DA:98,0
DA:99,0
DA:107,0
DA:108,0
DA:110,0
DA:111,0
DA:112,0
DA:113,0
DA:115,0
DA:118,0
DA:120,0
DA:121,0
DA:139,0
DA:168,0
DA:170,0
DA:274,0
DA:275,0
DA:288,0
DA:297,0
DA:308,0
DA:408,0
DA:420,0
DA:433,0
DA:434,0
DA:437,0
DA:438,0
DA:447,0
DA:448,0
DA:452,0
DA:453,0
DA:457,0
DA:458,0
DA:462,0
DA:463,0
DA:466,0
DA:467,0
DA:470,0
DA:471,0
DA:474,0
DA:475,0
DA:478,0
LF:64
LH:0
BRDA:63,0,0,0
BRDA:73,1,0,0
BRDA:73,1,1,0
BRDA:73,2,0,0
BRDA:73,2,1,0
BRDA:89,3,0,0
BRDA:89,3,1,0
BRDA:120,4,0,0
BRDA:120,4,1,0
BRDA:143,5,0,0
BRDA:155,6,0,0
BRDA:156,7,0,0
BRDA:159,8,0,0
BRDA:162,9,0,0
BRDA:177,10,0,0
BRDA:177,10,1,0
BRDA:183,11,0,0
BRDA:183,11,1,0
BRDA:189,12,0,0
BRDA:189,12,1,0
BRDA:241,13,0,0
BRDA:241,13,1,0
BRDA:247,14,0,0
BRDA:247,14,1,0
BRDA:249,15,0,0
BRDA:249,15,1,0
BRDA:251,16,0,0
BRDA:251,16,1,0
BRDA:259,17,0,0
BRDA:286,18,0,0
BRDA:314,19,0,0
BRDA:314,19,1,0
BRDA:319,20,0,0
BRDA:319,20,1,0
BRDA:324,21,0,0
BRDA:324,21,1,0
BRDA:358,22,0,0
BRDA:358,22,1,0
BRDA:360,23,0,0
BRDA:360,23,1,0
BRDA:362,24,0,0
BRDA:362,24,1,0
BRDA:375,25,0,0
BRDA:375,25,1,0
BRDA:377,26,0,0
BRDA:377,26,1,0
BRDA:379,27,0,0
BRDA:379,27,1,0
BRDA:397,28,0,0
BRDA:443,29,0,0
BRDA:443,29,1,0
BRDA:443,29,2,0
BRDA:444,30,0,0
BRDA:444,30,1,0
BRF:54
BRH:0
end_of_record
TN:
SF:src/components/backtest/BacktestOverview.tsx
FN:57,BacktestOverview
FN:61,(anonymous_3)
FN:72,(anonymous_4)
FN:83,(anonymous_5)
FN:105,(anonymous_6)
FN:556,(anonymous_7)
FNF:6
FNH:5
FNDA:5,BacktestOverview
FNDA:10,(anonymous_3)
FNDA:5,(anonymous_4)
FNDA:5,(anonymous_5)
FNDA:0,(anonymous_6)
FNDA:10,(anonymous_7)
DA:8,1
DA:19,1
DA:29,1
DA:38,1
DA:57,5
DA:58,5
DA:61,5
DA:62,10
DA:63,10
DA:65,0
DA:66,0
DA:68,0
DA:72,5
DA:73,5
DA:76,0
DA:83,5
DA:84,5
DA:85,0
DA:87,5
DA:88,5
DA:90,0
DA:91,0
DA:93,0
DA:96,5
DA:106,0
DA:118,5
DA:139,5
DA:557,10
LF:28
LH:19
BRDA:57,0,0,5
BRDA:58,1,0,5
BRDA:58,1,1,0
BRDA:62,2,0,10
BRDA:62,2,1,0
BRDA:65,3,0,0
BRDA:65,3,1,0
BRDA:73,4,0,5
BRDA:73,4,1,0
BRDA:76,5,0,0
BRDA:76,5,1,0
BRDA:84,6,0,0
BRDA:84,6,1,5
BRDA:87,7,0,5
BRDA:87,7,1,0
BRDA:90,8,0,0
BRDA:90,8,1,0
BRDA:96,9,0,0
BRDA:96,9,1,5
BRDA:118,10,0,0
BRDA:118,10,1,5
BRDA:177,11,0,5
BRDA:177,11,1,0
BRDA:209,12,0,5
BRDA:209,12,1,0
BRDA:340,13,0,0
BRDA:340,13,1,5
BRDA:401,14,0,5
BRDA:401,14,1,0
BRDA:411,15,0,5
BRDA:411,15,1,5
BRDA:411,15,2,5
BRDA:411,15,3,5
BRDA:433,16,0,0
BRDA:433,16,1,0
BRDA:436,17,0,0
BRDA:436,17,1,0
BRDA:449,18,0,0
BRDA:449,18,1,0
BRDA:452,19,0,0
BRDA:452,19,1,0
BRDA:488,20,0,5
BRDA:488,20,1,4
BRDA:488,20,2,1
BRDA:488,20,3,1
BRDA:507,21,0,4
BRDA:531,22,0,3
BRDA:531,22,1,0
BRDA:540,23,0,3
BRDA:540,23,1,0
BRDA:547,24,0,4
BRDA:547,24,1,4
BRDA:598,25,0,5
BRDA:598,25,1,0
BRDA:600,26,0,0
BRDA:600,26,1,0
BRDA:610,27,0,5
BRDA:610,27,1,0
BRDA:612,28,0,0
BRDA:612,28,1,0
BRDA:627,29,0,5
BRDA:627,29,1,0
BRDA:629,30,0,0
BRDA:629,30,1,0
BRDA:639,31,0,5
BRDA:639,31,1,0
BRDA:641,32,0,0
BRDA:641,32,1,0
BRDA:656,33,0,0
BRDA:656,33,1,5
BRDA:658,34,0,0
BRDA:658,34,1,5
BRDA:668,35,0,0
BRDA:668,35,1,5
BRDA:668,36,0,0
BRDA:668,36,1,5
BRF:76
BRH:33
end_of_record
TN:
SF:src/components/backtest/BacktestProgressIndicator.tsx
FN:34,BacktestProgressIndicator
FN:47,(anonymous_5)
FN:54,(anonymous_6)
FN:57,(anonymous_7)
FN:61,(anonymous_8)
FN:64,(anonymous_9)
FN:68,(anonymous_10)
FN:72,(anonymous_11)
FN:84,(anonymous_12)
FNF:9
FNH:0
FNDA:0,BacktestProgressIndicator
FNDA:0,(anonymous_5)
FNDA:0,(anonymous_6)
FNDA:0,(anonymous_7)
FNDA:0,(anonymous_8)
FNDA:0,(anonymous_9)
FNDA:0,(anonymous_10)
FNDA:0,(anonymous_11)
FNDA:0,(anonymous_12)
DA:3,0
DA:4,0
DA:10,0
DA:15,0
DA:24,0
DA:34,0
DA:40,0
DA:41,0
DA:42,0
DA:45,0
DA:47,0
DA:48,0
DA:49,0
DA:52,0
DA:54,0
DA:55,0
DA:56,0
DA:58,0
DA:59,0
DA:62,0
DA:66,0
DA:70,0
DA:73,0
DA:77,0
DA:78,0
DA:82,0
DA:84,0
DA:85,0
DA:90,0
DA:99,0
DA:108,0
DA:117,0
DA:126,0
DA:138,0
DA:140,0
DA:142,0
LF:36
LH:0
BRDA:37,0,0,0
BRDA:38,1,0,0
BRDA:45,2,0,0
BRDA:45,2,1,0
BRDA:48,3,0,0
BRDA:48,3,1,0
BRDA:90,4,0,0
BRDA:90,4,1,0
BRDA:99,5,0,0
BRDA:99,5,1,0
BRDA:108,6,0,0
BRDA:108,6,1,0
BRDA:117,7,0,0
BRDA:117,7,1,0
BRDA:126,8,0,0
BRDA:126,8,1,0
BRDA:138,9,0,0
BRDA:138,9,1,0
BRDA:140,10,0,0
BRDA:140,10,1,0
BRDA:142,11,0,0
BRDA:142,11,1,0
BRDA:168,12,0,0
BRDA:168,12,1,0
BRDA:175,13,0,0
BRDA:194,14,0,0
BRDA:194,14,1,0
BRDA:199,15,0,0
BRDA:220,16,0,0
BRDA:220,16,1,0
BRF:30
BRH:0
end_of_record
TN:
SF:src/components/backtest/BacktestProgressMonitor.tsx
FN:67,(anonymous_4)
FN:82,(anonymous_5)
FN:99,BacktestProgressMonitor
FN:113,(anonymous_7)
FN:114,(anonymous_8)
FN:117,(anonymous_9)
FN:145,(anonymous_10)
FN:166,(anonymous_11)
FN:177,(anonymous_12)
FN:180,(anonymous_13)
FN:183,(anonymous_14)
FN:187,(anonymous_15)
FN:191,(anonymous_16)
FN:194,(anonymous_17)
FN:197,(anonymous_18)
FN:211,(anonymous_19)
FN:217,(anonymous_20)
FN:225,(anonymous_21)
FNF:18
FNH:0
FNDA:0,(anonymous_4)
FNDA:0,(anonymous_5)
FNDA:0,BacktestProgressMonitor
FNDA:0,(anonymous_7)
FNDA:0,(anonymous_8)
FNDA:0,(anonymous_9)
FNDA:0,(anonymous_10)
FNDA:0,(anonymous_11)
FNDA:0,(anonymous_12)
FNDA:0,(anonymous_13)
FNDA:0,(anonymous_14)
FNDA:0,(anonymous_15)
FNDA:0,(anonymous_16)
FNDA:0,(anonymous_17)
FNDA:0,(anonymous_18)
FNDA:0,(anonymous_19)
FNDA:0,(anonymous_20)
FNDA:0,(anonymous_21)
DA:3,0
DA:19,0
DA:27,0
DA:37,0
DA:47,0
DA:57,0
DA:67,0
DA:68,0
DA:70,0
DA:72,0
DA:74,0
DA:76,0
DA:78,0
DA:82,0
DA:83,0
DA:85,0
DA:87,0
DA:89,0
DA:91,0
DA:93,0
DA:95,0
DA:99,0
DA:106,0
DA:107,0
DA:108,0
DA:109,0
DA:110,0
DA:112,0
DA:113,0
DA:114,0
DA:117,0
DA:118,0
DA:119,0
DA:122,0
DA:124,0
DA:125,0
DA:126,0
DA:127,0
DA:128,0
DA:130,0
DA:131,0
DA:132,0
DA:133,0
DA:135,0
DA:138,0
DA:140,0
DA:145,0
DA:146,0
DA:147,0
DA:150,0
DA:151,0
DA:152,0
DA:161,0
DA:166,0
DA:167,0
DA:168,0
DA:170,0
DA:177,0
DA:178,0
DA:180,0
DA:181,0
DA:182,0
DA:184,0
DA:185,0
DA:188,0
DA:189,0
DA:192,0
DA:195,0
DA:198,0
DA:202,0
DA:204,0
DA:205,0
DA:209,0
DA:211,0
DA:212,0
DA:217,0
DA:218,0
DA:219,0
DA:220,0
DA:225,0
DA:226,0
DA:304,0
LF:82
LH:0
BRDA:68,0,0,0
BRDA:68,0,1,0
BRDA:68,0,2,0
BRDA:68,0,3,0
BRDA:68,0,4,0
BRDA:83,1,0,0
BRDA:83,1,1,0
BRDA:83,1,2,0
BRDA:83,1,3,0
BRDA:83,1,4,0
BRDA:83,1,5,0
BRDA:104,2,0,0
BRDA:118,3,0,0
BRDA:118,3,1,0
BRDA:125,4,0,0
BRDA:125,4,1,0
BRDA:130,5,0,0
BRDA:130,5,1,0
BRDA:132,6,0,0
BRDA:132,6,1,0
BRDA:146,7,0,0
BRDA:146,7,1,0
BRDA:166,8,0,0
BRDA:167,9,0,0
BRDA:167,9,1,0
BRDA:167,10,0,0
BRDA:167,10,1,0
BRDA:218,11,0,0
BRDA:218,11,1,0
BRDA:239,12,0,0
BRDA:255,13,0,0
BRDA:255,13,1,0
BRDA:264,14,0,0
BRDA:275,15,0,0
BRDA:275,15,1,0
BRDA:277,16,0,0
BRDA:277,16,1,0
BRDA:282,17,0,0
BRDA:287,18,0,0
BRDA:292,19,0,0
BRDA:304,20,0,0
BRDA:304,20,1,0
BRDA:304,21,0,0
BRDA:304,21,1,0
BRDA:327,22,0,0
BRDA:327,22,1,0
BRDA:332,23,0,0
BRDA:332,23,1,0
BRDA:332,23,2,0
BRDA:350,24,0,0
BRDA:373,25,0,0
BRDA:395,26,0,0
BRDA:395,26,1,0
BRDA:447,27,0,0
BRDA:447,27,1,0
BRDA:447,27,2,0
BRDA:459,28,0,0
BRDA:470,29,0,0
BRDA:481,30,0,0
BRDA:496,31,0,0
BRDA:511,32,0,0
BRF:61
BRH:0
end_of_record
TN:
SF:src/components/backtest/BacktestTaskStatus.tsx
FN:44,BacktestTaskStatus
FN:52,(anonymous_5)
FN:102,(anonymous_6)
FN:114,(anonymous_7)
FN:137,(anonymous_8)
FN:160,(anonymous_9)
FN:165,(anonymous_10)
FN:399,(anonymous_11)
FN:406,(anonymous_12)
FN:412,(anonymous_13)
FN:432,(anonymous_14)
FN:432,(anonymous_15)
FN:444,(anonymous_16)
FN:445,(anonymous_17)
FNF:14
FNH:0
FNDA:0,BacktestTaskStatus
FNDA:0,(anonymous_5)
FNDA:0,(anonymous_6)
FNDA:0,(anonymous_7)
FNDA:0,(anonymous_8)
FNDA:0,(anonymous_9)
FNDA:0,(anonymous_10)
FNDA:0,(anonymous_11)
FNDA:0,(anonymous_12)
FNDA:0,(anonymous_13)
FNDA:0,(anonymous_14)
FNDA:0,(anonymous_15)
FNDA:0,(anonymous_16)
FNDA:0,(anonymous_17)
DA:8,0
DA:21,0
DA:33,0
DA:44,0
DA:50,0
DA:52,0
DA:53,0
DA:98,0
DA:102,0
DA:103,0
DA:114,0
DA:115,0
DA:116,0
DA:119,0
DA:120,0
DA:121,0
DA:123,0
DA:124,0
DA:125,0
DA:127,0
DA:128,0
DA:129,0
DA:130,0
DA:132,0
DA:137,0
DA:138,0
DA:158,0
DA:160,0
DA:165,0
DA:166,0
DA:167,0
DA:171,0
DA:173,0
DA:183,0
DA:184,0
DA:185,0
DA:400,0
DA:401,0
DA:402,0
DA:403,0
DA:404,0
DA:406,0
DA:407,0
DA:413,0
DA:414,0
DA:416,0
DA:432,0
DA:445,0
DA:453,0
LF:49
LH:0
BRDA:48,0,0,0
BRDA:98,1,0,0
BRDA:98,1,1,0
BRDA:115,2,0,0
BRDA:115,2,1,0
BRDA:120,3,0,0
BRDA:120,3,1,0
BRDA:127,4,0,0
BRDA:127,4,1,0
BRDA:129,5,0,0
BRDA:129,5,1,0
BRDA:159,6,0,0
BRDA:159,6,1,0
BRDA:167,7,0,0
BRDA:167,7,1,0
BRDA:167,7,2,0
BRDA:171,8,0,0
BRDA:171,8,1,0
BRDA:171,8,2,0
BRDA:171,8,3,0
BRDA:174,9,0,0
BRDA:174,9,1,0
BRDA:174,9,2,0
BRDA:174,9,3,0
BRDA:175,10,0,0
BRDA:175,10,1,0
BRDA:175,10,2,0
BRDA:175,10,3,0
BRDA:176,11,0,0
BRDA:176,11,1,0
BRDA:176,11,2,0
BRDA:176,11,3,0
BRDA:177,12,0,0
BRDA:177,12,1,0
BRDA:177,12,2,0
BRDA:178,13,0,0
BRDA:178,13,1,0
BRDA:178,13,2,0
BRDA:216,14,0,0
BRDA:216,14,1,0
BRDA:225,15,0,0
BRDA:225,15,1,0
BRDA:238,16,0,0
BRDA:238,16,1,0
BRDA:251,17,0,0
BRDA:251,17,1,0
BRDA:339,18,0,0
BRDA:353,19,0,0
BRDA:387,20,0,0
BRDA:386,21,0,0
BRDA:386,21,1,0
BRDA:416,22,0,0
BRDA:416,22,1,0
BRF:53
BRH:0
end_of_record
TN:
SF:src/components/backtest/CostAnalysis.tsx
FN:30,CostAnalysis
FN:32,(anonymous_5)
FN:51,(anonymous_6)
FNF:3
FNH:0
FNDA:0,CostAnalysis
FNDA:0,(anonymous_5)
FNDA:0,(anonymous_6)
DA:8,0
DA:22,0
DA:23,0
DA:30,0
DA:32,0
DA:33,0
DA:34,0
DA:37,0
DA:38,0
DA:39,0
DA:40,0
DA:42,0
DA:51,0
DA:52,0
DA:53,0
DA:56,0
DA:57,0
DA:58,0
DA:60,0
DA:67,0
DA:82,0
LF:21
LH:0
BRDA:30,0,0,0
BRDA:33,1,0,0
BRDA:33,1,1,0
BRDA:40,2,0,0
BRDA:40,2,1,0
BRDA:43,3,0,0
BRDA:43,3,1,0
BRDA:44,4,0,0
BRDA:44,4,1,0
BRDA:45,5,0,0
BRDA:45,5,1,0
BRDA:52,6,0,0
BRDA:52,6,1,0
BRDA:56,7,0,0
BRDA:56,7,1,0
BRDA:57,8,0,0
BRDA:57,8,1,0
BRDA:63,9,0,0
BRDA:63,9,1,0
BRDA:67,10,0,0
BRDA:67,10,1,0
BRDA:82,11,0,0
BRDA:82,11,1,0
BRDA:82,12,0,0
BRDA:82,12,1,0
BRDA:133,13,0,0
BRDA:133,13,1,0
BRDA:133,14,0,0
BRDA:133,14,1,0
BRDA:138,15,0,0
BRDA:138,15,1,0
BRDA:170,16,0,0
BRDA:170,16,1,0
BRDA:170,17,0,0
BRDA:170,17,1,0
BRDA:175,18,0,0
BRDA:175,18,1,0
BRDA:203,19,0,0
BRDA:203,19,1,0
BRDA:203,20,0,0
BRDA:203,20,1,0
BRDA:204,21,0,0
BRDA:204,21,1,0
BRDA:232,22,0,0
BRDA:232,22,1,0
BRDA:265,23,0,0
BRDA:265,23,1,0
BRDA:273,24,0,0
BRDA:273,24,1,0
BRDA:281,25,0,0
BRDA:281,25,1,0
BRDA:289,26,0,0
BRDA:289,26,1,0
BRDA:300,27,0,0
BRDA:300,27,1,0
BRDA:316,28,0,0
BRDA:316,28,1,0
BRDA:324,29,0,0
BRDA:324,29,1,0
BRDA:332,30,0,0
BRDA:332,30,1,0
BRDA:340,31,0,0
BRDA:340,31,1,0
BRDA:351,32,0,0
BRDA:351,32,1,0
BRDA:374,33,0,0
BRDA:374,33,1,0
BRDA:389,34,0,0
BRDA:389,34,1,0
BRDA:404,35,0,0
BRDA:404,35,1,0
BRDA:416,36,0,0
BRDA:416,36,1,0
BRDA:421,37,0,0
BRDA:421,37,1,0
BRF:75
BRH:0
end_of_record
TN:
SF:src/components/backtest/PerformanceBreakdown.tsx
FN:104,PerformanceBreakdown
FN:145,(anonymous_5)
FN:146,(anonymous_6)
FN:152,(anonymous_7)
FN:160,(anonymous_8)
FN:162,(anonymous_9)
FN:183,(anonymous_10)
FN:188,(anonymous_11)
FN:191,(anonymous_12)
FN:193,(anonymous_13)
FN:196,(anonymous_14)
FN:199,(anonymous_15)
FN:214,(anonymous_16)
FN:225,(anonymous_17)
FN:239,(anonymous_18)
FN:283,(anonymous_19)
FN:284,(anonymous_20)
FN:312,(anonymous_21)
FN:328,(anonymous_22)
FN:336,(anonymous_23)
FN:342,(anonymous_24)
FN:411,(anonymous_25)
FN:420,(anonymous_26)
FN:433,(anonymous_27)
FN:441,(anonymous_28)
FN:447,(anonymous_29)
FN:501,(anonymous_30)
FN:510,(anonymous_31)
FN:519,(anonymous_32)
FN:536,(anonymous_33)
FN:544,(anonymous_34)
FN:550,(anonymous_35)
FN:551,(anonymous_36)
FN:723,(anonymous_37)
FN:787,(anonymous_38)
FN:790,(anonymous_39)
FN:803,(anonymous_40)
FN:846,(anonymous_41)
FN:952,(anonymous_42)
FNF:39
FNH:21
FNDA:8,PerformanceBreakdown
FNDA:8,(anonymous_5)
FNDA:21,(anonymous_6)
FNDA:8,(anonymous_7)
FNDA:0,(anonymous_8)
FNDA:21,(anonymous_9)
FNDA:8,(anonymous_10)
FNDA:14,(anonymous_11)
FNDA:14,(anonymous_12)
FNDA:14,(anonymous_13)
FNDA:7,(anonymous_14)
FNDA:7,(anonymous_15)
FNDA:8,(anonymous_16)
FNDA:21,(anonymous_17)
FNDA:0,(anonymous_18)
FNDA:21,(anonymous_19)
FNDA:21,(anonymous_20)
FNDA:0,(anonymous_21)
FNDA:0,(anonymous_22)
FNDA:7,(anonymous_23)
FNDA:8,(anonymous_24)
FNDA:0,(anonymous_25)
FNDA:0,(anonymous_26)
FNDA:0,(anonymous_27)
FNDA:0,(anonymous_28)
FNDA:8,(anonymous_29)
FNDA:0,(anonymous_30)
FNDA:0,(anonymous_31)
FNDA:0,(anonymous_32)
FNDA:0,(anonymous_33)
FNDA:0,(anonymous_34)
FNDA:28,(anonymous_35)
FNDA:21,(anonymous_36)
FNDA:0,(anonymous_37)
FNDA:0,(anonymous_38)
FNDA:7,(anonymous_39)
FNDA:0,(anonymous_40)
FNDA:0,(anonymous_41)
FNDA:0,(anonymous_42)
DA:6,1
DA:29,1
DA:30,1
DA:40,1
DA:104,8
DA:111,8
DA:112,8
DA:115,8
DA:118,8
DA:119,8
DA:120,8
DA:121,8
DA:122,8
DA:123,8
DA:126,8
DA:145,8
DA:146,21
DA:147,8
DA:148,8
DA:152,8
DA:153,8
DA:154,1
DA:158,7
DA:160,0
DA:162,7
DA:164,21
DA:166,21
DA:167,21
DA:169,0
DA:170,0
DA:172,0
DA:173,0
DA:175,0
DA:178,21
DA:183,8
DA:184,8
DA:185,1
DA:188,14
DA:189,7
DA:191,14
DA:193,14
DA:196,7
DA:197,7
DA:199,7
DA:200,7
DA:203,7
DA:214,8
DA:215,8
DA:216,1
DA:219,7
DA:220,0
DA:223,7
DA:225,21
DA:226,7
DA:228,7
DA:240,0
DA:241,0
DA:242,0
DA:244,0
DA:245,0
DA:246,0
DA:248,0
DA:249,0
DA:250,0
DA:252,0
DA:253,0
DA:254,0
DA:256,0
DA:257,0
DA:258,0
DA:261,0
DA:283,21
DA:284,21
DA:313,0
DA:326,7
DA:328,7
DA:329,0
DA:330,0
DA:334,7
DA:336,7
DA:337,7
DA:342,8
DA:343,8
DA:344,8
DA:347,0
DA:348,0
DA:351,0
DA:353,0
DA:411,0
DA:420,0
DA:431,0
DA:433,0
DA:434,0
DA:435,0
DA:439,0
DA:441,0
DA:442,0
DA:447,8
DA:448,8
DA:449,8
DA:452,0
DA:453,0
DA:456,0
DA:458,0
DA:501,0
DA:510,0
DA:519,0
DA:534,0
DA:536,0
DA:537,0
DA:538,0
DA:542,0
DA:544,0
DA:545,0
DA:550,28
DA:551,21
DA:553,8
DA:723,0
DA:787,0
DA:791,7
DA:804,0
DA:847,0
DA:953,0
LF:123
LH:65
BRDA:153,0,0,1
BRDA:153,0,1,7
BRDA:158,1,0,7
BRDA:158,1,1,0
BRDA:164,2,0,21
BRDA:164,2,1,0
BRDA:164,2,2,0
BRDA:164,2,3,0
BRDA:184,3,0,1
BRDA:184,3,1,7
BRDA:197,4,0,7
BRDA:197,4,1,0
BRDA:200,5,0,0
BRDA:200,5,1,7
BRDA:215,6,0,1
BRDA:215,6,1,7
BRDA:215,7,0,8
BRDA:215,7,1,7
BRDA:219,8,0,0
BRDA:219,8,1,7
BRDA:246,9,0,0
BRDA:246,9,1,0
BRDA:246,9,2,0
BRDA:329,10,0,0
BRDA:329,10,1,0
BRDA:343,11,0,8
BRDA:343,11,1,0
BRDA:343,12,0,8
BRDA:343,12,1,0
BRDA:347,13,0,0
BRDA:347,13,1,0
BRDA:434,14,0,0
BRDA:434,14,1,0
BRDA:448,15,0,8
BRDA:448,15,1,0
BRDA:448,16,0,8
BRDA:448,16,1,0
BRDA:452,17,0,0
BRDA:452,17,1,0
BRDA:537,18,0,0
BRDA:537,18,1,0
BRDA:553,19,0,1
BRDA:553,19,1,7
BRDA:553,20,0,8
BRDA:553,20,1,7
BRDA:573,21,0,7
BRDA:648,22,0,7
BRDA:766,23,0,7
BRDA:822,24,0,7
BRDA:833,25,0,0
BRDA:864,26,0,0
BRDA:864,26,1,0
BRDA:933,27,0,7
BRDA:964,28,0,0
BRDA:964,28,1,0
BRDA:1012,29,0,7
BRDA:1023,30,0,0
BRDA:1102,31,0,0
BRDA:1102,31,1,0
BRF:59
BRH:27
end_of_record
TN:
SF:src/components/backtest/PortfolioStrategyConfig.tsx
FN:63,PortfolioStrategyConfig
FN:84,(anonymous_5)
FN:85,(anonymous_6)
FN:90,(anonymous_7)
FN:98,(anonymous_8)
FN:99,(anonymous_9)
FN:104,(anonymous_10)
FN:111,(anonymous_11)
FN:116,(anonymous_12)
FN:133,(anonymous_13)
FN:143,(anonymous_14)
FN:149,(anonymous_15)
FN:149,(anonymous_16)
FN:168,(anonymous_17)
FN:173,(anonymous_18)
FN:179,(anonymous_19)
FN:187,(anonymous_20)
FN:195,(anonymous_21)
FN:204,(anonymous_22)
FN:215,(anonymous_23)
FN:220,(anonymous_24)
FN:238,(anonymous_25)
FN:250,(anonymous_26)
FN:267,(anonymous_27)
FN:268,(anonymous_28)
FN:295,(anonymous_29)
FN:304,(anonymous_30)
FN:320,(anonymous_31)
FN:322,(anonymous_32)
FN:350,(anonymous_33)
FN:374,(anonymous_34)
FN:403,(anonymous_35)
FN:408,(anonymous_36)
FN:422,(anonymous_37)
FNF:34
FNH:0
FNDA:0,PortfolioStrategyConfig
FNDA:0,(anonymous_5)
FNDA:0,(anonymous_6)
FNDA:0,(anonymous_7)
FNDA:0,(anonymous_8)
FNDA:0,(anonymous_9)
FNDA:0,(anonymous_10)
FNDA:0,(anonymous_11)
FNDA:0,(anonymous_12)
FNDA:0,(anonymous_13)
FNDA:0,(anonymous_14)
FNDA:0,(anonymous_15)
FNDA:0,(anonymous_16)
FNDA:0,(anonymous_17)
FNDA:0,(anonymous_18)
FNDA:0,(anonymous_19)
FNDA:0,(anonymous_20)
FNDA:0,(anonymous_21)
FNDA:0,(anonymous_22)
FNDA:0,(anonymous_23)
FNDA:0,(anonymous_24)
FNDA:0,(anonymous_25)
FNDA:0,(anonymous_26)
FNDA:0,(anonymous_27)
FNDA:0,(anonymous_28)
FNDA:0,(anonymous_29)
FNDA:0,(anonymous_30)
FNDA:0,(anonymous_31)
FNDA:0,(anonymous_32)
FNDA:0,(anonymous_33)
FNDA:0,(anonymous_34)
FNDA:0,(anonymous_35)
FNDA:0,(anonymous_36)
FNDA:0,(anonymous_37)
DA:14,0
DA:33,0
DA:34,0
DA:35,0
DA:63,0
DA:74,0
DA:77,0
DA:80,0
DA:81,0
DA:84,0
DA:85,0
DA:86,0
DA:87,0
DA:89,0
DA:90,0
DA:91,0
DA:93,0
DA:96,0
DA:98,0
DA:99,0
DA:100,0
DA:101,0
DA:103,0
DA:104,0
DA:105,0
DA:107,0
DA:111,0
DA:112,0
DA:114,0
DA:116,0
DA:117,0
DA:118,0
DA:121,0
DA:122,0
DA:126,0
DA:127,0
DA:132,0
DA:133,0
DA:134,0
DA:135,0
DA:139,0
DA:143,0
DA:144,0
DA:145,0
DA:148,0
DA:149,0
DA:152,0
DA:153,0
DA:156,0
DA:162,0
DA:163,0
DA:164,0
DA:168,0
DA:169,0
DA:170,0
DA:173,0
DA:174,0
DA:175,0
DA:179,0
DA:180,0
DA:181,0
DA:182,0
DA:183,0
DA:187,0
DA:188,0
DA:189,0
DA:190,0
DA:191,0
DA:195,0
DA:196,0
DA:197,0
DA:198,0
DA:199,0
DA:200,0
DA:204,0
DA:205,0
DA:206,0
DA:208,0
DA:215,0
DA:216,0
DA:217,0
DA:219,0
DA:220,0
DA:221,0
DA:222,0
DA:224,0
DA:225,0
DA:226,0
DA:228,0
DA:229,0
DA:231,0
DA:232,0
DA:233,0
DA:238,0
DA:239,0
DA:250,0
DA:268,0
DA:269,0
DA:270,0
DA:271,0
DA:273,0
DA:296,0
DA:304,0
DA:320,0
DA:323,0
DA:350,0
DA:374,0
DA:404,0
DA:405,0
DA:408,0
DA:422,0
LF:111
LH:0
BRDA:67,0,0,0
BRDA:75,1,0,0
BRDA:75,1,1,0
BRDA:78,2,0,0
BRDA:78,2,1,0
BRDA:86,3,0,0
BRDA:86,3,1,0
BRDA:100,4,0,0
BRDA:100,4,1,0
BRDA:118,5,0,0
BRDA:118,5,1,0
BRDA:121,6,0,0
BRDA:121,6,1,0
BRDA:121,7,0,0
BRDA:121,7,1,0
BRDA:126,8,0,0
BRDA:126,8,1,0
BRDA:132,9,0,0
BRDA:132,9,1,0
BRDA:134,10,0,0
BRDA:134,10,1,0
BRDA:144,11,0,0
BRDA:144,11,1,0
BRDA:144,12,0,0
BRDA:144,12,1,0
BRDA:152,13,0,0
BRDA:152,13,1,0
BRDA:169,14,0,0
BRDA:169,14,1,0
BRDA:169,15,0,0
BRDA:169,15,1,0
BRDA:216,16,0,0
BRDA:216,16,1,0
BRDA:216,17,0,0
BRDA:216,17,1,0
BRDA:221,18,0,0
BRDA:221,18,1,0
BRDA:221,19,0,0
BRDA:221,19,1,0
BRDA:225,20,0,0
BRDA:225,20,1,0
BRDA:231,21,0,0
BRDA:231,21,1,0
BRDA:258,22,0,0
BRDA:261,23,0,0
BRDA:261,23,1,0
BRDA:269,24,0,0
BRDA:269,24,1,0
BRDA:271,25,0,0
BRDA:271,25,1,0
BRDA:280,26,0,0
BRDA:280,26,1,0
BRDA:286,27,0,0
BRDA:286,27,1,0
BRDA:286,28,0,0
BRDA:286,28,1,0
BRDA:296,29,0,0
BRDA:296,29,1,0
BRDA:305,30,0,0
BRDA:305,30,1,0
BRDA:360,31,0,0
BRDA:364,32,0,0
BRDA:364,32,1,0
BRDA:390,33,0,0
BRDA:390,33,1,0
BRDA:397,34,0,0
BRDA:404,35,0,0
BRDA:404,35,1,0
BRDA:408,36,0,0
BRDA:408,36,1,0
BRF:70
BRH:0
end_of_record
TN:
SF:src/components/backtest/PortfolioStrategyResults.tsx
FN:77,PortfolioStrategyResults
FN:103,(anonymous_3)
FN:111,(anonymous_4)
FN:112,(anonymous_5)
FN:121,(anonymous_6)
FN:140,(anonymous_7)
FN:197,(anonymous_8)
FN:205,(anonymous_9)
FNF:8
FNH:0
FNDA:0,PortfolioStrategyResults
FNDA:0,(anonymous_3)
FNDA:0,(anonymous_4)
FNDA:0,(anonymous_5)
FNDA:0,(anonymous_6)
FNDA:0,(anonymous_7)
FNDA:0,(anonymous_8)
FNDA:0,(anonymous_9)
DA:12,0
DA:22,0
DA:35,0
DA:36,0
DA:75,0
DA:77,0
DA:81,0
DA:91,0
DA:92,0
DA:95,0
DA:96,0
DA:98,0
DA:99,0
DA:103,0
DA:110,0
DA:111,0
DA:112,0
DA:121,0
DA:141,0
DA:198,0
DA:199,0
DA:206,0
LF:22
LH:0
BRDA:79,0,0,0
BRDA:81,1,0,0
BRDA:81,1,1,0
BRDA:91,2,0,0
BRDA:91,2,1,0
BRDA:91,3,0,0
BRDA:91,3,1,0
BRDA:91,3,2,0
BRDA:96,4,0,0
BRDA:96,4,1,0
BRDA:98,5,0,0
BRDA:98,5,1,0
BRDA:114,6,0,0
BRDA:114,6,1,0
BRDA:115,7,0,0
BRDA:115,7,1,0
BRDA:116,8,0,0
BRDA:116,8,1,0
BRDA:159,9,0,0
BRDA:161,10,0,0
BRDA:166,11,0,0
BRDA:199,12,0,0
BRDA:199,12,1,0
BRDA:218,13,0,0
BRDA:259,14,0,0
BRDA:290,15,0,0
BRF:26
BRH:0
end_of_record
TN:
SF:src/components/backtest/PositionAnalysis.tsx
FN:94,PositionAnalysis
FN:108,(anonymous_5)
FN:109,(anonymous_6)
FN:128,(anonymous_7)
FN:180,(anonymous_8)
FN:185,(anonymous_9)
FN:190,(anonymous_10)
FN:209,(anonymous_11)
FN:215,(anonymous_12)
FN:216,(anonymous_13)
FN:221,(anonymous_14)
FN:226,(anonymous_15)
FN:232,(anonymous_16)
FN:239,(anonymous_17)
FN:244,(anonymous_18)
FN:250,(anonymous_19)
FN:251,(anonymous_20)
FN:259,(anonymous_21)
FN:263,(anonymous_22)
FN:270,(anonymous_23)
FN:274,(anonymous_24)
FN:279,(anonymous_25)
FN:293,(anonymous_26)
FN:294,(anonymous_27)
FN:295,(anonymous_28)
FN:297,(anonymous_29)
FN:299,(anonymous_30)
FN:302,(anonymous_31)
FN:318,(anonymous_32)
FN:328,(anonymous_33)
FN:358,(anonymous_34)
FN:360,(anonymous_35)
FN:371,(anonymous_36)
FN:392,(anonymous_37)
FN:404,(anonymous_38)
FN:412,(anonymous_39)
FN:419,(anonymous_40)
FN:429,(anonymous_41)
FN:448,(anonymous_42)
FN:451,(anonymous_43)
FN:453,(anonymous_44)
FN:455,(anonymous_45)
FN:457,(anonymous_46)
FN:459,(anonymous_47)
FN:463,(anonymous_48)
FN:492,(anonymous_49)
FN:515,(anonymous_50)
FN:523,(anonymous_51)
FN:553,(anonymous_52)
FN:561,(anonymous_53)
FN:568,(anonymous_54)
FN:578,(anonymous_55)
FN:608,(anonymous_56)
FN:610,(anonymous_57)
FN:630,(anonymous_58)
FN:632,(anonymous_59)
FN:653,(anonymous_60)
FN:661,(anonymous_61)
FN:668,(anonymous_62)
FN:678,(anonymous_63)
FN:708,(anonymous_64)
FN:715,(anonymous_65)
FN:740,(anonymous_66)
FN:748,(anonymous_67)
FN:755,(anonymous_68)
FN:765,(anonymous_69)
FN:802,(anonymous_70)
FN:811,(anonymous_71)
FN:825,(anonymous_72)
FN:833,(anonymous_73)
FN:840,(anonymous_74)
FN:850,(anonymous_75)
FN:910,(anonymous_76)
FN:918,(anonymous_77)
FN:925,(anonymous_78)
FN:930,(anonymous_79)
FN:942,(anonymous_80)
FN:957,(anonymous_81)
FN:967,(anonymous_82)
FN:983,(anonymous_83)
FN:993,(anonymous_84)
FN:1023,(anonymous_85)
FN:1025,(anonymous_86)
FN:1051,(anonymous_87)
FN:1059,(anonymous_88)
FN:1113,(anonymous_89)
FN:1121,(anonymous_90)
FN:1128,(anonymous_91)
FN:1129,(anonymous_92)
FN:1136,(anonymous_93)
FN:1142,(anonymous_94)
FN:1150,(anonymous_95)
FN:1332,(anonymous_96)
FN:1432,(anonymous_97)
FN:1443,(anonymous_98)
FN:1454,(anonymous_99)
FN:1463,(anonymous_100)
FN:1474,(anonymous_101)
FN:1484,(anonymous_102)
FN:1554,(anonymous_103)
FN:1597,(anonymous_104)
FN:1909,(anonymous_105)
FN:1930,(anonymous_106)
FN:1951,(anonymous_107)
FN:1964,(anonymous_108)
FN:1965,(anonymous_109)
FNF:106
FNH:63
FNDA:75,PositionAnalysis
FNDA:5,(anonymous_5)
FNDA:1,(anonymous_6)
FNDA:44,(anonymous_7)
FNDA:44,(anonymous_8)
FNDA:46,(anonymous_9)
FNDA:204,(anonymous_10)
FNDA:44,(anonymous_11)
FNDA:164,(anonymous_12)
FNDA:163,(anonymous_13)
FNDA:197,(anonymous_14)
FNDA:44,(anonymous_15)
FNDA:164,(anonymous_16)
FNDA:197,(anonymous_17)
FNDA:44,(anonymous_18)
FNDA:164,(anonymous_19)
FNDA:163,(anonymous_20)
FNDA:197,(anonymous_21)
FNDA:44,(anonymous_22)
FNDA:15,(anonymous_23)
FNDA:10,(anonymous_24)
FNDA:44,(anonymous_25)
FNDA:164,(anonymous_26)
FNDA:164,(anonymous_27)
FNDA:164,(anonymous_28)
FNDA:164,(anonymous_29)
FNDA:123,(anonymous_30)
FNDA:123,(anonymous_31)
FNDA:56,(anonymous_32)
FNDA:0,(anonymous_33)
FNDA:0,(anonymous_34)
FNDA:0,(anonymous_35)
FNDA:0,(anonymous_36)
FNDA:0,(anonymous_37)
FNDA:0,(anonymous_38)
FNDA:2,(anonymous_39)
FNDA:57,(anonymous_40)
FNDA:0,(anonymous_41)
FNDA:0,(anonymous_42)
FNDA:0,(anonymous_43)
FNDA:0,(anonymous_44)
FNDA:0,(anonymous_45)
FNDA:0,(anonymous_46)
FNDA:0,(anonymous_47)
FNDA:0,(anonymous_48)
FNDA:0,(anonymous_49)
FNDA:0,(anonymous_50)
FNDA:0,(anonymous_51)
FNDA:0,(anonymous_52)
FNDA:3,(anonymous_53)
FNDA:56,(anonymous_54)
FNDA:0,(anonymous_55)
FNDA:0,(anonymous_56)
FNDA:0,(anonymous_57)
FNDA:0,(anonymous_58)
FNDA:0,(anonymous_59)
FNDA:0,(anonymous_60)
FNDA:1,(anonymous_61)
FNDA:56,(anonymous_62)
FNDA:0,(anonymous_63)
FNDA:0,(anonymous_64)
FNDA:0,(anonymous_65)
FNDA:0,(anonymous_66)
FNDA:1,(anonymous_67)
FNDA:56,(anonymous_68)
FNDA:0,(anonymous_69)
FNDA:0,(anonymous_70)
FNDA:0,(anonymous_71)
FNDA:0,(anonymous_72)
FNDA:1,(anonymous_73)
FNDA:56,(anonymous_74)
FNDA:0,(anonymous_75)
FNDA:0,(anonymous_76)
FNDA:1,(anonymous_77)
FNDA:44,(anonymous_78)
FNDA:6,(anonymous_79)
FNDA:8,(anonymous_80)
FNDA:48,(anonymous_81)
FNDA:9,(anonymous_82)
FNDA:59,(anonymous_83)
FNDA:0,(anonymous_84)
FNDA:0,(anonymous_85)
FNDA:0,(anonymous_86)
FNDA:0,(anonymous_87)
FNDA:0,(anonymous_88)
FNDA:0,(anonymous_89)
FNDA:2,(anonymous_90)
FNDA:2,(anonymous_91)
FNDA:2,(anonymous_92)
FNDA:5,(anonymous_93)
FNDA:443,(anonymous_94)
FNDA:449,(anonymous_95)
FNDA:12,(anonymous_96)
FNDA:0,(anonymous_97)
FNDA:0,(anonymous_98)
FNDA:1,(anonymous_99)
FNDA:1,(anonymous_100)
FNDA:0,(anonymous_101)
FNDA:221,(anonymous_102)
FNDA:5,(anonymous_103)
FNDA:1,(anonymous_104)
FNDA:6,(anonymous_105)
FNDA:6,(anonymous_106)
FNDA:6,(anonymous_107)
FNDA:6,(anonymous_108)
FNDA:6,(anonymous_109)
DA:6,1
DA:34,1
DA:35,1
DA:44,1
DA:45,1
DA:94,44
DA:95,75
DA:99,75
DA:100,75
DA:101,75
DA:104,75
DA:105,75
DA:107,75
DA:108,75
DA:109,75
DA:112,75
DA:113,75
DA:114,75
DA:115,75
DA:116,75
DA:117,75
DA:118,75
DA:119,75
DA:120,75
DA:121,75
DA:122,75
DA:123,75
DA:124,75
DA:125,75
DA:128,75
DA:129,44
DA:130,44
DA:131,44
DA:133,44
DA:134,1
DA:135,1
DA:139,43
DA:140,37
DA:141,37
DA:151,6
DA:152,6
DA:153,6
DA:154,6
DA:155,6
DA:159,6
DA:167,6
DA:168,5
DA:170,1
DA:171,1
DA:175,0
DA:176,0
DA:180,75
DA:181,44
DA:185,75
DA:186,46
DA:187,3
DA:190,43
DA:191,204
DA:192,204
DA:194,204
DA:195,204
DA:198,0
DA:199,0
DA:204,0
DA:209,75
DA:210,44
DA:211,3
DA:214,41
DA:215,164
DA:216,163
DA:221,197
DA:226,75
DA:227,44
DA:228,3
DA:231,41
DA:232,164
DA:239,197
DA:244,75
DA:245,44
DA:246,3
DA:249,41
DA:250,164
DA:251,163
DA:259,197
DA:263,75
DA:264,44
DA:265,44
DA:266,39
DA:269,5
DA:270,15
DA:274,10
DA:279,75
DA:280,44
DA:281,3
DA:292,41
DA:293,164
DA:294,164
DA:295,164
DA:297,164
DA:299,41
DA:300,123
DA:302,41
DA:303,123
DA:306,41
DA:318,75
DA:319,56
DA:320,54
DA:324,2
DA:325,0
DA:328,2
DA:329,0
DA:330,0
DA:334,0
DA:335,0
DA:337,0
DA:338,0
DA:341,0
DA:342,0
DA:345,0
DA:347,0
DA:359,0
DA:360,0
DA:363,0
[...]
FNDA:0,(anonymous_32)
FNDA:0,(anonymous_33)
FNDA:0,(anonymous_34)
FNDA:0,(anonymous_35)
FNDA:0,(anonymous_36)
FNDA:0,(anonymous_37)
FNDA:0,(anonymous_38)
FNDA:0,(anonymous_39)
FNDA:0,(anonymous_40)
FNDA:0,(anonymous_41)
FNDA:0,(anonymous_42)
FNDA:0,(anonymous_43)
FNDA:0,(anonymous_44)
FNDA:0,(anonymous_45)
FNDA:0,(anonymous_46)
FNDA:0,(anonymous_47)
FNDA:0,(anonymous_48)
DA:11,1
DA:93,1
DA:95,0
DA:96,0
DA:100,0
DA:103,0
DA:108,0
DA:110,0
DA:111,0
DA:113,0
DA:124,0
DA:130,0
DA:131,0
DA:136,0
DA:141,0
DA:143,0
DA:144,0
DA:145,0
DA:146,0
DA:147,0
DA:151,0
DA:159,0
DA:165,0
DA:166,0
DA:170,0
DA:186,0
DA:187,0
DA:188,0
DA:190,0
DA:191,0
DA:194,0
DA:205,0
DA:207,0
DA:220,0
DA:228,0
DA:237,0
DA:238,0
DA:239,0
DA:243,0
DA:244,0
DA:245,0
DA:246,0
DA:251,0
DA:252,0
DA:253,0
DA:257,0
DA:258,0
DA:259,0
DA:263,0
DA:264,0
DA:265,0
DA:266,0
DA:267,0
DA:269,0
DA:270,0
DA:273,0
DA:274,0
DA:276,0
DA:277,0
DA:281,0
DA:289,0
DA:296,0
DA:303,0
DA:312,0
DA:314,0
DA:328,0
DA:329,0
DA:346,0
DA:347,0
DA:362,0
DA:363,0
DA:378,0
DA:379,0
DA:389,0
DA:396,0
DA:403,0
DA:414,0
DA:421,0
DA:424,0
DA:435,0
DA:436,0
DA:437,0
DA:439,0
DA:440,0
DA:442,0
DA:443,0
DA:446,0
DA:449,0
DA:454,0
DA:455,0
DA:458,0
DA:482,0
DA:489,0
DA:502,0
DA:512,0
DA:527,0
DA:553,0
DA:570,0
DA:589,0
DA:610,0
DA:633,0
DA:655,0
DA:674,0
DA:675,0
DA:677,0
DA:695,0
DA:726,0
DA:744,0
DA:763,0
DA:770,0
DA:771,0
DA:778,0
DA:795,0
DA:802,0
DA:824,0
DA:839,0
DA:858,0
DA:862,0
DA:863,0
DA:865,0
DA:866,0
DA:868,0
DA:869,0
DA:871,0
DA:872,0
DA:876,0
DA:881,0
LF:127
LH:2
BRDA:95,0,0,0
BRDA:95,0,1,0
BRDA:110,1,0,0
BRDA:110,1,1,0
BRDA:110,2,0,0
BRDA:110,2,1,0
BRDA:143,3,0,0
BRDA:143,3,1,0
BRDA:144,4,0,0
BRDA:144,4,1,0
BRDA:144,5,0,0
BRDA:144,5,1,0
BRDA:146,6,0,0
BRDA:146,6,1,0
BRDA:154,7,0,0
BRDA:154,7,1,0
BRDA:154,8,0,0
BRDA:154,8,1,0
BRDA:155,9,0,0
BRDA:155,9,1,0
BRDA:156,10,0,0
BRDA:156,10,1,0
BRDA:167,11,0,0
BRDA:167,11,1,0
BRDA:187,12,0,0
BRDA:187,12,1,0
BRDA:190,13,0,0
BRDA:190,13,1,0
BRDA:228,14,0,0
BRDA:228,14,1,0
BRDA:248,15,0,0
BRDA:248,15,1,0
BRDA:251,16,0,0
BRDA:251,16,1,0
BRDA:257,17,0,0
BRDA:257,17,1,0
BRDA:263,18,0,0
BRDA:263,18,1,0
BRDA:263,19,0,0
BRDA:263,19,1,0
BRDA:263,19,2,0
BRDA:265,20,0,0
BRDA:265,20,1,0
BRDA:265,21,0,0
BRDA:265,21,1,0
BRDA:279,22,0,0
BRDA:279,22,1,0
BRDA:314,23,0,0
BRDA:314,23,1,0
BRDA:314,24,0,0
BRDA:314,24,1,0
BRDA:424,25,0,0
BRDA:424,25,1,0
BRDA:436,26,0,0
BRDA:436,26,1,0
BRDA:439,27,0,0
BRDA:439,27,1,0
BRDA:442,28,0,0
BRDA:442,28,1,0
BRDA:447,29,0,0
BRDA:447,29,1,0
BRDA:454,30,0,0
BRDA:454,30,1,0
BRDA:454,31,0,0
BRDA:454,31,1,0
BRDA:458,32,0,0
BRDA:458,32,1,0
BRDA:701,33,0,0
BRDA:770,34,0,0
BRDA:770,34,1,0
BRDA:784,35,0,0
BRDA:840,36,0,0
BRDA:840,36,1,0
BRDA:859,37,0,0
BRDA:859,37,1,0
BRDA:862,38,0,0
BRDA:862,38,1,0
BRDA:862,39,0,0
BRDA:862,39,1,0
BRDA:865,40,0,0
BRDA:865,40,1,0
BRDA:868,41,0,0
BRDA:868,41,1,0
BRDA:871,42,0,0
BRDA:871,42,1,0
BRF:85
BRH:0
end_of_record
TN:
SF:src/services/optimizationService.ts
FN:120,(anonymous_1)
FN:174,(anonymous_2)
FN:226,(anonymous_3)
FN:253,(anonymous_4)
FN:270,(anonymous_5)
FN:284,(anonymous_6)
FN:298,(anonymous_7)
FNF:7
FNH:0
FNDA:0,(anonymous_1)
FNDA:0,(anonymous_2)
FNDA:0,(anonymous_3)
FNDA:0,(anonymous_4)
FNDA:0,(anonymous_5)
FNDA:0,(anonymous_6)
FNDA:0,(anonymous_7)
DA:114,0
DA:116,0
DA:121,0
DA:123,0
DA:124,0
DA:125,0
DA:127,0
DA:135,0
DA:136,0
DA:137,0
DA:140,0
DA:141,0
DA:142,0
DA:143,0
DA:144,0
DA:145,0
DA:148,0
DA:149,0
DA:150,0
DA:152,0
DA:155,0
DA:160,0
DA:161,0
DA:162,0
DA:164,0
DA:165,0
DA:166,0
DA:167,0
DA:168,0
DA:170,0
DA:172,0
DA:173,0
DA:175,0
DA:176,0
DA:179,0
DA:180,0
DA:182,0
DA:184,0
DA:185,0
DA:186,0
DA:187,0
DA:190,0
DA:191,0
DA:192,0
DA:195,0
DA:196,0
DA:199,0
DA:202,0
DA:203,0
DA:205,0
DA:206,0
DA:209,0
DA:210,0
DA:213,0
DA:215,0
DA:216,0
DA:217,0
DA:219,0
DA:231,0
DA:235,0
DA:236,0
DA:239,0
DA:241,0
DA:242,0
DA:246,0
DA:247,0
DA:256,0
DA:258,0
DA:259,0
DA:263,0
DA:264,0
DA:271,0
DA:273,0
DA:274,0
DA:277,0
DA:278,0
DA:285,0
DA:287,0
DA:288,0
DA:291,0
DA:292,0
DA:305,0
DA:307,0
DA:308,0
DA:317,0
DA:318,0
LF:86
LH:0
BRDA:140,0,0,0
BRDA:140,0,1,0
BRDA:160,1,0,0
BRDA:160,1,1,0
BRDA:166,2,0,0
BRDA:166,2,1,0
BRDA:166,3,0,0
BRDA:166,3,1,0
BRDA:170,4,0,0
BRDA:170,4,1,0
BRDA:172,5,0,0
BRDA:172,5,1,0
BRDA:175,6,0,0
BRDA:175,6,1,0
BRDA:176,7,0,0
BRDA:176,7,1,0
BRDA:179,8,0,0
BRDA:179,8,1,0
BRDA:184,9,0,0
BRDA:184,9,1,0
BRDA:186,10,0,0
BRDA:186,10,1,0
BRDA:192,11,0,0
BRDA:192,11,1,0
BRDA:205,12,0,0
BRDA:205,12,1,0
BRDA:206,13,0,0
BRDA:206,13,1,0
BRDA:209,14,0,0
BRDA:209,14,1,0
BRDA:216,15,0,0
BRDA:216,15,1,0
BRDA:228,16,0,0
BRDA:229,17,0,0
BRDA:235,18,0,0
BRDA:235,18,1,0
BRDA:241,19,0,0
BRDA:241,19,1,0
BRDA:258,20,0,0
BRDA:258,20,1,0
BRDA:273,21,0,0
BRDA:273,21,1,0
BRDA:287,22,0,0
BRDA:287,22,1,0
BRDA:307,23,0,0
BRDA:307,23,1,0
BRF:46
BRH:0
end_of_record
TN:
SF:src/services/strategyConfigService.ts
FN:52,(anonymous_1)
FN:78,(anonymous_2)
FN:85,(anonymous_3)
FN:92,(anonymous_4)
FN:102,(anonymous_5)
FNF:5
FNH:0
FNDA:0,(anonymous_1)
FNDA:0,(anonymous_2)
FNDA:0,(anonymous_3)
FNDA:0,(anonymous_4)
FNDA:0,(anonymous_5)
DA:11,0
DA:48,0
DA:56,0
DA:57,0
DA:58,0
DA:60,0
DA:61,0
DA:64,0
DA:69,0
DA:79,0
DA:86,0
DA:96,0
DA:103,0
LF:13
LH:0
BRDA:57,0,0,0
BRDA:57,0,1,0
BRDA:60,1,0,0
BRDA:60,1,1,0
BRDA:70,2,0,0
BRDA:70,2,1,0
BRDA:71,3,0,0
BRDA:71,3,1,0
BRF:8
BRH:0
end_of_record
TN:
SF:src/services/taskService.ts
FN:21,(anonymous_1)
FN:28,(anonymous_2)
FN:44,(anonymous_3)
FN:53,(anonymous_4)
FN:61,(anonymous_5)
FN:68,(anonymous_6)
FN:75,(anonymous_7)
FN:79,(anonymous_8)
FN:98,(anonymous_9)
FN:116,(anonymous_10)
FN:129,(anonymous_11)
FN:136,(anonymous_12)
FN:149,(anonymous_13)
FNF:13
FNH:3
FNDA:6,(anonymous_1)
FNDA:3,(anonymous_2)
FNDA:4,(anonymous_3)
FNDA:0,(anonymous_4)
FNDA:0,(anonymous_5)
FNDA:0,(anonymous_6)
FNDA:0,(anonymous_7)
FNDA:0,(anonymous_8)
FNDA:0,(anonymous_9)
FNDA:0,(anonymous_10)
FNDA:0,(anonymous_11)
FNDA:0,(anonymous_12)
FNDA:0,(anonymous_13)
DA:11,1
DA:17,13
DA:22,6
DA:33,3
DA:34,3
DA:35,0
DA:38,3
DA:45,4
DA:54,0
DA:55,0
DA:62,0
DA:69,0
DA:76,0
DA:78,0
DA:79,0
DA:106,0
DA:107,0
DA:108,0
DA:110,0
DA:120,0
DA:121,0
DA:130,0
DA:143,0
DA:153,0
LF:24
LH:7
BRDA:30,0,0,3
BRDA:31,1,0,3
BRDA:34,2,0,0
BRDA:34,2,1,3
BRDA:53,3,0,0
BRDA:54,4,0,0
BRDA:54,4,1,0
BRDA:79,5,0,0
BRDA:79,5,1,0
BRDA:82,6,0,0
BRDA:82,6,1,0
BRDA:84,7,0,0
BRDA:84,7,1,0
BRDA:86,8,0,0
BRDA:86,8,1,0
BRDA:87,9,0,0
BRDA:87,9,1,0
BRDA:88,10,0,0
BRDA:88,10,1,0
BRDA:89,11,0,0
BRDA:89,11,1,0
BRDA:107,12,0,0
BRDA:107,12,1,0
BRDA:107,13,0,0
BRDA:107,13,1,0
BRDA:118,14,0,0
BRDA:122,15,0,0
BRDA:122,15,1,0
BRF:28
BRH:3
end_of_record
TN:
SF:src/services/websocket.ts
FN:41,(anonymous_3)
FN:46,(anonymous_4)
FN:51,(anonymous_5)
FN:54,(anonymous_6)
FN:67,(anonymous_7)
FN:75,(anonymous_8)
FN:109,(anonymous_9)
FN:115,(anonymous_10)
FN:122,(anonymous_11)
FN:133,(anonymous_12)
FN:139,(anonymous_13)
FN:152,(anonymous_14)
FN:236,(anonymous_15)
FN:248,(anonymous_16)
FN:256,(anonymous_17)
FN:268,(anonymous_18)
FN:281,(anonymous_19)
FN:287,(anonymous_20)
FN:300,(anonymous_21)
FN:315,(anonymous_22)
FN:322,(anonymous_23)
FN:329,(anonymous_24)
FN:336,(anonymous_25)
FN:343,(anonymous_26)
FN:350,(anonymous_27)
FN:361,(anonymous_28)
FNF:26
FNH:0
FNDA:0,(anonymous_3)
FNDA:0,(anonymous_4)
FNDA:0,(anonymous_5)
FNDA:0,(anonymous_6)
FNDA:0,(anonymous_7)
FNDA:0,(anonymous_8)
FNDA:0,(anonymous_9)
FNDA:0,(anonymous_10)
FNDA:0,(anonymous_11)
FNDA:0,(anonymous_12)
FNDA:0,(anonymous_13)
FNDA:0,(anonymous_14)
FNDA:0,(anonymous_15)
FNDA:0,(anonymous_16)
FNDA:0,(anonymous_17)
FNDA:0,(anonymous_18)
FNDA:0,(anonymous_19)
FNDA:0,(anonymous_20)
FNDA:0,(anonymous_21)
FNDA:0,(anonymous_22)
FNDA:0,(anonymous_23)
FNDA:0,(anonymous_24)
FNDA:0,(anonymous_25)
FNDA:0,(anonymous_26)
FNDA:0,(anonymous_27)
FNDA:0,(anonymous_28)
DA:40,0
DA:42,0
DA:43,0
DA:47,0
DA:48,0
DA:52,0
DA:55,0
DA:60,0
DA:61,0
DA:62,0
DA:63,0
DA:64,0
DA:65,0
DA:68,0
DA:79,0
DA:81,0
DA:82,0
DA:83,0
DA:85,0
DA:86,0
DA:88,0
DA:89,0
DA:92,0
DA:95,0
DA:97,0
DA:98,0
DA:99,0
DA:101,0
DA:102,0
DA:110,0
DA:111,0
DA:115,0
DA:116,0
DA:117,0
DA:118,0
DA:122,0
DA:123,0
DA:124,0
DA:127,0
DA:128,0
DA:133,0
DA:134,0
DA:135,0
DA:139,0
DA:140,0
DA:141,0
DA:142,0
DA:144,0
DA:153,0
DA:154,0
DA:155,0
DA:156,0
DA:159,0
DA:161,0
DA:162,0
DA:165,0
DA:166,0
DA:167,0
DA:170,0
DA:171,0
DA:172,0
DA:175,0
DA:176,0
DA:177,0
DA:178,0
DA:181,0
DA:182,0
DA:183,0
DA:184,0
DA:187,0
DA:188,0
DA:191,0
DA:194,0
DA:196,0
DA:197,0
DA:199,0
DA:200,0
DA:202,0
DA:203,0
DA:205,0
DA:208,0
DA:209,0
DA:212,0
DA:213,0
DA:217,0
DA:218,0
DA:222,0
DA:225,0
DA:226,0
DA:229,0
DA:237,0
DA:238,0
DA:239,0
DA:240,0
DA:243,0
DA:244,0
DA:246,0
DA:248,0
DA:249,0
DA:257,0
DA:258,0
DA:259,0
DA:260,0
DA:262,0
DA:269,0
DA:270,0
DA:271,0
DA:272,0
DA:273,0
DA:285,0
DA:286,0
DA:287,0
DA:288,0
DA:289,0
DA:291,0
DA:301,0
DA:302,0
DA:306,0
DA:308,0
DA:316,0
DA:323,0
DA:330,0
DA:337,0
DA:344,0
DA:351,0
DA:352,0
DA:354,0
DA:355,0
DA:362,0
DA:363,0
DA:364,0
DA:366,0
DA:371,0
LF:133
LH:0
BRDA:42,0,0,0
BRDA:42,0,1,0
BRDA:47,1,0,0
BRDA:47,1,1,0
BRDA:79,2,0,0
BRDA:79,2,1,0
BRDA:83,3,0,0
BRDA:83,3,1,0
BRDA:85,4,0,0
BRDA:85,4,1,0
BRDA:88,5,0,0
BRDA:88,5,1,0
BRDA:110,6,0,0
BRDA:110,6,1,0
BRDA:127,7,0,0
BRDA:127,7,1,0
BRDA:154,8,0,0
BRDA:154,8,1,0
BRDA:159,9,0,0
BRDA:159,9,1,0
BRDA:159,9,2,0
BRDA:159,9,3,0
BRDA:159,9,4,0
BRDA:159,9,5,0
BRDA:159,9,6,0
BRDA:159,9,7,0
BRDA:159,9,8,0
BRDA:159,9,9,0
BRDA:159,9,10,0
BRDA:159,9,11,0
BRDA:159,9,12,0
BRDA:159,9,13,0
BRDA:194,10,0,0
BRDA:194,10,1,0
BRDA:194,10,2,0
BRDA:237,11,0,0
BRDA:237,11,1,0
BRDA:258,12,0,0
BRDA:258,12,1,0
BRDA:270,13,0,0
BRDA:270,13,1,0
BRDA:272,14,0,0
BRDA:272,14,1,0
BRDA:286,15,0,0
BRDA:286,15,1,0
BRDA:301,16,0,0
BRDA:301,16,1,0
BRDA:301,17,0,0
BRDA:301,17,1,0
BRDA:351,18,0,0
BRDA:351,18,1,0
BRDA:362,19,0,0
BRDA:362,19,1,0
BRF:53
BRH:0
end_of_record
TN:
SF:src/stores/useAppStore.ts
FN:51,(anonymous_1)
FN:57,(anonymous_2)
FN:78,(anonymous_3)
FN:80,(anonymous_4)
FN:88,(anonymous_5)
FN:90,(anonymous_6)
FN:92,(anonymous_7)
FN:94,(anonymous_8)
FN:101,(anonymous_9)
FNF:9
FNH:0
FNDA:0,(anonymous_1)
FNDA:0,(anonymous_2)
FNDA:0,(anonymous_3)
FNDA:0,(anonymous_4)
FNDA:0,(anonymous_5)
FNDA:0,(anonymous_6)
FNDA:0,(anonymous_7)
FNDA:0,(anonymous_8)
FNDA:0,(anonymous_9)
DA:11,0
DA:12,0
DA:49,0
DA:51,0
DA:59,0
DA:60,0
DA:62,0
DA:63,0
DA:64,0
DA:66,0
DA:67,0
DA:68,0
DA:69,0
DA:79,0
DA:80,0
DA:88,0
DA:90,0
DA:93,0
DA:94,0
DA:101,0
LF:20
LH:0
BRDA:59,0,0,0
BRDA:59,0,1,0
BRDA:60,1,0,0
BRDA:60,1,1,0
BRDA:63,2,0,0
BRDA:63,2,1,0
BRDA:66,3,0,0
BRDA:66,3,1,0
BRDA:68,4,0,0
BRDA:68,4,1,0
BRF:10
BRH:0
end_of_record
TN:
SF:src/stores/useDataStore.ts
FN:83,(anonymous_1)
FN:100,(anonymous_2)
FN:102,(anonymous_3)
FN:111,(anonymous_4)
FN:115,(anonymous_5)
FN:125,(anonymous_6)
FN:134,(anonymous_7)
FN:144,(anonymous_8)
FN:153,(anonymous_9)
FN:163,(anonymous_10)
FN:173,(anonymous_11)
FN:175,(anonymous_12)
FN:184,(anonymous_13)
FN:186,(anonymous_14)
FN:195,(anonymous_15)
FN:204,(anonymous_16)
FN:213,(anonymous_17)
FN:222,(anonymous_18)
FN:231,(anonymous_19)
FN:240,(anonymous_20)
FNF:20
FNH:0
FNDA:0,(anonymous_1)
FNDA:0,(anonymous_2)
FNDA:0,(anonymous_3)
FNDA:0,(anonymous_4)
FNDA:0,(anonymous_5)
FNDA:0,(anonymous_6)
FNDA:0,(anonymous_7)
FNDA:0,(anonymous_8)
FNDA:0,(anonymous_9)
FNDA:0,(anonymous_10)
FNDA:0,(anonymous_11)
FNDA:0,(anonymous_12)
FNDA:0,(anonymous_13)
FNDA:0,(anonymous_14)
FNDA:0,(anonymous_15)
FNDA:0,(anonymous_16)
FNDA:0,(anonymous_17)
FNDA:0,(anonymous_18)
FNDA:0,(anonymous_19)
FNDA:0,(anonymous_20)
DA:13,0
DA:14,0
DA:81,0
DA:83,0
DA:101,0
DA:103,0
DA:104,0
DA:105,0
DA:112,0
DA:116,0
DA:126,0
DA:135,0
DA:145,0
DA:154,0
DA:164,0
DA:174,0
DA:176,0
DA:177,0
DA:178,0
DA:185,0
DA:187,0
DA:188,0
DA:189,0
DA:196,0
DA:205,0
DA:214,0
DA:223,0
DA:232,0
DA:241,0
LF:29
LH:0
BRF:0
BRH:0
end_of_record
TN:
SF:src/stores/useTaskStore.ts
FN:47,(anonymous_1)
FN:59,(anonymous_2)
FN:70,(anonymous_3)
FN:72,(anonymous_4)
FN:80,(anonymous_5)
FN:82,(anonymous_6)
FN:83,(anonymous_7)
FN:95,(anonymous_8)
FN:97,(anonymous_9)
FN:99,(anonymous_10)
FN:101,(anonymous_11)
FN:111,(anonymous_12)
FN:121,(anonymous_13)
FNF:13
FNH:0
FNDA:0,(anonymous_1)
FNDA:0,(anonymous_2)
FNDA:0,(anonymous_3)
FNDA:0,(anonymous_4)
FNDA:0,(anonymous_5)
FNDA:0,(anonymous_6)
FNDA:0,(anonymous_7)
FNDA:0,(anonymous_8)
FNDA:0,(anonymous_9)
FNDA:0,(anonymous_10)
FNDA:0,(anonymous_11)
FNDA:0,(anonymous_12)
FNDA:0,(anonymous_13)
DA:11,0
DA:12,0
DA:45,0
DA:47,0
DA:60,0
DA:71,0
DA:72,0
DA:81,0
DA:82,0
DA:84,0
DA:95,0
DA:97,0
DA:99,0
DA:102,0
DA:112,0
DA:122,0
LF:16
LH:0
BRDA:84,0,0,0
BRDA:84,0,1,0
BRDA:87,1,0,0
BRDA:87,1,1,0
BRF:4
BRH:0
end_of_record
TN:
SF:src/theme/mobileOverrides.ts
FN:7,(anonymous_1)
FNF:1
FNH:0
FNDA:0,(anonymous_1)
DA:7,0
LF:1
LH:0
BRF:0
BRH:0
end_of_record
TN:
SF:src/theme/muiTheme.tsx
FN:116,MUIThemeProvider
FNF:1
FNH:0
FNDA:0,MUIThemeProvider
DA:7,0
DA:8,0
DA:10,0
DA:13,0
DA:109,0
DA:110,0
DA:116,0
DA:125,0
LF:8
LH:0
BRF:0
BRH:0
end_of_record
TN:
SF:src/utils/alphaFactorInfo.ts
FN:260,getAlpha158CategoryByNumber
FN:282,getAlpha158FactorName
FN:289,parseAlphaFactor
FN:385,groupAlphaFactorsByCategory
FN:388,(anonymous_9)
FN:397,(anonymous_10)
FN:398,(anonymous_11)
FN:424,getAlphaFactorDisplayName
FNF:8
FNH:0
FNDA:0,getAlpha158CategoryByNumber
FNDA:0,getAlpha158FactorName
FNDA:0,parseAlphaFactor
FNDA:0,groupAlphaFactorsByCategory
FNDA:0,(anonymous_9)
FNDA:0,(anonymous_10)
FNDA:0,(anonymous_11)
FNDA:0,getAlphaFactorDisplayName
DA:16,0
DA:88,0
DA:267,0
DA:268,0
DA:269,0
DA:270,0
DA:271,0
DA:272,0
DA:273,0
DA:274,0
DA:276,0
DA:283,0
DA:289,0
DA:291,0
DA:292,0
DA:293,0
DA:294,0
DA:296,0
DA:298,0
DA:300,0
DA:309,0
DA:360,0
DA:361,0
DA:362,0
DA:363,0
DA:364,0
DA:375,0
DA:385,0
DA:386,0
DA:388,0
DA:389,0
DA:390,0
DA:391,0
DA:393,0
DA:397,0
DA:398,0
DA:400,0
DA:401,0
DA:402,0
DA:403,0
DA:407,0
DA:408,0
DA:409,0
DA:410,0
DA:414,0
DA:418,0
DA:424,0
DA:426,0
DA:427,0
DA:428,0
DA:429,0
DA:432,0
DA:433,0
DA:434,0
DA:436,0
LF:55
LH:0
BRDA:267,0,0,0
BRDA:267,0,1,0
BRDA:267,1,0,0
BRDA:267,1,1,0
BRDA:269,2,0,0
BRDA:269,2,1,0
BRDA:269,3,0,0
BRDA:269,3,1,0
BRDA:271,4,0,0
BRDA:271,4,1,0
BRDA:271,5,0,0
BRDA:271,5,1,0
BRDA:273,6,0,0
BRDA:273,6,1,0
BRDA:273,7,0,0
BRDA:273,7,1,0
BRDA:283,8,0,0
BRDA:283,8,1,0
BRDA:292,9,0,0
BRDA:292,9,1,0
BRDA:296,10,0,0
BRDA:296,10,1,0
BRDA:362,11,0,0
BRDA:362,11,1,0
BRDA:363,12,0,0
BRDA:363,12,1,0
BRDA:367,13,0,0
BRDA:367,13,1,0
BRDA:390,14,0,0
BRDA:390,14,1,0
BRDA:402,15,0,0
BRDA:402,15,1,0
BRDA:402,16,0,0
BRDA:402,16,1,0
BRDA:409,17,0,0
BRDA:409,17,1,0
BRDA:409,18,0,0
BRDA:409,18,1,0
BRDA:427,19,0,0
BRDA:427,19,1,0
BRDA:433,20,0,0
BRDA:433,20,1,0
BRDA:436,21,0,0
BRDA:436,21,1,0
BRF:44
BRH:0
end_of_record
TN:
SF:src/utils/backendConfig.ts
FN:11,getBackendWebSocketUrl
FN:33,getBackendHttpUrl
FNF:2
FNH:0
FNDA:0,getBackendWebSocketUrl
FNDA:0,getBackendHttpUrl
DA:11,0
DA:13,0
DA:14,0
DA:18,0
DA:19,0
DA:20,0
DA:21,0
DA:22,0
DA:26,0
DA:33,0
DA:35,0
DA:36,0
DA:37,0
DA:41,0
DA:42,0
DA:43,0
DA:44,0
DA:45,0
DA:49,0
LF:19
LH:0
BRDA:13,0,0,0
BRDA:13,0,1,0
BRDA:18,1,0,0
BRDA:18,1,1,0
BRDA:19,2,0,0
BRDA:19,2,1,0
BRDA:21,3,0,0
BRDA:21,3,1,0
BRDA:35,4,0,0
BRDA:35,4,1,0
BRDA:37,5,0,0
BRDA:37,5,1,0
BRDA:41,6,0,0
BRDA:41,6,1,0
BRDA:44,7,0,0
BRDA:44,7,1,0
BRF:16
BRH:0
end_of_record
TN:
SF:src/utils/featureConfigs.ts
FN:96,(anonymous_8)
FN:131,(anonymous_9)
FN:160,(anonymous_10)
FN:188,(anonymous_11)
FN:240,(anonymous_12)
FN:241,(anonymous_13)
FN:242,(anonymous_14)
FN:243,(anonymous_15)
FN:270,(anonymous_16)
FN:271,(anonymous_17)
FN:272,(anonymous_18)
FN:273,(anonymous_19)
FN:285,getCustomConfigs
FN:301,saveCustomConfig
FN:322,updateCustomConfig
FN:327,(anonymous_23)
FN:346,deleteCustomConfig
FN:348,(anonymous_25)
FN:361,getConfigById
FN:363,(anonymous_27)
FN:370,(anonymous_28)
FN:376,getAllConfigs
FNF:22
FNH:0
FNDA:0,(anonymous_8)
FNDA:0,(anonymous_9)
FNDA:0,(anonymous_10)
FNDA:0,(anonymous_11)
FNDA:0,(anonymous_12)
FNDA:0,(anonymous_13)
FNDA:0,(anonymous_14)
FNDA:0,(anonymous_15)
FNDA:0,(anonymous_16)
FNDA:0,(anonymous_17)
FNDA:0,(anonymous_18)
FNDA:0,(anonymous_19)
FNDA:0,getCustomConfigs
FNDA:0,saveCustomConfig
FNDA:0,updateCustomConfig
FNDA:0,(anonymous_23)
FNDA:0,deleteCustomConfig
FNDA:0,(anonymous_25)
FNDA:0,getConfigById
FNDA:0,(anonymous_27)
FNDA:0,(anonymous_28)
FNDA:0,getAllConfigs
DA:18,0
DA:96,0
DA:131,0
DA:160,0
DA:188,0
DA:240,0
DA:241,0
DA:242,0
DA:243,0
DA:270,0
DA:271,0
DA:272,0
DA:273,0
DA:280,0
DA:285,0
DA:286,0
DA:287,0
DA:288,0
DA:289,0
DA:291,0
DA:293,0
DA:294,0
DA:301,0
DA:304,0
DA:305,0
DA:313,0
DA:314,0
DA:316,0
DA:322,0
DA:326,0
DA:327,0
DA:329,0
DA:330,0
DA:333,0
DA:339,0
DA:340,0
DA:346,0
DA:347,0
DA:348,0
DA:350,0
DA:351,0
DA:354,0
DA:355,0
DA:361,0
DA:363,0
DA:364,0
DA:365,0
DA:369,0
DA:370,0
DA:376,0
DA:377,0
LF:51
LH:0
BRDA:288,0,0,0
BRDA:288,0,1,0
BRDA:329,1,0,0
BRDA:329,1,1,0
BRDA:350,2,0,0
BRDA:350,2,1,0
BRDA:364,3,0,0
BRDA:364,3,1,0
BRF:8
BRH:0
end_of_record
TN:
SF:src/utils/integrationTest.ts
FN:45,(anonymous_5)
FN:75,(anonymous_6)
FN:76,(anonymous_7)
FN:88,(anonymous_8)
FN:89,(anonymous_9)
FN:110,(anonymous_10)
FN:111,(anonymous_11)
FN:112,(anonymous_12)
FN:113,(anonymous_13)
FN:118,(anonymous_14)
FN:141,(anonymous_15)
FN:142,(anonymous_16)
FN:147,(anonymous_17)
FN:148,(anonymous_18)
FN:153,(anonymous_19)
FN:170,(anonymous_20)
FN:171,(anonymous_21)
FN:202,(anonymous_22)
FN:203,(anonymous_23)
FN:230,(anonymous_24)
FN:231,(anonymous_25)
FN:272,(anonymous_26)
FN:273,(anonymous_27)
FN:320,(anonymous_28)
FN:328,(anonymous_29)
FN:329,(anonymous_30)
FN:330,(anonymous_31)
FN:331,(anonymous_32)
FN:332,(anonymous_33)
FN:333,(anonymous_34)
FN:334,(anonymous_35)
FN:335,(anonymous_36)
FN:348,(anonymous_37)
FN:374,(anonymous_38)
FN:390,(anonymous_39)
FN:411,(anonymous_41)
FN:412,(anonymous_42)
FNF:37
FNH:30
FNDA:12,(anonymous_5)
FNDA:2,(anonymous_6)
FNDA:2,(anonymous_7)
FNDA:1,(anonymous_8)
FNDA:1,(anonymous_9)
FNDA:2,(anonymous_10)
FNDA:2,(anonymous_11)
FNDA:2,(anonymous_12)
FNDA:0,(anonymous_13)
FNDA:0,(anonymous_14)
FNDA:1,(anonymous_15)
FNDA:1,(anonymous_16)
FNDA:1,(anonymous_17)
FNDA:1,(anonymous_18)
FNDA:0,(anonymous_19)
FNDA:1,(anonymous_20)
FNDA:1,(anonymous_21)
FNDA:1,(anonymous_22)
FNDA:1,(anonymous_23)
FNDA:1,(anonymous_24)
FNDA:1,(anonymous_25)
FNDA:3,(anonymous_26)
FNDA:3,(anonymous_27)
FNDA:1,(anonymous_28)
FNDA:1,(anonymous_29)
FNDA:1,(anonymous_30)
FNDA:1,(anonymous_31)
FNDA:1,(anonymous_32)
FNDA:1,(anonymous_33)
FNDA:1,(anonymous_34)
FNDA:1,(anonymous_35)
FNDA:1,(anonymous_36)
FNDA:8,(anonymous_37)
FNDA:0,(anonymous_38)
FNDA:0,(anonymous_39)
FNDA:0,(anonymous_41)
FNDA:0,(anonymous_42)
DA:11,1
DA:12,1
DA:13,1
DA:39,0
DA:40,1
DA:46,12
DA:48,12
DA:49,12
DA:50,10
DA:52,10
DA:60,2
DA:62,2
DA:76,2
DA:77,2
DA:78,2
DA:79,0
DA:81,2
DA:89,1
DA:91,1
DA:94,1
DA:97,1
DA:99,1
DA:111,2
DA:112,2
DA:113,2
DA:114,0
DA:118,2
DA:119,0
DA:120,0
DA:121,0
DA:124,2
DA:127,2
DA:128,2
DA:129,2
DA:132,0
DA:142,1
DA:143,1
DA:144,0
DA:147,1
DA:148,1
DA:149,1
DA:153,1
DA:154,0
DA:155,0
DA:156,0
DA:159,1
DA:162,1
DA:171,1
DA:173,1
DA:184,1
DA:185,0
DA:189,1
DA:191,1
DA:203,1
DA:204,1
DA:205,1
DA:208,1
DA:215,1
DA:220,1
DA:231,1
DA:232,1
DA:239,1
DA:240,1
DA:242,0
DA:246,1
DA:247,1
DA:253,0
DA:257,1
DA:260,1
DA:262,0
DA:265,1
DA:273,3
DA:274,3
DA:280,3
DA:281,2
DA:284,2
DA:285,2
DA:288,2
DA:297,2
DA:300,2
DA:301,2
DA:302,2
DA:306,2
DA:307,2
DA:310,2
DA:311,2
DA:313,2
DA:321,1
DA:322,1
DA:324,1
DA:327,1
DA:328,1
DA:329,1
DA:330,1
DA:331,1
DA:332,1
DA:333,1
DA:334,1
DA:335,1
DA:338,1
DA:339,8
DA:340,8
DA:342,8
DA:347,1
DA:348,8
DA:349,1
DA:351,1
DA:361,1
DA:362,1
DA:363,1
DA:364,1
DA:365,1
DA:366,1
DA:368,1
DA:375,0
DA:390,0
DA:391,0
DA:392,0
DA:393,0
DA:394,0
DA:396,0
DA:397,0
DA:400,0
DA:403,0
DA:408,5
DA:411,1
DA:412,1
DA:413,0
LF:128
LH:102
BRDA:65,0,0,2
BRDA:65,0,1,0
BRDA:78,1,0,0
BRDA:78,1,1,2
BRDA:101,2,0,1
BRDA:101,2,1,1
BRDA:127,3,0,2
BRDA:127,3,1,0
BRDA:143,4,0,0
BRDA:143,4,1,1
BRDA:184,5,0,0
BRDA:184,5,1,1
BRDA:222,6,0,1
BRDA:222,6,1,1
BRDA:291,7,0,2
BRDA:291,7,1,1
BRDA:300,8,0,2
BRDA:300,8,1,0
BRDA:343,9,0,7
BRDA:343,9,1,1
BRDA:366,10,0,0
BRDA:366,10,1,1
BRDA:384,11,0,0
BRDA:384,11,1,0
BRDA:392,12,0,0
BRDA:392,12,1,0
BRDA:396,13,0,0
BRDA:396,13,1,0
BRF:28
BRH:15
end_of_record
