TN:
SF:src/app/page.tsx
FN:7,Home
FN:10,(anonymous_2)
FNF:2
FNH:0
FNDA:0,Home
FNDA:0,(anonymous_2)
DA:3,0
DA:4,0
DA:5,0
DA:7,0
DA:8,0
DA:10,0
DA:12,0
LF:7
LH:0
BRF:0
BRH:0
end_of_record
TN:
SF:src/app/api/health/route.ts
FN:7,GET
FNF:1
FNH:0
FNDA:0,GET
DA:7,0
DA:8,0
DA:9,0
DA:31,0
DA:37,0
LF:5
LH:0
BRDA:15,0,0,0
BRDA:15,0,1,0
BRDA:26,1,0,0
BRDA:26,1,1,0
BRDA:41,2,0,0
BRDA:41,2,1,0
BRF:6
BRH:0
end_of_record
TN:
SF:src/app/api/metrics/route.ts
FN:15,GET
FN:36,POST
FN:79,generatePrometheusMetrics
FNF:3
FNH:0
FNDA:0,GET
FNDA:0,POST
FNDA:0,generatePrometheusMetrics
DA:8,0
DA:15,0
DA:16,0
DA:17,0
DA:19,0
DA:25,0
DA:36,0
DA:37,0
DA:38,0
DA:39,0
DA:42,0
DA:44,0
DA:45,0
DA:47,0
DA:48,0
DA:50,0
DA:51,0
DA:53,0
DA:62,0
DA:68,0
DA:80,0
DA:81,0
DA:83,0
LF:23
LH:0
BRDA:29,0,0,0
BRDA:29,0,1,0
BRDA:39,1,0,0
BRDA:42,2,0,0
BRDA:42,2,1,0
BRDA:42,2,2,0
BRDA:42,2,3,0
BRDA:72,3,0,0
BRDA:72,3,1,0
BRDA:106,4,0,0
BRDA:106,4,1,0
BRF:11
BRH:0
end_of_record
TN:
SF:src/app/dashboard/page.tsx
FN:41,DashboardPage
FN:57,(anonymous_5)
FN:58,(anonymous_6)
FN:69,(anonymous_7)
FN:70,(anonymous_8)
FN:71,(anonymous_9)
FN:87,(anonymous_10)
FN:101,(anonymous_11)
FN:115,(anonymous_12)
FN:266,(anonymous_13)
FN:282,(anonymous_14)
FN:289,(anonymous_15)
FN:303,(anonymous_16)
FN:404,(anonymous_17)
FN:413,(anonymous_18)
FN:422,(anonymous_19)
FN:431,(anonymous_20)
FNF:17
FNH:0
FNDA:0,DashboardPage
FNDA:0,(anonymous_5)
FNDA:0,(anonymous_6)
FNDA:0,(anonymous_7)
FNDA:0,(anonymous_8)
FNDA:0,(anonymous_9)
FNDA:0,(anonymous_10)
FNDA:0,(anonymous_11)
FNDA:0,(anonymous_12)
FNDA:0,(anonymous_13)
FNDA:0,(anonymous_14)
FNDA:0,(anonymous_15)
FNDA:0,(anonymous_16)
FNDA:0,(anonymous_17)
FNDA:0,(anonymous_18)
FNDA:0,(anonymous_19)
FNDA:0,(anonymous_20)
DA:13,0
DA:24,0
DA:36,0
DA:37,0
DA:38,0
DA:39,0
DA:41,0
DA:42,0
DA:43,0
DA:45,0
DA:46,0
DA:47,0
DA:57,0
DA:58,0
DA:59,0
DA:60,0
DA:63,0
DA:64,0
DA:67,0
DA:69,0
DA:70,0
DA:71,0
DA:75,0
DA:77,0
DA:79,0
DA:83,0
DA:87,0
DA:88,0
DA:90,0
DA:92,0
DA:94,0
DA:96,0
DA:101,0
DA:102,0
DA:104,0
DA:106,0
DA:108,0
DA:110,0
DA:115,0
DA:116,0
DA:128,0
DA:266,0
DA:282,0
DA:290,0
DA:303,0
DA:404,0
DA:413,0
DA:422,0
DA:431,0
LF:49
LH:0
BRDA:88,0,0,0
BRDA:88,0,1,0
BRDA:88,0,2,0
BRDA:88,0,3,0
BRDA:102,1,0,0
BRDA:102,1,1,0
BRDA:102,1,2,0
BRDA:102,1,3,0
BRDA:128,2,0,0
BRDA:273,3,0,0
BRDA:314,4,0,0
BRDA:314,4,1,0
BRDA:324,5,0,0
BRF:13
BRH:0
end_of_record
TN:
SF:src/app/data/page.tsx
FN:67,DataManagementPage
FN:90,(anonymous_5)
FN:100,(anonymous_6)
FN:111,(anonymous_7)
FN:122,(anonymous_8)
FN:123,(anonymous_9)
FN:133,(anonymous_10)
FN:140,(anonymous_11)
FN:174,(anonymous_12)
FN:203,(anonymous_13)
FN:208,(anonymous_14)
FN:210,(anonymous_15)
FN:222,(anonymous_16)
FN:224,(anonymous_17)
FN:238,(anonymous_18)
FN:240,(anonymous_19)
FN:257,(anonymous_20)
FN:499,(anonymous_21)
FN:514,(anonymous_22)
FN:566,(anonymous_23)
FN:647,(anonymous_24)
FNF:21
FNH:0
FNDA:0,DataManagementPage
FNDA:0,(anonymous_5)
FNDA:0,(anonymous_6)
FNDA:0,(anonymous_7)
FNDA:0,(anonymous_8)
FNDA:0,(anonymous_9)
FNDA:0,(anonymous_10)
FNDA:0,(anonymous_11)
FNDA:0,(anonymous_12)
FNDA:0,(anonymous_13)
FNDA:0,(anonymous_14)
FNDA:0,(anonymous_15)
FNDA:0,(anonymous_16)
FNDA:0,(anonymous_17)
FNDA:0,(anonymous_18)
FNDA:0,(anonymous_19)
FNDA:0,(anonymous_20)
FNDA:0,(anonymous_21)
FNDA:0,(anonymous_22)
FNDA:0,(anonymous_23)
FNDA:0,(anonymous_24)
DA:11,0
DA:28,0
DA:29,0
DA:30,0
DA:31,0
DA:32,0
DA:67,0
DA:68,0
DA:69,0
DA:70,0
DA:71,0
DA:72,0
DA:73,0
DA:74,0
DA:75,0
DA:82,0
DA:90,0
DA:91,0
DA:92,0
DA:93,0
DA:95,0
DA:100,0
DA:101,0
DA:102,0
DA:103,0
DA:105,0
DA:106,0
DA:111,0
DA:112,0
DA:113,0
DA:114,0
DA:116,0
DA:117,0
DA:122,0
DA:123,0
DA:124,0
DA:125,0
DA:126,0
DA:129,0
DA:133,0
DA:134,0
DA:135,0
DA:136,0
DA:140,0
DA:141,0
DA:142,0
DA:145,0
DA:146,0
DA:148,0
DA:149,0
DA:150,0
DA:159,0
DA:160,0
DA:163,0
DA:164,0
DA:169,0
DA:174,0
DA:175,0
DA:176,0
DA:179,0
DA:180,0
DA:182,0
DA:183,0
DA:184,0
DA:191,0
DA:192,0
DA:198,0
DA:203,0
DA:204,0
DA:205,0
DA:208,0
DA:209,0
DA:210,0
DA:211,0
DA:222,0
DA:223,0
DA:224,0
DA:225,0
DA:234,0
DA:238,0
DA:239,0
DA:240,0
DA:241,0
DA:249,0
DA:253,0
DA:254,0
DA:255,0
DA:257,0
DA:258,0
DA:259,0
DA:260,0
DA:264,0
DA:500,0
DA:501,0
DA:503,0
DA:514,0
DA:567,0
DA:648,0
LF:98
LH:0
BRDA:103,0,0,0
BRDA:103,0,1,0
BRDA:114,1,0,0
BRDA:114,1,1,0
BRDA:141,2,0,0
BRDA:159,3,0,0
BRDA:166,4,0,0
BRDA:166,4,1,0
BRDA:175,5,0,0
BRDA:196,6,0,0
BRDA:196,6,1,0
BRDA:204,7,0,0
BRDA:209,8,0,0
BRDA:211,9,0,0
BRDA:211,9,1,0
BRDA:223,10,0,0
BRDA:225,11,0,0
BRDA:225,11,1,0
BRDA:239,12,0,0
BRDA:241,13,0,0
BRDA:241,13,1,0
BRDA:264,14,0,0
BRDA:297,15,0,0
BRDA:297,15,1,0
BRDA:305,16,0,0
BRDA:305,16,1,0
BRDA:307,17,0,0
BRDA:307,17,1,0
BRDA:307,18,0,0
BRDA:307,18,1,0
BRDA:315,19,0,0
BRDA:317,20,0,0
BRDA:317,20,1,0
BRDA:318,21,0,0
BRDA:323,22,0,0
BRDA:323,22,1,0
BRDA:328,23,0,0
BRDA:339,24,0,0
BRDA:342,25,0,0
BRDA:342,25,1,0
BRDA:344,26,0,0
BRDA:344,26,1,0
BRDA:350,27,0,0
BRDA:352,28,0,0
BRDA:359,29,0,0
BRDA:359,29,1,0
BRDA:361,30,0,0
BRDA:375,31,0,0
BRDA:375,31,1,0
BRDA:398,32,0,0
BRDA:431,33,0,0
BRDA:449,34,0,0
BRDA:449,34,1,0
BRDA:453,35,0,0
BRDA:472,36,0,0
BRDA:472,36,1,0
BRDA:478,37,0,0
BRDA:500,38,0,0
BRDA:500,38,1,0
BRDA:538,39,0,0
BRDA:541,40,0,0
BRDA:576,41,0,0
BRDA:576,41,1,0
BRDA:578,42,0,0
BRDA:578,42,1,0
BRDA:583,43,0,0
BRDA:594,44,0,0
BRDA:594,44,1,0
BRDA:600,45,0,0
BRDA:602,46,0,0
BRDA:604,47,0,0
BRDA:618,48,0,0
BRDA:621,49,0,0
BRDA:657,50,0,0
BRDA:657,50,1,0
BRDA:659,51,0,0
BRDA:659,51,1,0
BRDA:664,52,0,0
BRDA:674,53,0,0
BRDA:674,53,1,0
BRDA:675,54,0,0
BRDA:675,54,1,0
BRDA:677,55,0,0
BRDA:677,55,1,0
BRF:84
BRH:0
end_of_record
TN:
SF:src/app/models/page.tsx
FN:35,ModelsPage
FN:68,(anonymous_5)
FN:81,(anonymous_6)
FN:90,(anonymous_7)
FN:105,(anonymous_8)
FN:107,(anonymous_9)
FN:120,(anonymous_10)
FN:134,(anonymous_11)
FN:142,(anonymous_12)
FN:148,(anonymous_13)
FN:157,(anonymous_14)
FN:177,(anonymous_15)
FN:189,(anonymous_16)
FN:206,(anonymous_17)
FN:212,(anonymous_18)
FN:218,(anonymous_19)
FN:224,(anonymous_20)
FN:247,(anonymous_21)
FN:275,(anonymous_22)
FN:329,(anonymous_23)
FN:330,(anonymous_24)
FN:333,(anonymous_25)
FN:337,(anonymous_26)
FN:368,(anonymous_27)
FN:401,(anonymous_28)
FN:423,(anonymous_29)
FN:437,(anonymous_30)
FN:443,(anonymous_31)
FN:459,(anonymous_32)
FN:464,(anonymous_33)
FN:480,(anonymous_34)
FN:498,(anonymous_35)
FNF:32
FNH:0
FNDA:0,ModelsPage
FNDA:0,(anonymous_5)
FNDA:0,(anonymous_6)
FNDA:0,(anonymous_7)
FNDA:0,(anonymous_8)
FNDA:0,(anonymous_9)
FNDA:0,(anonymous_10)
FNDA:0,(anonymous_11)
FNDA:0,(anonymous_12)
FNDA:0,(anonymous_13)
FNDA:0,(anonymous_14)
FNDA:0,(anonymous_15)
FNDA:0,(anonymous_16)
FNDA:0,(anonymous_17)
FNDA:0,(anonymous_18)
FNDA:0,(anonymous_19)
FNDA:0,(anonymous_20)
FNDA:0,(anonymous_21)
FNDA:0,(anonymous_22)
FNDA:0,(anonymous_23)
FNDA:0,(anonymous_24)
FNDA:0,(anonymous_25)
FNDA:0,(anonymous_26)
FNDA:0,(anonymous_27)
FNDA:0,(anonymous_28)
FNDA:0,(anonymous_29)
FNDA:0,(anonymous_30)
FNDA:0,(anonymous_31)
FNDA:0,(anonymous_32)
FNDA:0,(anonymous_33)
FNDA:0,(anonymous_34)
FNDA:0,(anonymous_35)
DA:9,0
DA:21,0
DA:22,0
DA:23,0
DA:24,0
DA:25,0
DA:26,0
DA:27,0
DA:28,0
DA:29,0
DA:33,0
DA:35,0
DA:36,0
DA:37,0
DA:38,0
DA:39,0
DA:40,0
DA:41,0
DA:42,0
DA:43,0
DA:44,0
DA:45,0
DA:46,0
DA:49,0
DA:50,0
DA:52,0
DA:64,0
DA:65,0
DA:68,0
DA:69,0
DA:70,0
DA:71,0
DA:72,0
DA:74,0
DA:76,0
DA:81,0
DA:82,0
DA:83,0
DA:86,0
DA:87,0
DA:90,0
DA:91,0
DA:95,0
DA:96,0
DA:99,0
DA:100,0
DA:105,0
DA:106,0
DA:107,0
DA:119,0
DA:121,0
DA:130,0
DA:131,0
DA:133,0
DA:134,0
DA:135,0
DA:136,0
DA:137,0
DA:139,0
DA:141,0
DA:143,0
DA:147,0
DA:148,0
DA:149,0
DA:150,0
DA:151,0
DA:157,0
DA:160,0
DA:162,0
DA:164,0
DA:166,0
DA:168,0
DA:170,0
DA:172,0
DA:177,0
DA:178,0
DA:185,0
DA:189,0
DA:190,0
DA:202,0
DA:206,0
DA:207,0
DA:208,0
DA:212,0
DA:213,0
DA:214,0
DA:218,0
DA:219,0
DA:220,0
DA:224,0
DA:225,0
DA:226,0
DA:229,0
DA:230,0
DA:231,0
DA:233,0
DA:235,0
DA:236,0
DA:237,0
DA:239,0
DA:240,0
DA:242,0
DA:247,0
DA:248,0
DA:250,0
DA:251,0
DA:254,0
DA:255,0
DA:258,0
DA:259,0
DA:262,0
DA:263,0
DA:266,0
DA:267,0
DA:270,0
DA:271,0
DA:275,0
DA:276,0
DA:277,0
DA:280,0
DA:281,0
DA:283,0
DA:296,0
DA:297,0
DA:300,0
DA:312,0
DA:313,0
DA:316,0
DA:317,0
DA:319,0
DA:321,0
DA:322,0
DA:324,0
DA:329,0
DA:330,0
DA:333,0
DA:334,0
DA:335,0
DA:337,0
DA:339,0
DA:343,0
DA:368,0
DA:401,0
DA:423,0
DA:438,0
DA:443,0
DA:459,0
DA:464,0
DA:480,0
DA:498,0
LF:150
LH:0
BRDA:72,0,0,0
BRDA:72,0,1,0
BRDA:95,1,0,0
BRDA:106,2,0,0
BRDA:106,2,1,0
BRDA:113,3,0,0
BRDA:113,3,1,0
BRDA:121,4,0,0
BRDA:121,4,1,0
BRDA:126,5,0,0
BRDA:126,5,1,0
BRDA:131,6,0,0
BRDA:131,6,1,0
BRDA:139,7,0,0
BRDA:143,8,0,0
BRDA:143,8,1,0
BRDA:160,9,0,0
BRDA:160,9,1,0
BRDA:160,9,2,0
BRDA:160,9,3,0
BRDA:160,9,4,0
BRDA:160,9,5,0
BRDA:185,10,0,0
BRDA:185,10,1,0
BRDA:202,11,0,0
BRDA:202,11,1,0
BRDA:225,12,0,0
BRDA:240,13,0,0
BRDA:240,13,1,0
BRDA:250,14,0,0
BRDA:254,15,0,0
BRDA:258,16,0,0
BRDA:262,17,0,0
BRDA:266,18,0,0
BRDA:266,19,0,0
BRDA:266,19,1,0
BRDA:266,19,2,0
BRDA:276,20,0,0
BRDA:287,21,0,0
BRDA:287,21,1,0
BRDA:290,22,0,0
BRDA:290,22,1,0
BRDA:292,23,0,0
BRDA:292,23,1,0
BRDA:322,24,0,0
BRDA:322,24,1,0
BRDA:343,25,0,0
BRDA:343,26,0,0
BRDA:343,26,1,0
BRDA:389,27,0,0
BRDA:449,28,0,0
BRDA:449,28,1,0
BRDA:451,29,0,0
BRDA:451,29,1,0
BRDA:473,30,0,0
BRDA:488,31,0,0
BRDA:488,31,1,0
BRDA:490,32,0,0
BRDA:490,32,1,0
BRF:59
BRH:0
end_of_record
TN:
SF:src/app/monitoring/page.tsx
FN:70,MonitoringPage
FN:78,(anonymous_5)
FN:97,(anonymous_6)
FN:102,(anonymous_7)
FN:105,(anonymous_8)
FN:118,(anonymous_9)
FN:159,(anonymous_10)
FN:175,(anonymous_11)
FN:369,(anonymous_12)
FN:498,(anonymous_13)
FNF:10
FNH:0
FNDA:0,MonitoringPage
FNDA:0,(anonymous_5)
FNDA:0,(anonymous_6)
FNDA:0,(anonymous_7)
FNDA:0,(anonymous_8)
FNDA:0,(anonymous_9)
FNDA:0,(anonymous_10)
FNDA:0,(anonymous_11)
FNDA:0,(anonymous_12)
FNDA:0,(anonymous_13)
DA:14,0
DA:34,0
DA:35,0
DA:36,0
DA:37,0
DA:38,0
DA:39,0
DA:70,0
DA:71,0
DA:72,0
DA:73,0
DA:74,0
DA:75,0
DA:76,0
DA:78,0
DA:79,0
DA:80,0
DA:81,0
DA:87,0
DA:88,0
DA:89,0
DA:91,0
DA:93,0
DA:97,0
DA:98,0
DA:101,0
DA:102,0
DA:105,0
DA:106,0
DA:108,0
DA:110,0
DA:112,0
DA:114,0
DA:118,0
DA:119,0
DA:120,0
DA:121,0
DA:123,0
DA:124,0
DA:125,0
DA:126,0
DA:128,0
DA:132,0
DA:159,0
DA:175,0
DA:370,0
DA:499,0
LF:47
LH:0
BRDA:106,0,0,0
BRDA:106,0,1,0
BRDA:106,0,2,0
BRDA:106,0,3,0
BRDA:123,1,0,0
BRDA:123,1,1,0
BRDA:125,2,0,0
BRDA:125,2,1,0
BRDA:132,3,0,0
BRDA:132,4,0,0
BRDA:132,4,1,0
BRDA:187,5,0,0
BRDA:187,5,1,0
BRDA:200,6,0,0
BRDA:200,6,1,0
BRDA:210,7,0,0
BRDA:238,8,0,0
BRDA:238,8,1,0
BRDA:255,9,0,0
BRDA:255,9,1,0
BRDA:261,10,0,0
BRDA:261,10,1,0
BRDA:272,11,0,0
BRDA:272,11,1,0
BRDA:303,12,0,0
BRDA:316,13,0,0
BRDA:316,13,1,0
BRDA:326,14,0,0
BRDA:326,14,1,0
BRDA:336,15,0,0
BRDA:336,15,1,0
BRDA:360,16,0,0
BRDA:360,16,1,0
BRDA:412,17,0,0
BRDA:425,18,0,0
BRDA:425,18,1,0
BRDA:435,19,0,0
BRDA:435,19,1,0
BRDA:445,20,0,0
BRDA:445,20,1,0
BRDA:455,21,0,0
BRDA:455,21,1,0
BRDA:469,22,0,0
BRDA:489,23,0,0
BRDA:489,23,1,0
BRDA:511,24,0,0
BRDA:511,24,1,0
BRDA:513,25,0,0
BRDA:513,25,1,0
BRDA:556,26,0,0
BRF:50
BRH:0
end_of_record
TN:
SF:src/app/optimization/page.tsx
FN:21,OptimizationPage
FN:28,(anonymous_6)
FN:40,(anonymous_7)
FN:44,(anonymous_8)
FN:49,(anonymous_9)
FN:67,(anonymous_10)
FN:103,(anonymous_11)
FNF:7
FNH:0
FNDA:0,OptimizationPage
FNDA:0,(anonymous_6)
FNDA:0,(anonymous_7)
FNDA:0,(anonymous_8)
FNDA:0,(anonymous_9)
FNDA:0,(anonymous_10)
FNDA:0,(anonymous_11)
DA:13,0
DA:14,0
DA:15,0
DA:16,0
DA:17,0
DA:18,0
DA:19,0
DA:21,0
DA:22,0
DA:23,0
DA:24,0
DA:25,0
DA:28,0
DA:29,0
DA:30,0
DA:31,0
DA:32,0
DA:34,0
DA:36,0
DA:40,0
DA:41,0
DA:44,0
DA:45,0
DA:46,0
DA:49,0
DA:50,0
DA:51,0
DA:67,0
DA:103,0
LF:29
LH:0
BRDA:72,0,0,0
BRDA:76,1,0,0
BRDA:80,2,0,0
BRDA:92,3,0,0
BRDA:100,4,0,0
BRDA:100,4,1,0
BRF:6
BRH:0
end_of_record
TN:
SF:src/app/signals/page.tsx
FN:46,SignalsPage
FN:95,(anonymous_6)
FN:103,(anonymous_7)
FN:114,(anonymous_8)
FN:115,(anonymous_9)
FN:132,(anonymous_10)
FN:139,(anonymous_11)
FN:144,(anonymous_12)
FN:145,(anonymous_13)
FN:152,(anonymous_14)
FN:152,(anonymous_15)
FN:156,(anonymous_16)
FN:160,(anonymous_17)
FN:162,(anonymous_18)
FN:170,(anonymous_19)
FN:191,(anonymous_20)
FN:193,(anonymous_21)
FN:199,(anonymous_22)
FN:207,(anonymous_23)
FN:216,(anonymous_24)
FN:222,(anonymous_25)
FN:223,(anonymous_26)
FN:244,(anonymous_27)
FN:248,(anonymous_28)
FN:257,(anonymous_29)
FN:272,(anonymous_30)
FN:299,(anonymous_31)
FN:369,(anonymous_32)
FN:373,(anonymous_33)
FN:379,(anonymous_34)
FN:389,(anonymous_35)
FN:395,(anonymous_36)
FN:436,(anonymous_37)
FN:440,(anonymous_38)
FN:464,(anonymous_39)
FN:482,(anonymous_40)
FN:487,(anonymous_41)
FN:502,(anonymous_42)
FN:516,(anonymous_43)
FN:525,(anonymous_44)
FN:538,(anonymous_45)
FN:547,(anonymous_46)
FN:566,(anonymous_47)
FN:570,(anonymous_48)
FN:586,(anonymous_49)
FN:595,(anonymous_50)
FN:606,(anonymous_51)
FN:630,(anonymous_52)
FN:643,(anonymous_53)
FN:651,(anonymous_54)
FN:670,(anonymous_55)
FN:676,(anonymous_56)
FN:689,(anonymous_57)
FN:707,(anonymous_58)
FN:742,(anonymous_59)
FN:747,(anonymous_60)
FN:750,(anonymous_61)
FN:788,(anonymous_62)
FN:791,(anonymous_63)
FN:837,(anonymous_64)
FN:839,(anonymous_65)
FNF:61
FNH:0
FNDA:0,SignalsPage
FNDA:0,(anonymous_6)
FNDA:0,(anonymous_7)
FNDA:0,(anonymous_8)
FNDA:0,(anonymous_9)
FNDA:0,(anonymous_10)
FNDA:0,(anonymous_11)
FNDA:0,(anonymous_12)
FNDA:0,(anonymous_13)
FNDA:0,(anonymous_14)
FNDA:0,(anonymous_15)
FNDA:0,(anonymous_16)
FNDA:0,(anonymous_17)
FNDA:0,(anonymous_18)
FNDA:0,(anonymous_19)
FNDA:0,(anonymous_20)
FNDA:0,(anonymous_21)
FNDA:0,(anonymous_22)
FNDA:0,(anonymous_23)
FNDA:0,(anonymous_24)
FNDA:0,(anonymous_25)
FNDA:0,(anonymous_26)
FNDA:0,(anonymous_27)
FNDA:0,(anonymous_28)
FNDA:0,(anonymous_29)
FNDA:0,(anonymous_30)
FNDA:0,(anonymous_31)
FNDA:0,(anonymous_32)
FNDA:0,(anonymous_33)
FNDA:0,(anonymous_34)
FNDA:0,(anonymous_35)
FNDA:0,(anonymous_36)
FNDA:0,(anonymous_37)
FNDA:0,(anonymous_38)
FNDA:0,(anonymous_39)
FNDA:0,(anonymous_40)
FNDA:0,(anonymous_41)
FNDA:0,(anonymous_42)
FNDA:0,(anonymous_43)
FNDA:0,(anonymous_44)
FNDA:0,(anonymous_45)
FNDA:0,(anonymous_46)
FNDA:0,(anonymous_47)
FNDA:0,(anonymous_48)
FNDA:0,(anonymous_49)
FNDA:0,(anonymous_50)
FNDA:0,(anonymous_51)
FNDA:0,(anonymous_52)
FNDA:0,(anonymous_53)
FNDA:0,(anonymous_54)
FNDA:0,(anonymous_55)
FNDA:0,(anonymous_56)
FNDA:0,(anonymous_57)
FNDA:0,(anonymous_58)
FNDA:0,(anonymous_59)
FNDA:0,(anonymous_60)
FNDA:0,(anonymous_61)
FNDA:0,(anonymous_62)
FNDA:0,(anonymous_63)
FNDA:0,(anonymous_64)
FNDA:0,(anonymous_65)
DA:3,0
DA:28,0
DA:34,0
DA:35,0
DA:39,0
DA:43,0
DA:44,0
DA:46,0
DA:47,0
DA:55,0
DA:56,0
DA:57,0
DA:58,0
DA:62,0
DA:63,0
DA:64,0
DA:65,0
DA:66,0
DA:67,0
DA:68,0
DA:70,0
DA:71,0
DA:72,0
DA:74,0
DA:75,0
DA:77,0
DA:78,0
DA:79,0
DA:82,0
DA:83,0
DA:84,0
DA:86,0
DA:87,0
DA:88,0
DA:89,0
DA:90,0
DA:93,0
DA:95,0
DA:96,0
DA:97,0
DA:99,0
DA:103,0
DA:113,0
DA:114,0
DA:115,0
DA:116,0
DA:128,0
DA:132,0
DA:133,0
DA:134,0
DA:135,0
DA:136,0
DA:139,0
DA:140,0
DA:141,0
DA:144,0
DA:145,0
DA:146,0
DA:147,0
DA:149,0
DA:151,0
DA:152,0
DA:156,0
DA:157,0
DA:158,0
DA:160,0
DA:161,0
DA:162,0
DA:163,0
DA:165,0
DA:166,0
DA:170,0
DA:171,0
DA:172,0
DA:174,0
DA:175,0
DA:177,0
DA:178,0
DA:179,0
DA:180,0
DA:182,0
DA:183,0
DA:186,0
DA:191,0
DA:192,0
DA:193,0
DA:194,0
DA:195,0
DA:196,0
DA:197,0
DA:199,0
DA:205,0
DA:206,0
DA:207,0
DA:210,0
DA:211,0
DA:213,0
DA:216,0
DA:217,0
DA:222,0
DA:223,0
DA:224,0
DA:225,0
DA:226,0
DA:227,0
DA:229,0
DA:230,0
DA:231,0
DA:232,0
DA:234,0
DA:235,0
DA:237,0
DA:241,0
DA:244,0
DA:245,0
DA:248,0
DA:249,0
DA:250,0
DA:251,0
DA:253,0
DA:254,0
DA:255,0
DA:256,0
DA:257,0
DA:258,0
DA:259,0
DA:272,0
DA:284,0
DA:291,0
DA:299,0
DA:311,0
DA:318,0
DA:319,0
DA:320,0
DA:321,0
DA:322,0
DA:324,0
DA:325,0
DA:326,0
DA:327,0
DA:328,0
DA:329,0
DA:331,0
DA:336,0
DA:338,0
DA:342,0
DA:343,0
DA:344,0
DA:345,0
DA:346,0
DA:349,0
DA:350,0
DA:351,0
DA:352,0
DA:353,0
DA:354,0
DA:356,0
DA:357,0
DA:358,0
DA:359,0
DA:360,0
DA:363,0
DA:365,0
DA:369,0
DA:370,0
DA:371,0
DA:372,0
DA:373,0
DA:375,0
DA:379,0
DA:380,0
DA:381,0
DA:382,0
DA:383,0
DA:384,0
DA:385,0
DA:389,0
DA:391,0
DA:395,0
DA:396,0
DA:397,0
DA:398,0
DA:399,0
DA:400,0
DA:401,0
DA:402,0
DA:403,0
DA:404,0
DA:415,0
DA:416,0
DA:418,0
DA:424,0
DA:427,0
DA:430,0
DA:432,0
DA:436,0
DA:437,0
DA:438,0
DA:440,0
DA:441,0
DA:465,0
DA:466,0
DA:467,0
DA:483,0
DA:484,0
DA:488,0
DA:503,0
DA:504,0
DA:516,0
DA:526,0
DA:527,0
DA:528,0
DA:538,0
DA:547,0
DA:567,0
DA:570,0
DA:587,0
DA:588,0
DA:589,0
DA:590,0
DA:596,0
DA:606,0
DA:630,0
DA:643,0
DA:651,0
DA:670,0
DA:677,0
DA:678,0
DA:680,0
DA:681,0
DA:690,0
DA:691,0
DA:693,0
DA:694,0
DA:708,0
DA:709,0
DA:743,0
DA:747,0
DA:751,0
DA:752,0
DA:753,0
DA:755,0
DA:756,0
DA:759,0
DA:788,0
DA:791,0
DA:838,0
DA:839,0
DA:840,0
LF:249
LH:0
BRDA:96,0,0,0
BRDA:99,1,0,0
BRDA:99,1,1,0
BRDA:114,2,0,0
BRDA:114,2,1,0
BRDA:146,3,0,0
BRDA:147,4,0,0
BRDA:147,4,1,0
BRDA:157,5,0,0
BRDA:161,6,0,0
BRDA:161,6,1,0
BRDA:165,7,0,0
BRDA:171,8,0,0
BRDA:174,9,0,0
BRDA:174,10,0,0
BRDA:174,10,1,0
BRDA:177,11,0,0
BRDA:179,12,0,0
BRDA:179,13,0,0
BRDA:179,13,1,0
BRDA:182,14,0,0
BRDA:182,15,0,0
BRDA:182,15,1,0
BRDA:196,16,0,0
BRDA:201,17,0,0
BRDA:201,17,1,0
BRDA:206,18,0,0
BRDA:207,19,0,0
BRDA:207,19,1,0
BRDA:210,20,0,0
BRDA:213,21,0,0
BRDA:213,21,1,0
BRDA:224,22,0,0
BRDA:224,22,1,0
BRDA:225,23,0,0
BRDA:249,24,0,0
BRDA:249,24,1,0
BRDA:250,25,0,0
BRDA:258,26,0,0
BRDA:261,27,0,0
BRDA:261,27,1,0
BRDA:272,28,0,0
BRDA:272,28,1,0
BRDA:286,29,0,0
BRDA:286,29,1,0
BRDA:287,30,0,0
BRDA:287,30,1,0
BRDA:299,31,0,0
BRDA:299,31,1,0
BRDA:313,32,0,0
BRDA:313,32,1,0
BRDA:314,33,0,0
BRDA:314,33,1,0
BRDA:318,34,0,0
BRDA:327,35,0,0
BRDA:327,35,1,0
BRDA:327,35,2,0
BRDA:331,36,0,0
BRDA:331,36,1,0
BRDA:332,37,0,0
BRDA:332,37,1,0
BRDA:332,37,2,0
BRDA:349,38,0,0
BRDA:349,38,1,0
BRDA:363,39,0,0
BRDA:363,39,1,0
BRDA:372,40,0,0
BRDA:372,40,1,0
BRDA:382,41,0,0
BRDA:382,41,1,0
BRDA:383,42,0,0
BRDA:383,42,1,0
BRDA:384,43,0,0
BRDA:384,43,1,0
BRDA:403,44,0,0
BRDA:403,44,1,0
BRDA:407,45,0,0
BRDA:407,45,1,0
BRDA:415,46,0,0
BRDA:415,46,1,0
BRDA:425,47,0,0
BRDA:425,47,1,0
BRDA:430,48,0,0
BRDA:430,48,1,0
BRDA:437,49,0,0
BRDA:441,50,0,0
BRDA:441,50,1,0
BRDA:475,51,0,0
BRDA:516,52,0,0
BRDA:516,52,1,0
BRDA:526,53,0,0
BRDA:526,53,1,0
BRDA:548,54,0,0
BRDA:548,54,1,0
BRDA:550,55,0,0
BRDA:550,55,1,0
BRDA:555,56,0,0
BRDA:555,57,0,0
BRDA:555,57,1,0
BRDA:562,58,0,0
BRDA:562,58,1,0
BRDA:562,59,0,0
BRDA:562,59,1,0
BRDA:581,60,0,0
BRDA:581,60,1,0
BRDA:589,61,0,0
BRDA:605,62,0,0
BRDA:605,62,1,0
BRDA:657,63,0,0
BRDA:670,64,0,0
BRDA:670,64,1,0
BRDA:675,65,0,0
BRDA:675,65,1,0
BRDA:675,65,2,0
BRDA:677,66,0,0
BRDA:688,67,0,0
BRDA:688,67,1,0
BRDA:688,67,2,0
BRDA:690,68,0,0
BRDA:714,69,0,0
BRDA:714,69,1,0
BRDA:725,70,0,0
BRDA:725,70,1,0
BRDA:733,71,0,0
BRDA:733,71,1,0
BRDA:751,72,0,0
BRDA:751,72,1,0
BRDA:752,73,0,0
BRDA:755,74,0,0
BRDA:755,74,1,0
BRDA:757,75,0,0
BRDA:757,75,1,0
BRDA:764,76,0,0
BRDA:764,76,1,0
BRDA:778,77,0,0
BRDA:791,78,0,0
BRDA:791,78,1,0
BRDA:796,79,0,0
BRDA:803,80,0,0
BRDA:807,81,0,0
BRDA:838,82,0,0
BRDA:838,82,1,0
BRDA:844,83,0,0
BRDA:844,83,1,0
BRDA:847,84,0,0
BRDA:847,84,1,0
BRDA:848,85,0,0
BRDA:848,85,1,0
BRF:148
BRH:0
end_of_record
TN:
SF:src/app/tasks/page.tsx
FN:50,TasksPage
FN:81,(anonymous_5)
FN:95,(anonymous_6)
FN:109,(anonymous_7)
FN:110,(anonymous_8)
FN:111,(anonymous_9)
FN:117,(anonymous_10)
FN:123,(anonymous_11)
FN:127,(anonymous_12)
FN:128,(anonymous_13)
FN:129,(anonymous_14)
FN:135,(anonymous_15)
FN:136,(anonymous_16)
FN:143,(anonymous_17)
FN:153,(anonymous_18)
FN:165,(anonymous_19)
FN:173,(anonymous_20)
FN:186,(anonymous_21)
FN:192,(anonymous_22)
FN:199,(anonymous_23)
FN:204,(anonymous_24)
FN:209,(anonymous_25)
FN:214,(anonymous_26)
FN:240,(anonymous_27)
FN:259,(anonymous_28)
FN:270,(anonymous_29)
FN:375,(anonymous_30)
FN:387,(anonymous_31)
FN:402,(anonymous_32)
FN:434,(anonymous_33)
FN:439,(anonymous_34)
FN:471,(anonymous_35)
FN:480,(anonymous_36)
FN:491,(anonymous_37)
FN:501,(anonymous_38)
FN:534,(anonymous_39)
FN:562,(anonymous_40)
FN:575,(anonymous_41)
FN:590,(anonymous_42)
FN:596,(anonymous_43)
FNF:40
FNH:0
FNDA:0,TasksPage
FNDA:0,(anonymous_5)
FNDA:0,(anonymous_6)
FNDA:0,(anonymous_7)
FNDA:0,(anonymous_8)
FNDA:0,(anonymous_9)
FNDA:0,(anonymous_10)
FNDA:0,(anonymous_11)
FNDA:0,(anonymous_12)
FNDA:0,(anonymous_13)
FNDA:0,(anonymous_14)
FNDA:0,(anonymous_15)
FNDA:0,(anonymous_16)
FNDA:0,(anonymous_17)
FNDA:0,(anonymous_18)
FNDA:0,(anonymous_19)
FNDA:0,(anonymous_20)
FNDA:0,(anonymous_21)
FNDA:0,(anonymous_22)
FNDA:0,(anonymous_23)
FNDA:0,(anonymous_24)
FNDA:0,(anonymous_25)
FNDA:0,(anonymous_26)
FNDA:0,(anonymous_27)
FNDA:0,(anonymous_28)
FNDA:0,(anonymous_29)
FNDA:0,(anonymous_30)
FNDA:0,(anonymous_31)
FNDA:0,(anonymous_32)
FNDA:0,(anonymous_33)
FNDA:0,(anonymous_34)
FNDA:0,(anonymous_35)
FNDA:0,(anonymous_36)
FNDA:0,(anonymous_37)
FNDA:0,(anonymous_38)
FNDA:0,(anonymous_39)
FNDA:0,(anonymous_40)
FNDA:0,(anonymous_41)
FNDA:0,(anonymous_42)
FNDA:0,(anonymous_43)
DA:13,0
DA:43,0
DA:44,0
DA:45,0
DA:46,0
DA:47,0
DA:48,0
DA:50,0
DA:51,0
DA:64,0
DA:66,0
DA:67,0
DA:68,0
DA:69,0
DA:75,0
DA:76,0
DA:77,0
DA:78,0
DA:81,0
DA:82,0
DA:83,0
DA:84,0
DA:85,0
DA:86,0
DA:88,0
DA:90,0
DA:95,0
DA:96,0
DA:97,0
DA:98,0
DA:105,0
DA:107,0
DA:109,0
DA:110,0
DA:111,0
DA:117,0
DA:118,0
DA:119,0
DA:123,0
DA:124,0
DA:125,0
DA:127,0
DA:128,0
DA:129,0
DA:135,0
DA:136,0
DA:137,0
DA:143,0
DA:144,0
DA:150,0
DA:153,0
DA:154,0
DA:158,0
DA:161,0
DA:162,0
DA:163,0
DA:165,0
DA:166,0
DA:167,0
DA:168,0
DA:173,0
DA:174,0
DA:181,0
DA:186,0
DA:187,0
DA:188,0
DA:192,0
DA:193,0
DA:194,0
DA:195,0
DA:199,0
DA:200,0
DA:204,0
DA:205,0
DA:209,0
DA:210,0
DA:214,0
DA:215,0
DA:216,0
DA:219,0
DA:220,0
DA:221,0
DA:222,0
DA:223,0
DA:224,0
DA:225,0
DA:226,0
DA:228,0
DA:229,0
DA:230,0
DA:233,0
DA:234,0
DA:240,0
DA:241,0
DA:242,0
DA:243,0
DA:246,0
DA:247,0
DA:248,0
DA:249,0
DA:250,0
DA:252,0
DA:254,0
DA:259,0
DA:260,0
DA:261,0
DA:262,0
DA:263,0
DA:265,0
DA:270,0
DA:271,0
DA:274,0
DA:375,0
DA:387,0
DA:402,0
DA:435,0
DA:439,0
DA:471,0
DA:481,0
DA:491,0
DA:502,0
DA:503,0
DA:535,0
DA:536,0
DA:537,0
DA:562,0
DA:576,0
DA:577,0
DA:578,0
DA:590,0
DA:596,0
LF:131
LH:0
BRDA:81,0,0,0
BRDA:81,1,0,0
BRDA:81,2,0,0
BRDA:85,3,0,0
BRDA:85,3,1,0
BRDA:124,4,0,0
BRDA:124,5,0,0
BRDA:124,5,1,0
BRDA:181,6,0,0
BRDA:181,6,1,0
BRDA:215,7,0,0
BRDA:229,8,0,0
BRDA:229,8,1,0
BRDA:229,8,2,0
BRDA:233,9,0,0
BRDA:233,10,0,0
BRDA:233,10,1,0
BRDA:242,11,0,0
BRDA:274,12,0,0
BRDA:274,13,0,0
BRDA:274,13,1,0
BRDA:370,14,0,0
BRDA:400,15,0,0
BRDA:400,15,1,0
BRDA:402,16,0,0
BRDA:402,16,1,0
BRDA:451,17,0,0
BRDA:451,17,1,0
BRDA:457,18,0,0
BRDA:457,18,1,0
BRDA:476,19,0,0
BRDA:489,20,0,0
BRDA:518,21,0,0
BRDA:544,22,0,0
BRDA:584,23,0,0
BRDA:584,23,1,0
BRF:36
BRH:0
end_of_record
TN:
SF:src/app/tasks/[id]/page.tsx
FN:84,(anonymous_5)
FN:84,(anonymous_6)
FN:89,(anonymous_9)
FN:89,(anonymous_10)
FN:94,(anonymous_13)
FN:94,(anonymous_14)
FN:100,(anonymous_17)
FN:100,(anonymous_18)
FN:107,TaskDetailPage
FN:125,(anonymous_22)
FN:126,(anonymous_23)
FN:127,(anonymous_24)
FN:128,(anonymous_25)
FN:134,(anonymous_26)
FN:227,(anonymous_27)
FN:273,(anonymous_28)
FN:280,(anonymous_29)
FN:290,(anonymous_30)
FN:312,(anonymous_31)
FN:313,(anonymous_32)
FN:330,(anonymous_33)
FN:366,(anonymous_34)
FN:384,(anonymous_35)
FN:392,(anonymous_36)
FN:399,(anonymous_37)
FN:410,(anonymous_38)
FN:430,(anonymous_39)
FN:448,(anonymous_40)
FN:499,(anonymous_41)
FN:522,(anonymous_42)
FN:526,(anonymous_43)
FN:547,(anonymous_44)
FN:635,(anonymous_45)
FN:648,(anonymous_46)
FN:653,(anonymous_47)
FN:666,(anonymous_48)
FN:677,(anonymous_49)
FN:783,(anonymous_50)
FN:788,(anonymous_51)
FN:793,(anonymous_52)
FN:855,(anonymous_53)
FN:964,(anonymous_54)
FN:1047,(anonymous_55)
FN:1062,(anonymous_56)
FN:1073,(anonymous_57)
FN:1082,(anonymous_58)
FN:1201,(anonymous_59)
FN:1281,(anonymous_60)
FN:1390,(anonymous_61)
FN:1440,(anonymous_62)
FN:1480,(anonymous_63)
FN:1599,(anonymous_64)
FN:1608,(anonymous_65)
FN:1614,(anonymous_66)
FN:1636,(anonymous_67)
FN:1637,(anonymous_68)
FN:1650,(anonymous_69)
FN:1651,(anonymous_70)
FN:1720,(anonymous_71)
FN:1722,(anonymous_72)
FN:1736,(anonymous_73)
FN:1775,(anonymous_74)
FN:1783,(anonymous_75)
FN:1791,(anonymous_76)
FN:1824,(anonymous_77)
FN:1898,(anonymous_78)
FN:1998,(anonymous_79)
FN:2047,(anonymous_80)
FN:2060,(anonymous_81)
FN:2070,(anonymous_82)
FNF:70
FNH:0
FNDA:0,(anonymous_5)
FNDA:0,(anonymous_6)
FNDA:0,(anonymous_9)
FNDA:0,(anonymous_10)
FNDA:0,(anonymous_13)
FNDA:0,(anonymous_14)
FNDA:0,(anonymous_17)
FNDA:0,(anonymous_18)
FNDA:0,TaskDetailPage
FNDA:0,(anonymous_22)
FNDA:0,(anonymous_23)
FNDA:0,(anonymous_24)
FNDA:0,(anonymous_25)
FNDA:0,(anonymous_26)
FNDA:0,(anonymous_27)
FNDA:0,(anonymous_28)
FNDA:0,(anonymous_29)
FNDA:0,(anonymous_30)
FNDA:0,(anonymous_31)
FNDA:0,(anonymous_32)
FNDA:0,(anonymous_33)
FNDA:0,(anonymous_34)
FNDA:0,(anonymous_35)
FNDA:0,(anonymous_36)
FNDA:0,(anonymous_37)
FNDA:0,(anonymous_38)
FNDA:0,(anonymous_39)
FNDA:0,(anonymous_40)
FNDA:0,(anonymous_41)
FNDA:0,(anonymous_42)
FNDA:0,(anonymous_43)
FNDA:0,(anonymous_44)
FNDA:0,(anonymous_45)
FNDA:0,(anonymous_46)
FNDA:0,(anonymous_47)
FNDA:0,(anonymous_48)
FNDA:0,(anonymous_49)
FNDA:0,(anonymous_50)
FNDA:0,(anonymous_51)
FNDA:0,(anonymous_52)
FNDA:0,(anonymous_53)
FNDA:0,(anonymous_54)
FNDA:0,(anonymous_55)
FNDA:0,(anonymous_56)
FNDA:0,(anonymous_57)
FNDA:0,(anonymous_58)
FNDA:0,(anonymous_59)
FNDA:0,(anonymous_60)
FNDA:0,(anonymous_61)
FNDA:0,(anonymous_62)
FNDA:0,(anonymous_63)
FNDA:0,(anonymous_64)
FNDA:0,(anonymous_65)
FNDA:0,(anonymous_66)
FNDA:0,(anonymous_67)
FNDA:0,(anonymous_68)
FNDA:0,(anonymous_69)
FNDA:0,(anonymous_70)
FNDA:0,(anonymous_71)
FNDA:0,(anonymous_72)
FNDA:0,(anonymous_73)
FNDA:0,(anonymous_74)
FNDA:0,(anonymous_75)
FNDA:0,(anonymous_76)
FNDA:0,(anonymous_77)
FNDA:0,(anonymous_78)
FNDA:0,(anonymous_79)
FNDA:0,(anonymous_80)
FNDA:0,(anonymous_81)
FNDA:0,(anonymous_82)
DA:13,0
DA:42,0
DA:62,0
DA:63,0
DA:64,0
DA:65,0
DA:66,0
DA:67,0
DA:68,0
DA:69,0
DA:70,0
DA:71,0
DA:72,0
DA:73,0
DA:74,0
DA:75,0
DA:76,0
DA:77,0
DA:78,0
DA:79,0
DA:80,0
DA:81,0
DA:84,0
DA:89,0
DA:94,0
DA:100,0
DA:107,0
DA:108,0
DA:109,0
DA:110,0
DA:112,0
DA:113,0
DA:114,0
DA:115,0
DA:116,0
DA:117,0
DA:118,0
DA:119,0
DA:120,0
DA:121,0
DA:122,0
DA:123,0
DA:124,0
DA:125,0
DA:126,0
DA:127,0
DA:128,0
DA:129,0
DA:130,0
DA:131,0
DA:134,0
DA:136,0
DA:137,0
DA:138,0
DA:142,0
DA:143,0
DA:144,0
DA:149,0
DA:152,0
DA:153,0
DA:154,0
DA:155,0
DA:156,0
DA:157,0
DA:158,0
DA:159,0
DA:163,0
DA:168,0
DA:172,0
DA:178,0
DA:181,0
DA:182,0
DA:183,0
DA:184,0
DA:186,0
DA:191,0
DA:197,0
DA:198,0
DA:199,0
DA:200,0
DA:201,0
DA:203,0
DA:209,0
DA:216,0
DA:218,0
DA:219,0
DA:220,0
DA:222,0
DA:227,0
DA:228,0
DA:229,0
DA:230,0
DA:238,0
DA:241,0
DA:243,0
DA:244,0
DA:245,0
DA:247,0
DA:248,0
DA:250,0
DA:252,0
DA:258,0
DA:259,0
DA:262,0
DA:266,0
DA:268,0
DA:273,0
DA:274,0
DA:275,0
DA:277,0
DA:280,0
DA:281,0
DA:282,0
DA:289,0
DA:290,0
DA:291,0
DA:298,0
DA:299,0
DA:300,0
DA:303,0
DA:304,0
DA:312,0
DA:313,0
DA:314,0
DA:315,0
DA:320,0
DA:321,0
DA:330,0
DA:331,0
DA:333,0
DA:334,0
DA:335,0
DA:342,0
DA:343,0
DA:346,0
DA:347,0
DA:348,0
DA:349,0
DA:350,0
DA:352,0
DA:354,0
DA:356,0
DA:359,0
DA:362,0
DA:366,0
DA:367,0
DA:368,0
DA:374,0
DA:375,0
DA:376,0
DA:380,0
DA:381,0
DA:382,0
DA:384,0
DA:385,0
DA:386,0
DA:387,0
DA:392,0
DA:393,0
DA:394,0
DA:395,0
DA:399,0
DA:400,0
DA:401,0
DA:402,0
DA:403,0
DA:405,0
DA:410,0
DA:411,0
DA:412,0
DA:413,0
DA:414,0
DA:416,0
DA:418,0
DA:423,0
DA:424,0
DA:430,0
DA:431,0
DA:432,0
DA:433,0
DA:434,0
DA:435,0
DA:436,0
DA:437,0
DA:438,0
DA:439,0
DA:440,0
DA:441,0
DA:443,0
DA:448,0
DA:449,0
DA:450,0
DA:453,0
DA:454,0
DA:456,0
DA:457,0
DA:460,0
DA:470,0
DA:477,0
DA:485,0
DA:486,0
DA:489,0
DA:495,0
DA:499,0
DA:500,0
DA:501,0
DA:502,0
DA:505,0
DA:506,0
DA:507,0
DA:513,0
DA:515,0
DA:516,0
DA:518,0
DA:522,0
DA:523,0
DA:526,0
DA:527,0
DA:529,0
DA:548,0
DA:636,0
DA:637,0
DA:639,0
DA:648,0
DA:649,0
DA:653,0
DA:654,0
DA:661,0
DA:666,0
DA:667,0
DA:670,0
DA:677,0
DA:678,0
DA:679,0
DA:681,0
DA:682,0
DA:684,0
DA:687,0
DA:691,0
DA:784,0
DA:786,0
DA:789,0
DA:791,0
DA:794,0
DA:796,0
DA:856,0
DA:857,0
DA:858,0
DA:861,0
DA:869,0
DA:870,0
DA:965,0
DA:966,0
DA:1020,0
DA:1049,0
DA:1052,0
DA:1063,0
DA:1074,0
DA:1084,0
DA:1094,0
DA:1103,0
DA:1106,0
DA:1116,0
DA:1118,0
DA:1119,0
DA:1120,0
DA:1139,0
DA:1158,0
DA:1159,0
DA:1202,0
DA:1283,0
DA:1286,0
DA:1288,0
DA:1303,0
DA:1326,0
DA:1327,0
DA:1328,0
DA:1329,0
DA:1391,0
DA:1441,0
DA:1481,0
DA:1600,0
DA:1601,0
DA:1602,0
DA:1603,0
DA:1608,0
DA:1609,0
DA:1615,0
DA:1616,0
DA:1620,0
DA:1637,0
DA:1651,0
DA:1652,0
DA:1661,0
DA:1720,0
DA:1723,0
DA:1736,0
DA:1775,0
DA:1783,0
DA:1793,0
DA:1798,0
DA:1805,0
DA:1825,0
DA:1999,0
DA:2000,0
DA:2012,0
DA:2047,0
DA:2061,0
DA:2062,0
DA:2071,0
DA:2072,0
LF:311
LH:0
BRDA:134,0,0,0
BRDA:136,1,0,0
BRDA:136,2,0,0
BRDA:136,2,1,0
BRDA:136,2,2,0
BRDA:143,3,0,0
BRDA:143,4,0,0
BRDA:143,4,1,0
BRDA:143,4,2,0
BRDA:163,5,0,0
BRDA:164,6,0,0
BRDA:164,6,1,0
BRDA:164,6,2,0
BRDA:241,7,0,0
BRDA:241,8,0,0
BRDA:241,8,1,0
BRDA:243,9,0,0
BRDA:243,9,1,0
BRDA:247,10,0,0
BRDA:250,11,0,0
BRDA:258,12,0,0
BRDA:258,13,0,0
BRDA:258,13,1,0
BRDA:258,13,2,0
BRDA:274,14,0,0
BRDA:281,15,0,0
BRDA:291,16,0,0
BRDA:292,17,0,0
BRDA:292,17,1,0
BRDA:292,17,2,0
BRDA:292,17,3,0
BRDA:303,18,0,0
BRDA:314,19,0,0
BRDA:320,20,0,0
BRDA:331,21,0,0
BRDA:346,22,0,0
BRDA:346,22,1,0
BRDA:349,23,0,0
BRDA:352,24,0,0
BRDA:367,25,0,0
BRDA:413,26,0,0
BRDA:413,26,1,0
BRDA:418,27,0,0
BRDA:419,28,0,0
BRDA:419,28,1,0
BRDA:419,28,2,0
BRDA:449,29,0,0
BRDA:449,30,0,0
BRDA:449,30,1,0
BRDA:456,31,0,0
BRDA:456,31,1,0
BRDA:456,31,2,0
BRDA:470,32,0,0
BRDA:470,32,1,0
BRDA:470,32,2,0
BRDA:470,32,3,0
BRDA:470,32,4,0
BRDA:477,33,0,0
BRDA:477,33,1,0
BRDA:479,34,0,0
BRDA:479,34,1,0
BRDA:481,35,0,0
BRDA:481,35,1,0
BRDA:485,36,0,0
BRDA:485,37,0,0
BRDA:485,37,1,0
BRDA:501,38,0,0
BRDA:523,39,0,0
BRDA:523,39,1,0
BRDA:527,40,0,0
BRDA:527,40,1,0
BRDA:529,41,0,0
BRDA:537,42,0,0
BRDA:537,42,1,0
BRDA:568,43,0,0
BRDA:568,43,1,0
BRDA:574,44,0,0
BRDA:574,44,1,0
BRDA:576,45,0,0
BRDA:576,45,1,0
BRDA:581,46,0,0
BRDA:580,47,0,0
BRDA:580,47,1,0
BRDA:549,48,0,0
BRDA:549,48,1,0
BRDA:636,49,0,0
BRDA:636,50,0,0
BRDA:636,50,1,0
BRDA:661,51,0,0
BRDA:661,51,1,0
BRDA:667,52,0,0
BRDA:670,53,0,0
BRDA:678,54,0,0
BRDA:681,55,0,0
BRDA:687,56,0,0
BRDA:691,57,0,0
BRDA:742,58,0,0
BRDA:753,59,0,0
BRDA:781,60,0,0
BRDA:779,61,0,0
BRDA:779,61,1,0
BRDA:779,61,2,0
BRDA:808,62,0,0
BRDA:808,62,1,0
BRDA:812,63,0,0
BRDA:817,64,0,0
BRDA:817,64,1,0
BRDA:850,65,0,0
BRDA:861,66,0,0
BRDA:862,67,0,0
BRDA:862,67,1,0
BRDA:862,67,2,0
BRDA:862,67,3,0
BRDA:862,67,4,0
BRDA:862,67,5,0
BRDA:961,68,0,0
BRDA:966,69,0,0
BRDA:998,70,0,0
BRDA:998,70,1,0
BRDA:998,70,2,0
BRDA:1010,71,0,0
BRDA:1024,72,0,0
BRDA:1024,72,1,0
BRDA:1024,72,2,0
BRDA:1032,73,0,0
BRDA:1032,73,1,0
BRDA:1032,73,2,0
BRDA:1041,74,0,0
BRDA:1045,75,0,0
BRDA:1045,75,1,0
BRDA:1046,76,0,0
BRDA:1046,76,1,0
BRDA:1049,77,0,0
BRDA:1049,77,1,0
BRDA:1049,77,2,0
BRDA:1051,78,0,0
BRDA:1051,78,1,0
BRDA:1058,79,0,0
BRDA:1069,80,0,0
BRDA:1080,81,0,0
BRDA:1084,82,0,0
BRDA:1094,83,0,0
BRDA:1106,84,0,0
BRDA:1106,85,0,0
BRDA:1106,85,1,0
BRDA:1116,86,0,0
BRDA:1116,87,0,0
BRDA:1116,87,1,0
BRDA:1118,88,0,0
BRDA:1120,89,0,0
BRDA:1120,90,0,0
BRDA:1120,90,1,0
BRDA:1124,91,0,0
BRDA:1124,91,1,0
BRDA:1139,92,0,0
BRDA:1151,93,0,0
BRDA:1151,93,1,0
BRDA:1158,94,0,0
BRDA:1159,95,0,0
BRDA:1163,96,0,0
BRDA:1163,96,1,0
BRDA:1187,97,0,0
BRDA:1190,98,0,0
BRDA:1210,99,0,0
BRDA:1210,99,1,0
BRDA:1214,100,0,0
BRDA:1214,100,1,0
BRDA:1238,101,0,0
BRDA:1241,102,0,0
BRDA:1258,103,0,0
BRDA:1261,104,0,0
BRDA:1279,105,0,0
BRDA:1283,106,0,0
BRDA:1283,106,1,0
BRDA:1283,106,2,0
BRDA:1288,107,0,0
BRDA:1303,108,0,0
BRDA:1326,109,0,0
BRDA:1326,109,1,0
BRDA:1327,110,0,0
BRDA:1327,110,1,0
BRDA:1328,111,0,0
BRDA:1328,111,1,0
BRDA:1329,112,0,0
BRDA:1329,112,1,0
BRDA:1349,113,0,0
BRDA:1349,113,1,0
BRDA:1357,114,0,0
BRDA:1357,114,1,0
BRDA:1358,115,0,0
BRDA:1358,115,1,0
BRDA:1366,116,0,0
BRDA:1366,116,1,0
BRDA:1394,117,0,0
BRDA:1394,117,1,0
BRDA:1398,118,0,0
BRDA:1398,118,1,0
BRDA:1401,119,0,0
BRDA:1401,119,1,0
BRDA:1405,120,0,0
BRDA:1405,120,1,0
BRDA:1405,120,2,0
BRDA:1411,121,0,0
BRDA:1411,121,1,0
BRDA:1423,122,0,0
BRDA:1444,123,0,0
BRDA:1444,123,1,0
BRDA:1447,124,0,0
BRDA:1447,124,1,0
BRDA:1450,125,0,0
BRDA:1450,125,1,0
BRDA:1462,126,0,0
BRDA:1484,127,0,0
BRDA:1484,127,1,0
BRDA:1487,128,0,0
BRDA:1487,128,1,0
BRDA:1490,129,0,0
BRDA:1490,129,1,0
BRDA:1493,130,0,0
BRDA:1493,130,1,0
BRDA:1496,131,0,0
BRDA:1496,131,1,0
BRDA:1552,132,0,0
BRDA:1587,133,0,0
BRDA:1586,134,0,0
BRDA:1586,134,1,0
BRDA:1620,135,0,0
BRDA:1700,136,0,0
BRDA:1700,136,1,0
BRDA:1718,137,0,0
BRDA:1718,137,1,0
BRDA:1757,138,0,0
BRDA:1772,139,0,0
BRDA:1772,139,1,0
BRDA:1779,140,0,0
BRDA:1779,140,1,0
BRDA:1787,141,0,0
BRDA:1787,141,1,0
BRDA:1790,142,0,0
BRDA:1790,142,1,0
BRDA:1790,142,2,0
BRDA:1793,143,0,0
BRDA:1793,143,1,0
BRDA:1793,143,2,0
BRDA:1795,144,0,0
BRDA:1795,144,1,0
BRDA:1810,145,0,0
BRDA:1842,146,0,0
BRDA:1842,146,1,0
BRDA:1844,147,0,0
BRDA:1844,147,1,0
BRDA:1895,148,0,0
BRDA:1907,149,0,0
BRDA:1930,150,0,0
BRDA:1930,150,1,0
BRDA:1956,151,0,0
BRDA:1968,152,0,0
BRDA:2000,153,0,0
BRDA:2029,154,0,0
BRDA:2075,155,0,0
BRDA:2075,155,1,0
BRF:261
BRH:0
end_of_record
TN:
SF:src/app/tasks/create/page.tsx
FN:50,CreateTaskPage
FN:96,(anonymous_5)
FN:97,(anonymous_6)
FN:103,(anonymous_7)
FN:114,(anonymous_8)
FN:115,(anonymous_9)
FN:125,(anonymous_10)
FN:140,(anonymous_11)
FN:141,(anonymous_12)
FN:162,(anonymous_13)
FN:167,(anonymous_14)
FN:172,(anonymous_15)
FN:179,(anonymous_16)
FN:189,(anonymous_17)
FN:196,(anonymous_18)
FN:229,(anonymous_19)
FN:285,(anonymous_20)
FN:290,(anonymous_21)
FN:291,(anonymous_22)
FN:294,(anonymous_23)
FN:327,(anonymous_24)
FN:338,(anonymous_25)
FN:349,(anonymous_26)
FN:364,(anonymous_27)
FN:367,(anonymous_28)
FN:388,(anonymous_29)
FN:391,(anonymous_30)
FN:396,(anonymous_31)
FN:397,(anonymous_32)
FN:426,(anonymous_33)
FN:440,(anonymous_34)
FN:466,(anonymous_35)
FN:481,(anonymous_36)
FN:505,(anonymous_37)
FN:507,(anonymous_38)
FN:525,(anonymous_39)
FN:527,(anonymous_40)
FN:540,(anonymous_41)
FN:544,(anonymous_42)
FN:563,(anonymous_43)
FN:572,(anonymous_44)
FN:591,(anonymous_45)
FN:615,(anonymous_46)
FN:627,(anonymous_47)
FN:640,(anonymous_48)
FN:658,(anonymous_49)
FN:669,(anonymous_50)
FN:695,(anonymous_51)
FNF:48
FNH:0
FNDA:0,CreateTaskPage
FNDA:0,(anonymous_5)
FNDA:0,(anonymous_6)
FNDA:0,(anonymous_7)
FNDA:0,(anonymous_8)
FNDA:0,(anonymous_9)
FNDA:0,(anonymous_10)
FNDA:0,(anonymous_11)
FNDA:0,(anonymous_12)
FNDA:0,(anonymous_13)
FNDA:0,(anonymous_14)
FNDA:0,(anonymous_15)
FNDA:0,(anonymous_16)
FNDA:0,(anonymous_17)
FNDA:0,(anonymous_18)
FNDA:0,(anonymous_19)
FNDA:0,(anonymous_20)
FNDA:0,(anonymous_21)
FNDA:0,(anonymous_22)
FNDA:0,(anonymous_23)
FNDA:0,(anonymous_24)
FNDA:0,(anonymous_25)
FNDA:0,(anonymous_26)
FNDA:0,(anonymous_27)
FNDA:0,(anonymous_28)
FNDA:0,(anonymous_29)
FNDA:0,(anonymous_30)
FNDA:0,(anonymous_31)
FNDA:0,(anonymous_32)
FNDA:0,(anonymous_33)
FNDA:0,(anonymous_34)
FNDA:0,(anonymous_35)
FNDA:0,(anonymous_36)
FNDA:0,(anonymous_37)
FNDA:0,(anonymous_38)
FNDA:0,(anonymous_39)
FNDA:0,(anonymous_40)
FNDA:0,(anonymous_41)
FNDA:0,(anonymous_42)
FNDA:0,(anonymous_43)
FNDA:0,(anonymous_44)
FNDA:0,(anonymous_45)
FNDA:0,(anonymous_46)
FNDA:0,(anonymous_47)
FNDA:0,(anonymous_48)
FNDA:0,(anonymous_49)
FNDA:0,(anonymous_50)
FNDA:0,(anonymous_51)
DA:13,0
DA:32,0
DA:33,0
DA:34,0
DA:35,0
DA:36,0
DA:37,0
DA:38,0
DA:43,0
DA:47,0
DA:48,0
DA:50,0
DA:51,0
DA:52,0
DA:53,0
DA:55,0
DA:56,0
DA:57,0
DA:58,0
DA:66,0
DA:67,0
DA:71,0
DA:72,0
DA:73,0
DA:74,0
DA:75,0
DA:76,0
DA:77,0
DA:93,0
DA:96,0
DA:97,0
DA:98,0
DA:99,0
DA:100,0
DA:101,0
DA:102,0
DA:103,0
DA:106,0
DA:110,0
DA:114,0
DA:115,0
DA:116,0
DA:117,0
DA:118,0
DA:119,0
DA:120,0
DA:121,0
DA:123,0
DA:125,0
DA:127,0
DA:131,0
DA:136,0
DA:140,0
DA:141,0
DA:143,0
DA:144,0
DA:145,0
DA:146,0
DA:147,0
DA:148,0
DA:150,0
DA:152,0
DA:155,0
DA:159,0
DA:162,0
DA:163,0
DA:167,0
DA:168,0
DA:169,0
DA:170,0
DA:172,0
DA:174,0
DA:179,0
DA:180,0
DA:181,0
DA:182,0
DA:183,0
DA:184,0
DA:185,0
DA:189,0
DA:191,0
DA:196,0
DA:197,0
DA:199,0
DA:200,0
DA:203,0
DA:204,0
DA:207,0
DA:208,0
DA:209,0
DA:213,0
DA:214,0
DA:216,0
DA:217,0
DA:219,0
DA:220,0
DA:224,0
DA:225,0
DA:229,0
DA:230,0
DA:231,0
DA:234,0
DA:235,0
DA:237,0
DA:238,0
DA:273,0
DA:274,0
DA:275,0
DA:277,0
DA:279,0
DA:280,0
DA:285,0
DA:286,0
DA:290,0
DA:291,0
DA:293,0
DA:294,0
DA:327,0
DA:338,0
DA:349,0
DA:365,0
DA:366,0
DA:367,0
DA:389,0
DA:390,0
DA:391,0
DA:392,0
DA:396,0
DA:398,0
DA:426,0
DA:440,0
DA:466,0
DA:482,0
DA:483,0
DA:484,0
DA:485,0
DA:486,0
DA:487,0
DA:505,0
DA:508,0
DA:526,0
DA:527,0
DA:529,0
DA:530,0
DA:541,0
DA:544,0
DA:553,0
DA:564,0
DA:565,0
DA:566,0
DA:567,0
DA:573,0
DA:592,0
DA:615,0
DA:627,0
DA:641,0
DA:659,0
DA:670,0
DA:695,0
LF:159
LH:0
BRDA:101,0,0,0
BRDA:101,1,0,0
BRDA:101,1,1,0
BRDA:116,2,0,0
BRDA:120,3,0,0
BRDA:120,4,0,0
BRDA:120,4,1,0
BRDA:123,5,0,0
BRDA:124,6,0,0
BRDA:124,6,1,0
BRDA:143,7,0,0
BRDA:143,7,1,0
BRDA:144,8,0,0
BRDA:144,8,1,0
BRDA:144,9,0,0
BRDA:144,9,1,0
BRDA:182,10,0,0
BRDA:182,10,1,0
BRDA:183,11,0,0
BRDA:183,11,1,0
BRDA:184,12,0,0
BRDA:184,12,1,0
BRDA:199,13,0,0
BRDA:203,14,0,0
BRDA:207,15,0,0
BRDA:207,15,1,0
BRDA:208,16,0,0
BRDA:213,17,0,0
BRDA:216,18,0,0
BRDA:219,19,0,0
BRDA:219,20,0,0
BRDA:219,20,1,0
BRDA:219,20,2,0
BRDA:230,21,0,0
BRDA:242,22,0,0
BRDA:242,22,1,0
BRDA:253,23,0,0
BRDA:253,23,1,0
BRDA:260,24,0,0
BRDA:260,24,1,0
BRDA:261,25,0,0
BRDA:261,25,1,0
BRDA:293,26,0,0
BRDA:366,27,0,0
BRDA:373,28,0,0
BRDA:380,29,0,0
BRDA:392,30,0,0
BRDA:392,30,1,0
BRDA:396,31,0,0
BRDA:396,31,1,0
BRDA:411,32,0,0
BRDA:484,33,0,0
BRDA:484,33,1,0
BRDA:486,34,0,0
BRDA:498,35,0,0
BRDA:523,36,0,0
BRDA:523,36,1,0
BRDA:523,36,2,0
BRDA:529,37,0,0
BRDA:529,38,0,0
BRDA:529,38,1,0
BRDA:536,39,0,0
BRDA:536,39,1,0
BRDA:536,40,0,0
BRDA:536,40,1,0
BRDA:558,41,0,0
BRDA:558,41,1,0
BRDA:566,42,0,0
BRDA:579,43,0,0
BRDA:579,43,1,0
BRDA:581,44,0,0
BRDA:581,44,1,0
BRDA:590,45,0,0
BRDA:590,45,1,0
BRDA:641,46,0,0
BRDA:641,46,1,0
BRDA:659,47,0,0
BRDA:659,47,1,0
BRDA:670,48,0,0
BRDA:670,48,1,0
BRDA:712,49,0,0
BRDA:712,49,1,0
BRDA:723,50,0,0
BRF:83
BRH:0
end_of_record
TN:
SF:src/components/backtest/BacktestErrorHandler.tsx
FN:59,BacktestErrorHandler
FN:69,(anonymous_7)
FN:72,(anonymous_8)
FN:74,(anonymous_9)
FN:81,(anonymous_10)
FN:82,(anonymous_11)
FN:87,(anonymous_12)
FN:98,(anonymous_13)
FN:107,(anonymous_14)
FN:110,(anonymous_15)
FN:111,(anonymous_16)
FN:112,(anonymous_17)
FN:113,(anonymous_18)
FN:139,(anonymous_19)
FN:167,(anonymous_20)
FN:170,(anonymous_21)
FN:273,(anonymous_22)
FN:288,(anonymous_23)
FN:297,(anonymous_24)
FN:307,(anonymous_25)
FN:408,(anonymous_26)
FN:420,(anonymous_27)
FN:433,useBacktestNotifications
FN:437,(anonymous_29)
FN:447,(anonymous_30)
FN:452,(anonymous_31)
FN:453,(anonymous_32)
FN:453,(anonymous_33)
FN:457,(anonymous_34)
FN:462,(anonymous_35)
FN:466,(anonymous_36)
FN:470,(anonymous_37)
FN:474,(anonymous_38)
FNF:33
FNH:0
FNDA:0,BacktestErrorHandler
FNDA:0,(anonymous_7)
FNDA:0,(anonymous_8)
FNDA:0,(anonymous_9)
FNDA:0,(anonymous_10)
FNDA:0,(anonymous_11)
FNDA:0,(anonymous_12)
FNDA:0,(anonymous_13)
FNDA:0,(anonymous_14)
FNDA:0,(anonymous_15)
FNDA:0,(anonymous_16)
FNDA:0,(anonymous_17)
FNDA:0,(anonymous_18)
FNDA:0,(anonymous_19)
FNDA:0,(anonymous_20)
FNDA:0,(anonymous_21)
FNDA:0,(anonymous_22)
FNDA:0,(anonymous_23)
FNDA:0,(anonymous_24)
FNDA:0,(anonymous_25)
FNDA:0,(anonymous_26)
FNDA:0,(anonymous_27)
FNDA:0,useBacktestNotifications
FNDA:0,(anonymous_29)
FNDA:0,(anonymous_30)
FNDA:0,(anonymous_31)
FNDA:0,(anonymous_32)
FNDA:0,(anonymous_33)
FNDA:0,(anonymous_34)
FNDA:0,(anonymous_35)
FNDA:0,(anonymous_36)
FNDA:0,(anonymous_37)
FNDA:0,(anonymous_38)
DA:3,0
DA:17,0
DA:25,0
DA:45,0
DA:52,0
DA:59,0
DA:65,0
DA:66,0
DA:69,0
DA:70,0
DA:72,0
DA:73,0
DA:74,0
DA:75,0
DA:77,0
DA:81,0
DA:82,0
DA:87,0
DA:88,0
DA:89,0
DA:90,0
DA:92,0
DA:94,0
DA:98,0
DA:99,0
DA:107,0
DA:108,0
DA:110,0
DA:111,0
DA:112,0
DA:113,0
DA:115,0
DA:118,0
DA:120,0
DA:121,0
DA:139,0
DA:168,0
DA:170,0
DA:274,0
DA:275,0
DA:288,0
DA:297,0
DA:308,0
DA:408,0
DA:420,0
DA:433,0
DA:434,0
DA:437,0
DA:438,0
DA:447,0
DA:448,0
DA:452,0
DA:453,0
DA:457,0
DA:458,0
DA:462,0
DA:463,0
DA:466,0
DA:467,0
DA:470,0
DA:471,0
DA:474,0
DA:475,0
DA:478,0
LF:64
LH:0
BRDA:63,0,0,0
BRDA:73,1,0,0
BRDA:73,2,0,0
BRDA:73,2,1,0
BRDA:89,3,0,0
BRDA:89,3,1,0
BRDA:120,4,0,0
BRDA:143,5,0,0
BRDA:155,6,0,0
BRDA:156,7,0,0
BRDA:159,8,0,0
BRDA:162,9,0,0
BRDA:177,10,0,0
BRDA:177,10,1,0
BRDA:183,11,0,0
BRDA:183,11,1,0
BRDA:189,12,0,0
BRDA:189,12,1,0
BRDA:241,13,0,0
BRDA:241,13,1,0
BRDA:247,14,0,0
BRDA:247,14,1,0
BRDA:249,15,0,0
BRDA:249,15,1,0
BRDA:251,16,0,0
BRDA:251,16,1,0
BRDA:259,17,0,0
BRDA:286,18,0,0
BRDA:314,19,0,0
BRDA:314,19,1,0
BRDA:319,20,0,0
BRDA:319,20,1,0
BRDA:324,21,0,0
BRDA:324,21,1,0
BRDA:358,22,0,0
BRDA:358,22,1,0
BRDA:360,23,0,0
BRDA:360,23,1,0
BRDA:362,24,0,0
BRDA:362,24,1,0
BRDA:375,25,0,0
BRDA:375,25,1,0
BRDA:377,26,0,0
BRDA:377,26,1,0
BRDA:379,27,0,0
BRDA:379,27,1,0
BRDA:397,28,0,0
BRDA:443,29,0,0
BRDA:443,29,1,0
BRDA:443,29,2,0
BRDA:444,30,0,0
BRDA:444,30,1,0
BRF:52
BRH:0
end_of_record
TN:
SF:src/components/backtest/BacktestOverview.tsx
FN:56,BacktestOverview
FN:58,(anonymous_3)
FN:89,(anonymous_4)
FN:94,(anonymous_5)
FN:95,(anonymous_6)
FN:96,(anonymous_7)
FN:128,(anonymous_8)
FN:139,(anonymous_9)
FN:150,(anonymous_10)
FN:172,(anonymous_11)
FNF:10
FNH:0
FNDA:0,BacktestOverview
FNDA:0,(anonymous_3)
FNDA:0,(anonymous_4)
FNDA:0,(anonymous_5)
FNDA:0,(anonymous_6)
FNDA:0,(anonymous_7)
FNDA:0,(anonymous_8)
FNDA:0,(anonymous_9)
FNDA:0,(anonymous_10)
FNDA:0,(anonymous_11)
DA:8,0
DA:19,0
DA:29,0
DA:56,0
DA:58,0
DA:59,0
DA:60,0
DA:80,0
DA:81,0
DA:85,0
DA:87,0
DA:89,0
DA:90,0
DA:91,0
DA:93,0
DA:94,0
DA:95,0
DA:96,0
DA:97,0
DA:98,0
DA:99,0
DA:102,0
DA:105,0
DA:125,0
DA:128,0
DA:129,0
DA:130,0
DA:132,0
DA:133,0
DA:135,0
DA:139,0
DA:140,0
DA:143,0
DA:150,0
DA:151,0
DA:152,0
DA:154,0
DA:155,0
DA:157,0
DA:158,0
DA:160,0
DA:163,0
DA:173,0
DA:185,0
DA:206,0
LF:45
LH:0
BRDA:56,0,0,0
BRDA:59,1,0,0
BRDA:80,2,0,0
BRDA:80,2,1,0
BRDA:81,3,0,0
BRDA:81,3,1,0
BRDA:85,4,0,0
BRDA:85,4,1,0
BRDA:87,5,0,0
BRDA:87,5,1,0
BRDA:90,6,0,0
BRDA:90,7,0,0
BRDA:90,7,1,0
BRDA:90,7,2,0
BRDA:93,8,0,0
BRDA:95,9,0,0
BRDA:95,9,1,0
BRDA:96,10,0,0
BRDA:96,10,1,0
BRDA:98,11,0,0
BRDA:102,12,0,0
BRDA:102,12,1,0
BRDA:106,13,0,0
BRDA:106,13,1,0
BRDA:107,14,0,0
BRDA:107,14,1,0
BRDA:108,15,0,0
BRDA:108,15,1,0
BRDA:109,16,0,0
BRDA:109,16,1,0
BRDA:110,17,0,0
BRDA:110,17,1,0
BRDA:112,18,0,0
BRDA:112,18,1,0
BRDA:113,19,0,0
BRDA:113,19,1,0
BRDA:114,20,0,0
BRDA:114,20,1,0
BRDA:115,21,0,0
BRDA:115,21,1,0
BRDA:116,22,0,0
BRDA:116,22,1,0
BRDA:117,23,0,0
BRDA:117,23,1,0
BRDA:118,24,0,0
BRDA:118,24,1,0
BRDA:119,25,0,0
BRDA:119,25,1,0
BRDA:120,26,0,0
BRDA:120,26,1,0
BRDA:121,27,0,0
BRDA:121,27,1,0
BRDA:129,28,0,0
BRDA:132,29,0,0
BRDA:140,30,0,0
BRDA:143,31,0,0
BRDA:151,32,0,0
BRDA:154,33,0,0
BRDA:157,34,0,0
BRDA:163,35,0,0
BRDA:185,36,0,0
BRDA:244,37,0,0
BRDA:244,37,1,0
BRDA:276,38,0,0
BRDA:276,38,1,0
BRDA:407,39,0,0
BRDA:407,39,1,0
BRDA:468,40,0,0
BRDA:468,40,1,0
BRDA:478,41,0,0
BRDA:478,41,1,0
BRDA:478,41,2,0
BRDA:478,41,3,0
BRDA:500,42,0,0
BRDA:500,42,1,0
BRDA:503,43,0,0
BRDA:503,43,1,0
BRDA:516,44,0,0
BRDA:516,44,1,0
BRDA:519,45,0,0
BRDA:519,45,1,0
BRDA:574,46,0,0
BRDA:574,46,1,0
BRDA:576,47,0,0
BRDA:576,47,1,0
BRDA:586,48,0,0
BRDA:586,48,1,0
BRDA:588,49,0,0
BRDA:588,49,1,0
BRDA:603,50,0,0
BRDA:603,50,1,0
BRDA:605,51,0,0
BRDA:605,51,1,0
BRDA:615,52,0,0
BRDA:615,52,1,0
BRDA:617,53,0,0
BRDA:617,53,1,0
BRDA:632,54,0,0
BRDA:632,54,1,0
BRDA:634,55,0,0
BRDA:634,55,1,0
BRDA:644,56,0,0
BRDA:644,56,1,0
BRDA:644,57,0,0
BRDA:644,57,1,0
BRF:105
BRH:0
end_of_record
TN:
SF:src/components/backtest/BacktestProgressIndicator.tsx
FN:34,BacktestProgressIndicator
FN:47,(anonymous_5)
FN:54,(anonymous_6)
FN:57,(anonymous_7)
FN:61,(anonymous_8)
FN:64,(anonymous_9)
FN:68,(anonymous_10)
FN:72,(anonymous_11)
FN:84,(anonymous_12)
FNF:9
FNH:0
FNDA:0,BacktestProgressIndicator
FNDA:0,(anonymous_5)
FNDA:0,(anonymous_6)
FNDA:0,(anonymous_7)
FNDA:0,(anonymous_8)
FNDA:0,(anonymous_9)
FNDA:0,(anonymous_10)
FNDA:0,(anonymous_11)
FNDA:0,(anonymous_12)
DA:3,0
DA:4,0
DA:10,0
DA:15,0
DA:24,0
DA:34,0
DA:40,0
DA:41,0
DA:42,0
DA:45,0
DA:47,0
DA:48,0
DA:49,0
DA:52,0
DA:54,0
DA:55,0
DA:56,0
DA:58,0
DA:59,0
DA:62,0
DA:66,0
DA:70,0
DA:73,0
DA:77,0
DA:78,0
DA:82,0
DA:84,0
DA:85,0
DA:90,0
DA:99,0
DA:108,0
DA:117,0
DA:126,0
DA:138,0
DA:140,0
DA:142,0
LF:36
LH:0
BRDA:37,0,0,0
BRDA:38,1,0,0
BRDA:45,2,0,0
BRDA:45,2,1,0
BRDA:48,3,0,0
BRDA:90,4,0,0
BRDA:99,5,0,0
BRDA:108,6,0,0
BRDA:117,7,0,0
BRDA:126,8,0,0
BRDA:138,9,0,0
BRDA:140,10,0,0
BRDA:140,10,1,0
BRDA:142,11,0,0
BRDA:142,11,1,0
BRDA:168,12,0,0
BRDA:168,12,1,0
BRDA:175,13,0,0
BRDA:194,14,0,0
BRDA:194,14,1,0
BRDA:199,15,0,0
BRDA:220,16,0,0
BRDA:220,16,1,0
BRF:23
BRH:0
end_of_record
TN:
SF:src/components/backtest/BacktestProgressMonitor.tsx
FN:67,(anonymous_4)
FN:82,(anonymous_5)
FN:99,BacktestProgressMonitor
FN:113,(anonymous_7)
FN:114,(anonymous_8)
FN:117,(anonymous_9)
FN:145,(anonymous_10)
FN:166,(anonymous_11)
FN:177,(anonymous_12)
FN:180,(anonymous_13)
FN:183,(anonymous_14)
FN:187,(anonymous_15)
FN:191,(anonymous_16)
FN:194,(anonymous_17)
FN:197,(anonymous_18)
FN:211,(anonymous_19)
FN:217,(anonymous_20)
FN:225,(anonymous_21)
FNF:18
FNH:0
FNDA:0,(anonymous_4)
FNDA:0,(anonymous_5)
FNDA:0,BacktestProgressMonitor
FNDA:0,(anonymous_7)
FNDA:0,(anonymous_8)
FNDA:0,(anonymous_9)
FNDA:0,(anonymous_10)
FNDA:0,(anonymous_11)
FNDA:0,(anonymous_12)
FNDA:0,(anonymous_13)
FNDA:0,(anonymous_14)
FNDA:0,(anonymous_15)
FNDA:0,(anonymous_16)
FNDA:0,(anonymous_17)
FNDA:0,(anonymous_18)
FNDA:0,(anonymous_19)
FNDA:0,(anonymous_20)
FNDA:0,(anonymous_21)
DA:3,0
DA:19,0
DA:27,0
DA:37,0
DA:47,0
DA:57,0
DA:67,0
DA:68,0
DA:70,0
DA:72,0
DA:74,0
DA:76,0
DA:78,0
DA:82,0
DA:83,0
DA:85,0
DA:87,0
DA:89,0
DA:91,0
DA:93,0
DA:95,0
DA:99,0
DA:106,0
DA:107,0
DA:108,0
DA:109,0
DA:110,0
DA:112,0
DA:113,0
DA:114,0
DA:117,0
DA:118,0
DA:119,0
DA:122,0
DA:124,0
DA:125,0
DA:126,0
DA:127,0
DA:128,0
DA:130,0
DA:131,0
DA:132,0
DA:133,0
DA:135,0
DA:138,0
DA:140,0
DA:145,0
DA:146,0
DA:147,0
DA:150,0
DA:151,0
DA:152,0
DA:161,0
DA:166,0
DA:167,0
DA:168,0
DA:170,0
DA:177,0
DA:178,0
DA:180,0
DA:181,0
DA:182,0
DA:184,0
DA:185,0
DA:188,0
DA:189,0
DA:192,0
DA:195,0
DA:198,0
DA:202,0
DA:204,0
DA:205,0
DA:209,0
DA:211,0
DA:212,0
DA:217,0
DA:218,0
DA:219,0
DA:220,0
DA:225,0
DA:226,0
DA:304,0
LF:82
LH:0
BRDA:68,0,0,0
BRDA:68,0,1,0
BRDA:68,0,2,0
BRDA:68,0,3,0
BRDA:68,0,4,0
BRDA:83,1,0,0
BRDA:83,1,1,0
BRDA:83,1,2,0
BRDA:83,1,3,0
BRDA:83,1,4,0
BRDA:83,1,5,0
BRDA:104,2,0,0
BRDA:118,3,0,0
BRDA:125,4,0,0
BRDA:130,5,0,0
BRDA:130,5,1,0
BRDA:132,6,0,0
BRDA:132,6,1,0
BRDA:146,7,0,0
BRDA:166,8,0,0
BRDA:167,9,0,0
BRDA:167,10,0,0
BRDA:167,10,1,0
BRDA:218,11,0,0
BRDA:239,12,0,0
BRDA:255,13,0,0
BRDA:255,13,1,0
BRDA:264,14,0,0
BRDA:275,15,0,0
BRDA:275,15,1,0
BRDA:277,16,0,0
BRDA:277,16,1,0
BRDA:282,17,0,0
BRDA:287,18,0,0
BRDA:292,19,0,0
BRDA:304,20,0,0
BRDA:304,21,0,0
BRDA:304,21,1,0
BRDA:327,22,0,0
BRDA:327,22,1,0
BRDA:332,23,0,0
BRDA:332,23,1,0
BRDA:332,23,2,0
BRDA:350,24,0,0
BRDA:373,25,0,0
BRDA:395,26,0,0
BRDA:395,26,1,0
BRDA:447,27,0,0
BRDA:447,27,1,0
BRDA:447,27,2,0
BRDA:459,28,0,0
BRDA:470,29,0,0
BRDA:481,30,0,0
BRDA:496,31,0,0
BRDA:511,32,0,0
BRF:55
BRH:0
end_of_record
TN:
SF:src/components/backtest/BacktestTaskStatus.tsx
FN:44,BacktestTaskStatus
FN:52,(anonymous_5)
FN:84,(anonymous_6)
FN:96,(anonymous_7)
FN:119,(anonymous_8)
FN:142,(anonymous_9)
FN:147,(anonymous_10)
FN:381,(anonymous_11)
FN:388,(anonymous_12)
FN:394,(anonymous_13)
FN:414,(anonymous_14)
FN:414,(anonymous_15)
FN:426,(anonymous_16)
FN:427,(anonymous_17)
FNF:14
FNH:0
FNDA:0,BacktestTaskStatus
FNDA:0,(anonymous_5)
FNDA:0,(anonymous_6)
FNDA:0,(anonymous_7)
FNDA:0,(anonymous_8)
FNDA:0,(anonymous_9)
FNDA:0,(anonymous_10)
FNDA:0,(anonymous_11)
FNDA:0,(anonymous_12)
FNDA:0,(anonymous_13)
FNDA:0,(anonymous_14)
FNDA:0,(anonymous_15)
FNDA:0,(anonymous_16)
FNDA:0,(anonymous_17)
DA:8,0
DA:21,0
DA:33,0
DA:44,0
DA:50,0
DA:52,0
DA:53,0
DA:80,0
DA:84,0
DA:85,0
DA:96,0
DA:97,0
DA:98,0
DA:101,0
DA:102,0
DA:103,0
DA:105,0
DA:106,0
DA:107,0
DA:109,0
DA:110,0
DA:111,0
DA:112,0
DA:114,0
DA:119,0
DA:120,0
DA:140,0
DA:142,0
DA:147,0
DA:148,0
DA:149,0
DA:153,0
DA:155,0
DA:165,0
DA:166,0
DA:167,0
DA:382,0
DA:383,0
DA:384,0
DA:385,0
DA:386,0
DA:388,0
DA:389,0
DA:395,0
DA:396,0
DA:398,0
DA:414,0
DA:427,0
DA:435,0
LF:49
LH:0
BRDA:48,0,0,0
BRDA:80,1,0,0
BRDA:80,1,1,0
BRDA:97,2,0,0
BRDA:102,3,0,0
BRDA:102,3,1,0
BRDA:109,4,0,0
BRDA:109,4,1,0
BRDA:111,5,0,0
BRDA:111,5,1,0
BRDA:141,6,0,0
BRDA:141,6,1,0
BRDA:149,7,0,0
BRDA:149,7,1,0
BRDA:149,7,2,0
BRDA:153,8,0,0
BRDA:153,8,1,0
BRDA:153,8,2,0
BRDA:153,8,3,0
BRDA:156,9,0,0
BRDA:156,9,1,0
BRDA:156,9,2,0
BRDA:156,9,3,0
BRDA:157,10,0,0
BRDA:157,10,1,0
BRDA:157,10,2,0
BRDA:157,10,3,0
BRDA:158,11,0,0
BRDA:158,11,1,0
BRDA:158,11,2,0
BRDA:158,11,3,0
BRDA:159,12,0,0
BRDA:159,12,1,0
BRDA:159,12,2,0
BRDA:160,13,0,0
BRDA:160,13,1,0
BRDA:160,13,2,0
BRDA:198,14,0,0
BRDA:198,14,1,0
BRDA:207,15,0,0
BRDA:207,15,1,0
BRDA:220,16,0,0
BRDA:220,16,1,0
BRDA:233,17,0,0
BRDA:233,17,1,0
BRDA:321,18,0,0
BRDA:335,19,0,0
BRDA:369,20,0,0
BRDA:368,21,0,0
BRDA:368,21,1,0
BRDA:398,22,0,0
BRF:51
BRH:0
end_of_record
TN:
SF:src/components/backtest/CostAnalysis.tsx
FN:30,CostAnalysis
FN:32,(anonymous_5)
FN:51,(anonymous_6)
FNF:3
FNH:0
FNDA:0,CostAnalysis
FNDA:0,(anonymous_5)
FNDA:0,(anonymous_6)
DA:8,0
DA:22,0
DA:23,0
DA:30,0
DA:32,0
DA:33,0
DA:34,0
DA:37,0
DA:38,0
DA:39,0
DA:40,0
DA:42,0
DA:51,0
DA:52,0
DA:53,0
DA:56,0
DA:57,0
DA:58,0
DA:60,0
DA:67,0
DA:82,0
LF:21
LH:0
BRDA:30,0,0,0
BRDA:33,1,0,0
BRDA:40,2,0,0
BRDA:40,2,1,0
BRDA:43,3,0,0
BRDA:43,3,1,0
BRDA:44,4,0,0
BRDA:44,4,1,0
BRDA:45,5,0,0
BRDA:45,5,1,0
BRDA:52,6,0,0
BRDA:56,7,0,0
BRDA:56,7,1,0
BRDA:57,8,0,0
BRDA:57,8,1,0
BRDA:63,9,0,0
BRDA:63,9,1,0
BRDA:67,10,0,0
BRDA:82,11,0,0
BRDA:82,12,0,0
BRDA:82,12,1,0
BRDA:133,13,0,0
BRDA:133,13,1,0
BRDA:133,14,0,0
BRDA:133,14,1,0
BRDA:138,15,0,0
BRDA:138,15,1,0
BRDA:170,16,0,0
BRDA:170,16,1,0
BRDA:170,17,0,0
BRDA:170,17,1,0
BRDA:175,18,0,0
BRDA:175,18,1,0
BRDA:203,19,0,0
BRDA:203,19,1,0
BRDA:203,20,0,0
BRDA:203,20,1,0
BRDA:204,21,0,0
BRDA:204,21,1,0
BRDA:232,22,0,0
BRDA:232,22,1,0
BRDA:265,23,0,0
BRDA:265,23,1,0
BRDA:273,24,0,0
BRDA:273,24,1,0
BRDA:281,25,0,0
BRDA:281,25,1,0
BRDA:289,26,0,0
BRDA:289,26,1,0
BRDA:300,27,0,0
BRDA:300,27,1,0
BRDA:316,28,0,0
BRDA:316,28,1,0
BRDA:324,29,0,0
BRDA:324,29,1,0
BRDA:332,30,0,0
BRDA:332,30,1,0
BRDA:340,31,0,0
BRDA:340,31,1,0
BRDA:351,32,0,0
BRDA:351,32,1,0
BRDA:374,33,0,0
BRDA:374,33,1,0
BRDA:389,34,0,0
BRDA:389,34,1,0
BRDA:404,35,0,0
BRDA:404,35,1,0
BRDA:416,36,0,0
BRDA:416,36,1,0
BRDA:421,37,0,0
BRDA:421,37,1,0
BRF:71
BRH:0
end_of_record
TN:
SF:src/components/backtest/PerformanceBreakdown.tsx
FN:103,PerformanceBreakdown
FN:144,(anonymous_5)
FN:145,(anonymous_6)
FN:151,(anonymous_7)
FN:159,(anonymous_8)
FN:161,(anonymous_9)
FN:182,(anonymous_10)
FN:187,(anonymous_11)
FN:190,(anonymous_12)
FN:192,(anonymous_13)
FN:195,(anonymous_14)
FN:198,(anonymous_15)
FN:213,(anonymous_16)
FN:224,(anonymous_17)
FN:238,(anonymous_18)
FN:282,(anonymous_19)
FN:283,(anonymous_20)
FN:311,(anonymous_21)
FN:327,(anonymous_22)
FN:335,(anonymous_23)
FN:341,(anonymous_24)
FN:410,(anonymous_25)
FN:419,(anonymous_26)
FN:432,(anonymous_27)
FN:440,(anonymous_28)
FN:446,(anonymous_29)
FN:500,(anonymous_30)
FN:509,(anonymous_31)
FN:518,(anonymous_32)
FN:535,(anonymous_33)
FN:543,(anonymous_34)
FN:549,(anonymous_35)
FN:550,(anonymous_36)
FN:722,(anonymous_37)
FN:786,(anonymous_38)
FN:789,(anonymous_39)
FN:802,(anonymous_40)
FN:845,(anonymous_41)
FN:951,(anonymous_42)
FNF:39
FNH:0
FNDA:0,PerformanceBreakdown
FNDA:0,(anonymous_5)
FNDA:0,(anonymous_6)
FNDA:0,(anonymous_7)
FNDA:0,(anonymous_8)
FNDA:0,(anonymous_9)
FNDA:0,(anonymous_10)
FNDA:0,(anonymous_11)
FNDA:0,(anonymous_12)
FNDA:0,(anonymous_13)
FNDA:0,(anonymous_14)
FNDA:0,(anonymous_15)
FNDA:0,(anonymous_16)
FNDA:0,(anonymous_17)
FNDA:0,(anonymous_18)
FNDA:0,(anonymous_19)
FNDA:0,(anonymous_20)
FNDA:0,(anonymous_21)
FNDA:0,(anonymous_22)
FNDA:0,(anonymous_23)
FNDA:0,(anonymous_24)
FNDA:0,(anonymous_25)
FNDA:0,(anonymous_26)
FNDA:0,(anonymous_27)
FNDA:0,(anonymous_28)
FNDA:0,(anonymous_29)
FNDA:0,(anonymous_30)
FNDA:0,(anonymous_31)
FNDA:0,(anonymous_32)
FNDA:0,(anonymous_33)
FNDA:0,(anonymous_34)
FNDA:0,(anonymous_35)
FNDA:0,(anonymous_36)
FNDA:0,(anonymous_37)
FNDA:0,(anonymous_38)
FNDA:0,(anonymous_39)
FNDA:0,(anonymous_40)
FNDA:0,(anonymous_41)
FNDA:0,(anonymous_42)
DA:6,0
DA:29,0
DA:30,0
DA:39,0
DA:103,0
DA:110,0
DA:111,0
DA:114,0
DA:117,0
DA:118,0
DA:119,0
DA:120,0
DA:121,0
DA:122,0
DA:125,0
DA:144,0
DA:145,0
DA:146,0
DA:147,0
DA:151,0
DA:152,0
DA:153,0
DA:157,0
DA:159,0
DA:161,0
DA:163,0
DA:165,0
DA:166,0
DA:168,0
DA:169,0
DA:171,0
DA:172,0
DA:174,0
DA:177,0
DA:182,0
DA:183,0
DA:184,0
DA:187,0
DA:188,0
DA:190,0
DA:192,0
DA:195,0
DA:196,0
DA:198,0
DA:199,0
DA:202,0
DA:213,0
DA:214,0
DA:215,0
DA:218,0
DA:219,0
DA:222,0
DA:224,0
DA:225,0
DA:227,0
DA:239,0
DA:240,0
DA:241,0
DA:243,0
DA:244,0
DA:245,0
DA:247,0
DA:248,0
DA:249,0
DA:251,0
DA:252,0
DA:253,0
DA:255,0
DA:256,0
DA:257,0
DA:260,0
DA:282,0
DA:283,0
DA:312,0
DA:325,0
DA:327,0
DA:328,0
DA:329,0
DA:333,0
DA:335,0
DA:336,0
DA:341,0
DA:342,0
DA:343,0
DA:346,0
DA:347,0
DA:350,0
DA:352,0
DA:410,0
DA:419,0
DA:430,0
DA:432,0
DA:433,0
DA:434,0
DA:438,0
DA:440,0
DA:441,0
DA:446,0
DA:447,0
DA:448,0
DA:451,0
DA:452,0
DA:455,0
DA:457,0
DA:500,0
DA:509,0
DA:518,0
DA:533,0
DA:535,0
DA:536,0
DA:537,0
DA:541,0
DA:543,0
DA:544,0
DA:549,0
DA:550,0
DA:552,0
DA:722,0
DA:786,0
DA:790,0
DA:803,0
DA:846,0
DA:952,0
LF:123
LH:0
BRDA:152,0,0,0
BRDA:157,1,0,0
BRDA:157,1,1,0
BRDA:163,2,0,0
BRDA:163,2,1,0
BRDA:163,2,2,0
BRDA:163,2,3,0
BRDA:183,3,0,0
BRDA:196,4,0,0
BRDA:196,4,1,0
BRDA:199,5,0,0
BRDA:199,5,1,0
BRDA:214,6,0,0
BRDA:214,7,0,0
BRDA:214,7,1,0
BRDA:218,8,0,0
BRDA:245,9,0,0
BRDA:245,9,1,0
BRDA:245,9,2,0
BRDA:328,10,0,0
BRDA:342,11,0,0
BRDA:342,12,0,0
BRDA:342,12,1,0
BRDA:346,13,0,0
BRDA:433,14,0,0
BRDA:447,15,0,0
BRDA:447,16,0,0
BRDA:447,16,1,0
BRDA:451,17,0,0
BRDA:536,18,0,0
BRDA:552,19,0,0
BRDA:552,20,0,0
BRDA:552,20,1,0
BRDA:572,21,0,0
BRDA:647,22,0,0
BRDA:765,23,0,0
BRDA:821,24,0,0
BRDA:832,25,0,0
BRDA:863,26,0,0
BRDA:863,26,1,0
BRDA:932,27,0,0
BRDA:963,28,0,0
BRDA:963,28,1,0
BRDA:1011,29,0,0
BRDA:1022,30,0,0
BRDA:1101,31,0,0
BRDA:1101,31,1,0
BRF:47
BRH:0
end_of_record
TN:
SF:src/components/backtest/PortfolioStrategyConfig.tsx
FN:61,PortfolioStrategyConfig
FN:82,(anonymous_5)
FN:83,(anonymous_6)
FN:88,(anonymous_7)
FN:96,(anonymous_8)
FN:97,(anonymous_9)
FN:102,(anonymous_10)
FN:109,(anonymous_11)
FN:114,(anonymous_12)
FN:131,(anonymous_13)
FN:141,(anonymous_14)
FN:147,(anonymous_15)
FN:147,(anonymous_16)
FN:166,(anonymous_17)
FN:171,(anonymous_18)
FN:177,(anonymous_19)
FN:185,(anonymous_20)
FN:193,(anonymous_21)
FN:202,(anonymous_22)
FN:213,(anonymous_23)
FN:218,(anonymous_24)
FN:236,(anonymous_25)
FN:248,(anonymous_26)
FN:265,(anonymous_27)
FN:266,(anonymous_28)
FN:293,(anonymous_29)
FN:302,(anonymous_30)
FN:318,(anonymous_31)
FN:320,(anonymous_32)
FN:348,(anonymous_33)
FN:372,(anonymous_34)
FN:401,(anonymous_35)
FN:406,(anonymous_36)
FN:420,(anonymous_37)
FNF:34
FNH:0
FNDA:0,PortfolioStrategyConfig
FNDA:0,(anonymous_5)
FNDA:0,(anonymous_6)
FNDA:0,(anonymous_7)
FNDA:0,(anonymous_8)
FNDA:0,(anonymous_9)
FNDA:0,(anonymous_10)
FNDA:0,(anonymous_11)
FNDA:0,(anonymous_12)
FNDA:0,(anonymous_13)
FNDA:0,(anonymous_14)
FNDA:0,(anonymous_15)
FNDA:0,(anonymous_16)
FNDA:0,(anonymous_17)
FNDA:0,(anonymous_18)
FNDA:0,(anonymous_19)
FNDA:0,(anonymous_20)
FNDA:0,(anonymous_21)
FNDA:0,(anonymous_22)
FNDA:0,(anonymous_23)
FNDA:0,(anonymous_24)
FNDA:0,(anonymous_25)
FNDA:0,(anonymous_26)
FNDA:0,(anonymous_27)
FNDA:0,(anonymous_28)
FNDA:0,(anonymous_29)
FNDA:0,(anonymous_30)
FNDA:0,(anonymous_31)
FNDA:0,(anonymous_32)
FNDA:0,(anonymous_33)
FNDA:0,(anonymous_34)
FNDA:0,(anonymous_35)
FNDA:0,(anonymous_36)
FNDA:0,(anonymous_37)
DA:14,0
DA:31,0
DA:32,0
DA:33,0
DA:61,0
DA:72,0
DA:75,0
DA:78,0
DA:79,0
DA:82,0
DA:83,0
DA:84,0
DA:85,0
DA:87,0
DA:88,0
DA:89,0
DA:91,0
DA:94,0
DA:96,0
DA:97,0
DA:98,0
DA:99,0
DA:101,0
DA:102,0
DA:103,0
DA:105,0
DA:109,0
DA:110,0
DA:112,0
DA:114,0
DA:115,0
DA:116,0
DA:119,0
DA:120,0
DA:124,0
DA:125,0
DA:130,0
DA:131,0
DA:132,0
DA:133,0
DA:137,0
DA:141,0
DA:142,0
DA:143,0
DA:146,0
DA:147,0
DA:150,0
DA:151,0
DA:154,0
DA:160,0
DA:161,0
DA:162,0
DA:166,0
DA:167,0
DA:168,0
DA:171,0
DA:172,0
DA:173,0
DA:177,0
DA:178,0
DA:179,0
DA:180,0
DA:181,0
DA:185,0
DA:186,0
DA:187,0
DA:188,0
DA:189,0
DA:193,0
DA:194,0
DA:195,0
DA:196,0
DA:197,0
DA:198,0
DA:202,0
DA:203,0
DA:204,0
DA:206,0
DA:213,0
DA:214,0
DA:215,0
DA:217,0
DA:218,0
DA:219,0
DA:220,0
DA:222,0
DA:223,0
DA:224,0
DA:226,0
DA:227,0
DA:229,0
DA:230,0
DA:231,0
DA:236,0
DA:237,0
DA:248,0
DA:266,0
DA:267,0
DA:268,0
DA:269,0
DA:271,0
DA:294,0
DA:302,0
DA:318,0
DA:321,0
DA:348,0
DA:372,0
DA:402,0
DA:403,0
DA:406,0
DA:420,0
LF:111
LH:0
BRDA:65,0,0,0
BRDA:73,1,0,0
BRDA:73,1,1,0
BRDA:76,2,0,0
BRDA:76,2,1,0
BRDA:84,3,0,0
BRDA:98,4,0,0
BRDA:116,5,0,0
BRDA:116,5,1,0
BRDA:119,6,0,0
BRDA:119,7,0,0
BRDA:119,7,1,0
BRDA:124,8,0,0
BRDA:130,9,0,0
BRDA:132,10,0,0
BRDA:142,11,0,0
BRDA:142,12,0,0
BRDA:142,12,1,0
BRDA:150,13,0,0
BRDA:167,14,0,0
BRDA:167,15,0,0
BRDA:167,15,1,0
BRDA:214,16,0,0
BRDA:214,17,0,0
BRDA:214,17,1,0
BRDA:219,18,0,0
BRDA:219,19,0,0
BRDA:219,19,1,0
BRDA:223,20,0,0
BRDA:229,21,0,0
BRDA:256,22,0,0
BRDA:259,23,0,0
BRDA:259,23,1,0
BRDA:267,24,0,0
BRDA:267,24,1,0
BRDA:269,25,0,0
BRDA:269,25,1,0
BRDA:278,26,0,0
BRDA:278,26,1,0
BRDA:284,27,0,0
BRDA:284,27,1,0
BRDA:284,28,0,0
BRDA:284,28,1,0
BRDA:294,29,0,0
BRDA:294,29,1,0
BRDA:303,30,0,0
BRDA:303,30,1,0
BRDA:358,31,0,0
BRDA:362,32,0,0
BRDA:362,32,1,0
BRDA:388,33,0,0
BRDA:388,33,1,0
BRDA:395,34,0,0
BRDA:402,35,0,0
BRDA:402,35,1,0
BRDA:406,36,0,0
BRDA:406,36,1,0
BRF:57
BRH:0
end_of_record
TN:
SF:src/components/backtest/PortfolioStrategyResults.tsx
FN:78,PortfolioStrategyResults
FN:104,(anonymous_3)
FN:112,(anonymous_4)
FN:113,(anonymous_5)
FN:122,(anonymous_6)
FN:135,(anonymous_7)
FN:192,(anonymous_8)
FN:197,(anonymous_9)
FNF:8
FNH:0
FNDA:0,PortfolioStrategyResults
FNDA:0,(anonymous_3)
FNDA:0,(anonymous_4)
FNDA:0,(anonymous_5)
FNDA:0,(anonymous_6)
FNDA:0,(anonymous_7)
FNDA:0,(anonymous_8)
FNDA:0,(anonymous_9)
DA:12,0
DA:23,0
DA:36,0
DA:37,0
DA:76,0
DA:78,0
DA:82,0
DA:92,0
DA:93,0
DA:96,0
DA:97,0
DA:99,0
DA:100,0
DA:104,0
DA:111,0
DA:112,0
DA:113,0
DA:122,0
DA:136,0
DA:192,0
DA:198,0
LF:21
LH:0
BRDA:80,0,0,0
BRDA:82,1,0,0
BRDA:92,2,0,0
BRDA:92,3,0,0
BRDA:92,3,1,0
BRDA:92,3,2,0
BRDA:97,4,0,0
BRDA:97,4,1,0
BRDA:99,5,0,0
BRDA:115,6,0,0
BRDA:115,6,1,0
BRDA:116,7,0,0
BRDA:116,7,1,0
BRDA:117,8,0,0
BRDA:117,8,1,0
BRDA:154,9,0,0
BRDA:156,10,0,0
BRDA:161,11,0,0
BRDA:210,12,0,0
BRDA:251,13,0,0
BRDA:276,14,0,0
BRF:21
BRH:0
end_of_record
TN:
SF:src/components/backtest/PositionAnalysis.tsx
FN:94,PositionAnalysis
FN:108,(anonymous_5)
FN:109,(anonymous_6)
FN:128,(anonymous_7)
FN:180,(anonymous_8)
FN:185,(anonymous_9)
FN:190,(anonymous_10)
FN:209,(anonymous_11)
FN:215,(anonymous_12)
FN:216,(anonymous_13)
FN:221,(anonymous_14)
FN:226,(anonymous_15)
FN:232,(anonymous_16)
FN:239,(anonymous_17)
FN:244,(anonymous_18)
FN:250,(anonymous_19)
FN:251,(anonymous_20)
FN:259,(anonymous_21)
FN:263,(anonymous_22)
FN:270,(anonymous_23)
FN:274,(anonymous_24)
FN:279,(anonymous_25)
FN:293,(anonymous_26)
FN:294,(anonymous_27)
FN:295,(anonymous_28)
FN:297,(anonymous_29)
FN:299,(anonymous_30)
FN:302,(anonymous_31)
FN:318,(anonymous_32)
FN:328,(anonymous_33)
FN:358,(anonymous_34)
FN:360,(anonymous_35)
FN:371,(anonymous_36)
FN:392,(anonymous_37)
FN:404,(anonymous_38)
FN:412,(anonymous_39)
FN:419,(anonymous_40)
FN:429,(anonymous_41)
FN:448,(anonymous_42)
FN:451,(anonymous_43)
FN:453,(anonymous_44)
FN:455,(anonymous_45)
FN:457,(anonymous_46)
FN:459,(anonymous_47)
FN:463,(anonymous_48)
FN:492,(anonymous_49)
FN:515,(anonymous_50)
FN:523,(anonymous_51)
FN:553,(anonymous_52)
FN:561,(anonymous_53)
FN:568,(anonymous_54)
FN:578,(anonymous_55)
FN:608,(anonymous_56)
FN:610,(anonymous_57)
FN:630,(anonymous_58)
FN:632,(anonymous_59)
FN:653,(anonymous_60)
FN:661,(anonymous_61)
FN:668,(anonymous_62)
FN:678,(anonymous_63)
FN:708,(anonymous_64)
FN:715,(anonymous_65)
FN:740,(anonymous_66)
FN:748,(anonymous_67)
FN:755,(anonymous_68)
FN:765,(anonymous_69)
FN:802,(anonymous_70)
FN:811,(anonymous_71)
FN:825,(anonymous_72)
FN:833,(anonymous_73)
FN:840,(anonymous_74)
FN:850,(anonymous_75)
FN:910,(anonymous_76)
FN:918,(anonymous_77)
FN:925,(anonymous_78)
FN:930,(anonymous_79)
FN:942,(anonymous_80)
FN:957,(anonymous_81)
FN:967,(anonymous_82)
FN:983,(anonymous_83)
FN:993,(anonymous_84)
FN:1023,(anonymous_85)
FN:1025,(anonymous_86)
FN:1051,(anonymous_87)
FN:1059,(anonymous_88)
FN:1113,(anonymous_89)
FN:1121,(anonymous_90)
FN:1128,(anonymous_91)
FN:1129,(anonymous_92)
FN:1136,(anonymous_93)
FN:1142,(anonymous_94)
FN:1150,(anonymous_95)
FN:1332,(anonymous_96)
FN:1432,(anonymous_97)
FN:1443,(anonymous_98)
FN:1454,(anonymous_99)
FN:1463,(anonymous_100)
FN:1474,(anonymous_101)
FN:1484,(anonymous_102)
FN:1554,(anonymous_103)
FN:1597,(anonymous_104)
FN:1909,(anonymous_105)
FN:1930,(anonymous_106)
FN:1951,(anonymous_107)
FN:1964,(anonymous_108)
FN:1965,(anonymous_109)
FNF:106
FNH:63
FNDA:75,PositionAnalysis
FNDA:5,(anonymous_5)
FNDA:1,(anonymous_6)
FNDA:44,(anonymous_7)
FNDA:44,(anonymous_8)
FNDA:46,(anonymous_9)
FNDA:204,(anonymous_10)
FNDA:44,(anonymous_11)
FNDA:164,(anonymous_12)
FNDA:163,(anonymous_13)
FNDA:197,(anonymous_14)
FNDA:44,(anonymous_15)
FNDA:164,(anonymous_16)
FNDA:197,(anonymous_17)
FNDA:44,(anonymous_18)
FNDA:164,(anonymous_19)
FNDA:163,(anonymous_20)
FNDA:197,(anonymous_21)
FNDA:44,(anonymous_22)
FNDA:15,(anonymous_23)
FNDA:10,(anonymous_24)
FNDA:44,(anonymous_25)
FNDA:164,(anonymous_26)
FNDA:164,(anonymous_27)
FNDA:164,(anonymous_28)
FNDA:164,(anonymous_29)
FNDA:123,(anonymous_30)
FNDA:123,(anonymous_31)
FNDA:56,(anonymous_32)
FNDA:0,(anonymous_33)
FNDA:0,(anonymous_34)
FNDA:0,(anonymous_35)
FNDA:0,(anonymous_36)
FNDA:0,(anonymous_37)
FNDA:0,(anonymous_38)
FNDA:2,(anonymous_39)
FNDA:57,(anonymous_40)
FNDA:0,(anonymous_41)
FNDA:0,(anonymous_42)
FNDA:0,(anonymous_43)
FNDA:0,(anonymous_44)
FNDA:0,(anonymous_45)
FNDA:0,(anonymous_46)
FNDA:0,(anonymous_47)
FNDA:0,(anonymous_48)
FNDA:0,(anonymous_49)
FNDA:0,(anonymous_50)
FNDA:0,(anonymous_51)
FNDA:0,(anonymous_52)
FNDA:3,(anonymous_53)
FNDA:56,(anonymous_54)
FNDA:0,(anonymous_55)
FNDA:0,(anonymous_56)
FNDA:0,(anonymous_57)
FNDA:0,(anonymous_58)
FNDA:0,(anonymous_59)
FNDA:0,(anonymous_60)
FNDA:1,(anonymous_61)
FNDA:56,(anonymous_62)
FNDA:0,(anonymous_63)
FNDA:0,(anonymous_64)
FNDA:0,(anonymous_65)
FNDA:0,(anonymous_66)
FNDA:1,(anonymous_67)
FNDA:56,(anonymous_68)
FNDA:0,(anonymous_69)
FNDA:0,(anonymous_70)
FNDA:0,(anonymous_71)
FNDA:0,(anonymous_72)
FNDA:1,(anonymous_73)
FNDA:56,(anonymous_74)
FNDA:0,(anonymous_75)
FNDA:0,(anonymous_76)
FNDA:1,(anonymous_77)
FNDA:44,(anonymous_78)
FNDA:6,(anonymous_79)
FNDA:8,(anonymous_80)
FNDA:48,(anonymous_81)
FNDA:9,(anonymous_82)
FNDA:59,(anonymous_83)
FNDA:0,(anonymous_84)
FNDA:0,(anonymous_85)
FNDA:0,(anonymous_86)
FNDA:0,(anonymous_87)
FNDA:0,(anonymous_88)
FNDA:0,(anonymous_89)
FNDA:2,(anonymous_90)
FNDA:2,(anonymous_91)
FNDA:2,(anonymous_92)
FNDA:5,(anonymous_93)
FNDA:443,(anonymous_94)
FNDA:449,(anonymous_95)
FNDA:12,(anonymous_96)
FNDA:0,(anonymous_97)
FNDA:0,(anonymous_98)
FNDA:1,(anonymous_99)
FNDA:1,(anonymous_100)
FNDA:0,(anonymous_101)
FNDA:221,(anonymous_102)
FNDA:5,(anonymous_103)
FNDA:1,(anonymous_104)
FNDA:6,(anonymous_105)
FNDA:6,(anonymous_106)
FNDA:6,(anonymous_107)
FNDA:6,(anonymous_108)
FNDA:6,(anonymous_109)
DA:6,1
DA:34,1
DA:35,1
DA:44,1
DA:45,1
DA:94,44
DA:95,75
DA:99,75
DA:100,75
DA:101,75
DA:104,75
DA:105,75
DA:107,75
DA:108,75
DA:109,75
DA:112,75
DA:113,75
DA:114,75
DA:115,75
DA:116,75
DA:117,75
DA:118,75
DA:119,75
DA:120,75
DA:121,75
DA:122,75
DA:123,75
DA:124,75
DA:125,75
DA:128,75
DA:129,44
DA:130,44
DA:131,44
DA:133,44
DA:134,1
DA:135,1
DA:139,43
DA:140,37
DA:141,37
DA:151,6
DA:152,6
DA:153,6
DA:154,6
DA:155,6
DA:159,6
DA:167,6
DA:168,5
DA:170,1
DA:171,1
DA:175,0
DA:176,0
DA:180,75
DA:181,44
DA:185,75
DA:186,46
DA:187,3
DA:190,43
DA:191,204
DA:192,204
DA:194,204
DA:195,204
DA:198,0
DA:199,0
DA:204,0
DA:209,75
DA:210,44
DA:211,3
DA:214,41
DA:215,164
DA:216,163
DA:221,197
DA:226,75
DA:227,44
DA:228,3
DA:231,41
DA:232,164
DA:239,197
DA:244,75
DA:245,44
DA:246,3
DA:249,41
DA:250,164
DA:251,163
DA:259,197
DA:263,75
DA:264,44
DA:265,44
DA:266,39
DA:269,5
DA:270,15
DA:274,10
DA:279,75
DA:280,44
DA:281,3
DA:292,41
DA:293,164
DA:294,164
DA:295,164
DA:297,164
DA:299,41
DA:300,123
DA:302,41
DA:303,123
DA:306,41
DA:318,75
DA:319,56
DA:320,54
DA:324,2
DA:325,0
DA:328,2
DA:329,0
DA:330,0
DA:334,0
DA:335,0
DA:337,0
DA:338,0
DA:341,0
DA:342,0
DA:345,0
DA:347,0
DA:359,0
DA:360,0
DA:363,0
DA:371,0
DA:390,0
DA:392,0
DA:393,0
DA:394,0
DA:398,0
DA:402,2
DA:404,2
DA:405,0
DA:406,0
DA:410,2
DA:412,2
DA:413,2
DA:414,2
DA:419,75
DA:420,57
DA:421,54
DA:425,3
DA:426,0
DA:429,3
DA:430,0
DA:431,0
DA:435,0
DA:436,0
DA:438,0
DA:439,0
DA:442,0
DA:443,0
DA:446,0
DA:448,0
DA:449,0
DA:451,0
DA:453,0
DA:455,0
DA:457,0
DA:459,0
DA:463,0
DA:464,0
DA:466,0
DA:468,0
DA:470,0
DA:472,0
DA:474,0
DA:478,0
DA:493,0
DA:494,0
DA:496,0
DA:497,0
DA:498,0
DA:499,0
DA:500,0
DA:501,0
DA:503,0
DA:515,0
DA:524,0
DA:525,0
DA:526,0
DA:527,0
DA:528,0
DA:529,0
DA:531,0
DA:547,0
DA:551,3
DA:553,3
DA:554,0
DA:555,0
DA:559,3
DA:561,3
DA:562,3
DA:563,3
DA:568,75
DA:569,56
DA:570,55
DA:574,1
DA:575,0
DA:578,1
DA:579,0
DA:580,0
DA:584,0
DA:585,0
DA:587,0
DA:588,0
DA:591,0
DA:592,0
DA:595,0
DA:597,0
DA:609,0
DA:610,0
DA:613,0
DA:631,0
DA:632,0
DA:635,0
DA:647,0
DA:651,1
DA:653,1
DA:654,0
DA:655,0
DA:659,1
DA:661,1
DA:662,1
DA:663,1
DA:668,75
DA:669,56
DA:670,55
DA:674,1
DA:675,0
DA:678,1
DA:679,0
DA:680,0
DA:684,0
DA:685,0
DA:687,0
DA:688,0
DA:691,0
DA:692,0
DA:695,0
DA:697,0
DA:709,0
DA:715,0
DA:734,0
DA:738,1
DA:740,1
DA:741,0
DA:742,0
DA:746,1
DA:748,1
DA:749,1
DA:750,1
DA:755,75
DA:756,56
DA:757,55
DA:761,1
DA:762,0
DA:765,1
DA:766,0
DA:767,0
DA:771,0
DA:772,0
DA:774,0
DA:775,0
DA:778,0
DA:779,0
DA:782,0
DA:784,0
DA:785,0
DA:802,0
DA:811,0
DA:819,0
DA:823,1
DA:825,1
DA:826,0
DA:827,0
DA:831,1
DA:833,1
DA:834,1
DA:835,1
DA:840,75
DA:841,56
DA:842,55
DA:846,1
DA:847,0
DA:850,1
DA:851,0
DA:852,0
DA:856,0
DA:857,0
DA:859,0
DA:860,0
DA:863,0
DA:864,0
DA:867,0
DA:869,0
DA:870,0
DA:904,0
DA:908,1
DA:910,1
DA:911,0
DA:912,0
DA:916,1
DA:918,1
DA:919,1
DA:920,1
DA:925,75
DA:926,44
DA:927,38
DA:930,6
DA:931,6
DA:932,6
DA:933,6
DA:939,5
DA:941,5
DA:942,8
DA:944,5
DA:947,1
DA:949,6
DA:953,6
DA:957,75
DA:958,48
DA:959,45
DA:962,3
DA:963,3
DA:964,3
DA:965,3
DA:967,3
DA:968,9
DA:969,9
DA:970,9
DA:971,9
DA:974,3
DA:983,75
DA:984,59
DA:985,57
DA:989,2
DA:990,0
DA:993,2
DA:994,0
DA:995,0
DA:999,0
DA:1000,0
DA:1002,0
DA:1003,0
DA:1006,0
DA:1007,0
DA:1010,0
DA:1012,0
DA:1024,0
DA:1025,0
DA:1026,0
DA:1031,0
DA:1052,0
DA:1060,0
DA:1061,0
DA:1063,0
DA:1107,0
DA:1111,2
DA:1113,2
DA:1114,0
DA:1115,0
DA:1119,2
DA:1121,2
DA:1122,2
DA:1123,2
DA:1128,75
DA:1129,2
DA:1136,75
DA:1137,5
DA:1138,5
DA:1142,75
DA:1143,443
DA:1150,75
DA:1151,449
DA:1154,75
DA:1332,12
DA:1432,0
DA:1443,0
DA:1454,1
DA:1463,1
DA:1474,0
DA:1485,221
DA:1554,5
DA:1597,1
DA:1909,6
DA:1930,6
DA:1951,6
DA:1964,6
DA:1965,6
LF:389
LH:224
BRDA:133,0,0,1
BRDA:139,1,0,37
BRDA:151,2,0,6
BRDA:151,3,0,6
BRDA:151,3,1,6
BRDA:161,4,0,5
BRDA:161,4,1,1
BRDA:167,5,0,5
BRDA:167,5,1,1
BRDA:167,6,0,6
BRDA:167,6,1,5
BRDA:181,7,0,44
BRDA:181,7,1,2
BRDA:186,8,0,3
BRDA:186,9,0,46
BRDA:186,9,1,46
BRDA:194,10,0,204
BRDA:194,11,0,204
BRDA:194,11,1,204
BRDA:195,12,0,7
BRDA:195,12,1,197
BRDA:198,13,0,0
BRDA:198,14,0,0
BRDA:198,14,1,0
BRDA:199,15,0,0
BRDA:199,15,1,0
BRDA:210,16,0,3
BRDA:210,17,0,44
BRDA:210,17,1,44
BRDA:227,18,0,3
BRDA:227,19,0,44
BRDA:227,19,1,44
BRDA:245,20,0,3
BRDA:245,21,0,44
BRDA:245,21,1,44
BRDA:256,22,0,126
BRDA:256,22,1,37
BRDA:265,23,0,39
BRDA:265,24,0,44
BRDA:265,24,1,5
BRDA:280,25,0,3
BRDA:280,26,0,44
BRDA:280,26,1,44
BRDA:300,27,0,37
BRDA:300,27,1,86
BRDA:303,28,0,37
BRDA:303,28,1,86
BRDA:319,29,0,54
BRDA:319,30,0,56
BRDA:319,30,1,2
BRDA:324,31,0,0
BRDA:329,32,0,0
BRDA:329,33,0,0
BRDA:329,33,1,0
BRDA:335,34,0,0
BRDA:335,35,0,0
BRDA:335,35,1,0
BRDA:341,36,0,0
BRDA:393,37,0,0
BRDA:405,38,0,0
BRDA:420,39,0,54
BRDA:420,40,0,57
BRDA:420,40,1,3
BRDA:425,41,0,0
BRDA:430,42,0,0
BRDA:430,43,0,0
BRDA:430,43,1,0
BRDA:436,44,0,0
BRDA:436,45,0,0
BRDA:436,45,1,0
BRDA:442,46,0,0
BRDA:449,47,0,0
BRDA:449,47,1,0
BRDA:449,47,2,0
BRDA:449,47,3,0
BRDA:449,47,4,0
BRDA:464,48,0,0
BRDA:464,48,1,0
BRDA:464,48,2,0
BRDA:464,48,3,0
BRDA:464,48,4,0
BRDA:496,49,0,0
BRDA:496,49,1,0
BRDA:498,50,0,0
BRDA:498,50,1,0
BRDA:500,51,0,0
BRDA:524,52,0,0
BRDA:524,52,1,0
BRDA:526,53,0,0
BRDA:526,53,1,0
BRDA:528,54,0,0
BRDA:554,55,0,0
BRDA:569,56,0,55
BRDA:569,57,0,56
BRDA:569,57,1,1
BRDA:574,58,0,0
BRDA:579,59,0,0
BRDA:579,60,0,0
BRDA:579,60,1,0
BRDA:585,61,0,0
BRDA:585,62,0,0
BRDA:585,62,1,0
BRDA:591,63,0,0
BRDA:654,64,0,0
BRDA:669,65,0,55
BRDA:669,66,0,56
BRDA:669,66,1,1
BRDA:669,66,2,1
BRDA:674,67,0,0
BRDA:679,68,0,0
BRDA:679,69,0,0
BRDA:679,69,1,0
BRDA:679,69,2,0
BRDA:685,70,0,0
BRDA:685,71,0,0
BRDA:685,71,1,0
BRDA:691,72,0,0
BRDA:741,73,0,0
BRDA:756,74,0,55
BRDA:756,75,0,56
BRDA:756,75,1,1
BRDA:761,76,0,0
BRDA:766,77,0,0
BRDA:766,78,0,0
BRDA:766,78,1,0
BRDA:772,79,0,0
BRDA:772,80,0,0
BRDA:772,80,1,0
BRDA:778,81,0,0
BRDA:802,82,0,0
BRDA:802,82,1,0
BRDA:811,83,0,0
BRDA:811,83,1,0
BRDA:826,84,0,0
BRDA:841,85,0,55
BRDA:841,86,0,56
BRDA:841,86,1,1
BRDA:846,87,0,0
BRDA:851,88,0,0
BRDA:851,89,0,0
BRDA:851,89,1,0
BRDA:857,90,0,0
BRDA:857,91,0,0
BRDA:857,91,1,0
BRDA:863,92,0,0
BRDA:911,93,0,0
BRDA:926,94,0,38
BRDA:939,95,0,5
BRDA:939,96,0,5
BRDA:939,96,1,5
BRDA:958,97,0,45
BRDA:958,98,0,48
BRDA:958,98,1,48
BRDA:984,99,0,57
BRDA:984,100,0,59
BRDA:984,100,1,2
BRDA:984,100,2,2
BRDA:989,101,0,0
BRDA:994,102,0,0
BRDA:994,103,0,0
BRDA:994,103,1,0
BRDA:994,103,2,0
BRDA:1000,104,0,0
BRDA:1000,105,0,0
BRDA:1000,105,1,0
BRDA:1006,106,0,0
BRDA:1060,107,0,0
BRDA:1114,108,0,0
BRDA:1131,109,0,0
BRDA:1131,109,1,2
BRDA:1131,110,0,2
BRDA:1131,110,1,0
BRDA:1154,111,0,3
BRDA:1154,112,0,75
BRDA:1154,112,1,75
BRDA:1244,113,0,72
BRDA:1244,113,1,0
BRDA:1256,114,0,72
BRDA:1256,114,1,72
BRDA:1372,115,0,72
BRDA:1383,116,0,72
BRDA:1394,117,0,72
BRDA:1405,118,0,72
BRDA:1419,119,0,72
BRDA:1430,120,0,0
BRDA:1430,120,1,60
BRDA:1441,121,0,58
BRDA:1441,121,1,2
BRDA:1452,122,0,1
BRDA:1452,122,1,59
BRDA:1462,123,0,1
BRDA:1462,123,1,59
BRDA:1472,124,0,0
BRDA:1472,124,1,60
BRDA:1506,125,0,164
BRDA:1506,125,1,57
BRDA:1508,126,0,56
BRDA:1508,126,1,1
BRDA:1527,127,0,165
BRDA:1527,127,1,56
BRDA:1544,128,0,165
BRDA:1544,128,1,56
BRDA:1568,129,0,72
BRDA:1577,130,0,72
BRDA:1614,131,0,72
BRDA:1634,132,0,72
BRDA:1634,132,1,1
BRDA:1650,133,0,1
BRDA:1649,134,0,1
BRDA:1649,134,1,1
BRDA:1659,135,0,1
BRDA:1718,136,0,72
BRDA:1718,136,1,1
BRDA:1732,137,0,1
BRDA:1764,138,0,1
BRDA:1798,139,0,72
BRDA:1798,139,1,1
BRDA:1855,140,0,72
BRDA:1855,140,1,3
BRDA:1871,141,0,0
BRDA:1877,142,0,2
BRDA:1876,143,0,3
BRDA:1876,143,1,2
BRDA:1886,144,0,3
BRDA:1886,144,1,2
BRDA:1983,145,0,72
BRDA:2004,146,0,6
BRDA:2004,146,1,0
BRDA:2006,147,0,0
BRDA:2006,147,1,0
BRDA:2073,148,0,6
BRDA:2073,148,1,6
BRDA:2073,148,2,6
BRDA:2081,149,0,0
BRDA:2091,150,0,0
BRDA:2101,151,0,0
BRDA:2111,152,0,0
BRDA:2121,153,0,0
BRDA:2130,154,0,0
BRDA:2130,154,1,0
BRDA:2142,155,0,6
BRDA:2142,155,1,6
BRDA:2142,155,2,6
BRDA:2150,156,0,0
BRDA:2160,157,0,0
BRDA:2170,158,0,0
BRDA:2180,159,0,0
BRDA:2180,159,1,0
BRDA:2192,160,0,6
BRDA:2192,160,1,6
BRDA:2207,161,0,0
BRDA:2217,162,0,0
BRDA:2250,163,0,6
BRDA:2250,163,1,0
BRF:254
BRH:134
end_of_record
TN:
SF:src/components/backtest/RiskAnalysis.tsx
FN:100,RiskAnalysis
FN:111,(anonymous_5)
FN:112,(anonymous_6)
FN:123,(anonymous_7)
FN:202,(anonymous_8)
FN:220,(anonymous_9)
FN:232,(anonymous_10)
FN:257,(anonymous_11)
FN:271,(anonymous_12)
FN:298,(anonymous_13)
FN:317,(anonymous_14)
FN:325,(anonymous_15)
FN:331,(anonymous_16)
FN:342,(anonymous_17)
FN:368,(anonymous_18)
FN:395,(anonymous_19)
FN:424,(anonymous_20)
FN:432,(anonymous_21)
FN:438,(anonymous_22)
FN:451,(anonymous_23)
FN:495,(anonymous_24)
FN:521,(anonymous_25)
FN:544,(anonymous_26)
FN:560,(anonymous_27)
FN:728,(anonymous_28)
FN:775,(anonymous_29)
FN:860,(anonymous_30)
FNF:27
FNH:0
FNDA:0,RiskAnalysis
FNDA:0,(anonymous_5)
FNDA:0,(anonymous_6)
FNDA:0,(anonymous_7)
FNDA:0,(anonymous_8)
FNDA:0,(anonymous_9)
FNDA:0,(anonymous_10)
FNDA:0,(anonymous_11)
FNDA:0,(anonymous_12)
FNDA:0,(anonymous_13)
FNDA:0,(anonymous_14)
FNDA:0,(anonymous_15)
FNDA:0,(anonymous_16)
FNDA:0,(anonymous_17)
FNDA:0,(anonymous_18)
FNDA:0,(anonymous_19)
FNDA:0,(anonymous_20)
FNDA:0,(anonymous_21)
FNDA:0,(anonymous_22)
FNDA:0,(anonymous_23)
FNDA:0,(anonymous_24)
FNDA:0,(anonymous_25)
FNDA:0,(anonymous_26)
FNDA:0,(anonymous_27)
FNDA:0,(anonymous_28)
FNDA:0,(anonymous_29)
FNDA:0,(anonymous_30)
DA:6,0
DA:27,0
DA:28,0
DA:39,0
DA:100,0
DA:106,0
DA:107,0
DA:108,0
DA:110,0
DA:111,0
DA:112,0
DA:113,0
DA:116,0
DA:117,0
DA:118,0
DA:119,0
DA:122,0
DA:123,0
DA:202,0
DA:203,0
DA:204,0
DA:208,0
DA:212,0
DA:220,0
DA:221,0
DA:222,0
DA:225,0
DA:232,0
DA:233,0
DA:234,0
DA:237,0
DA:238,0
DA:241,0
DA:243,0
DA:258,0
DA:259,0
DA:271,0
DA:298,0
DA:315,0
DA:317,0
DA:318,0
DA:319,0
DA:323,0
DA:325,0
DA:326,0
DA:331,0
DA:332,0
DA:333,0
DA:336,0
DA:337,0
DA:340,0
DA:342,0
DA:343,0
DA:345,0
DA:347,0
DA:349,0
DA:351,0
DA:353,0
DA:357,0
DA:369,0
DA:370,0
DA:372,0
DA:373,0
DA:375,0
DA:396,0
DA:397,0
DA:399,0
DA:422,0
DA:424,0
DA:425,0
DA:426,0
DA:430,0
DA:432,0
DA:433,0
DA:438,0
DA:439,0
DA:441,0
DA:443,0
DA:445,0
DA:447,0
DA:451,0
DA:453,0
DA:455,0
DA:456,0
DA:458,0
DA:459,0
DA:461,0
DA:462,0
DA:464,0
DA:467,0
DA:468,0
DA:470,0
DA:471,0
DA:473,0
DA:474,0
DA:476,0
DA:479,0
DA:480,0
DA:482,0
DA:483,0
DA:485,0
DA:486,0
DA:488,0
DA:491,0
DA:495,0
DA:496,0
DA:497,0
DA:500,0
DA:522,0
DA:524,0
DA:545,0
DA:546,0
DA:548,0
DA:561,0
DA:728,0
DA:776,0
DA:860,0
LF:117
LH:0
BRDA:203,0,0,0
BRDA:208,1,0,0
BRDA:208,1,1,0
BRDA:221,2,0,0
BRDA:227,3,0,0
BRDA:227,3,1,0
BRDA:233,4,0,0
BRDA:233,5,0,0
BRDA:233,5,1,0
BRDA:237,6,0,0
BRDA:245,7,0,0
BRDA:245,7,1,0
BRDA:318,8,0,0
BRDA:332,9,0,0
BRDA:332,10,0,0
BRDA:332,10,1,0
BRDA:336,11,0,0
BRDA:343,12,0,0
BRDA:343,12,1,0
BRDA:343,12,2,0
BRDA:343,12,3,0
BRDA:343,12,4,0
BRDA:359,13,0,0
BRDA:359,13,1,0
BRDA:372,14,0,0
BRDA:372,15,0,0
BRDA:372,15,1,0
BRDA:396,16,0,0
BRDA:396,17,0,0
BRDA:396,17,1,0
BRDA:425,18,0,0
BRDA:439,19,0,0
BRDA:439,19,1,0
BRDA:439,19,2,0
BRDA:439,19,3,0
BRDA:453,20,0,0
BRDA:453,20,1,0
BRDA:453,20,2,0
BRDA:453,20,3,0
BRDA:455,21,0,0
BRDA:458,22,0,0
BRDA:461,23,0,0
BRDA:467,24,0,0
BRDA:470,25,0,0
BRDA:473,26,0,0
BRDA:479,27,0,0
BRDA:482,28,0,0
BRDA:485,29,0,0
BRDA:500,30,0,0
BRDA:500,31,0,0
BRDA:500,31,1,0
BRDA:500,31,2,0
BRDA:825,32,0,0
BRDA:825,32,1,0
BRDA:827,33,0,0
BRDA:827,33,1,0
BRDA:885,34,0,0
BRF:57
BRH:0
end_of_record
TN:
SF:src/components/backtest/SaveStrategyConfigDialog.tsx
FN:31,SaveStrategyConfigDialog
FN:45,(anonymous_5)
FN:55,(anonymous_6)
FN:77,(anonymous_7)
FN:79,(anonymous_8)
FN:109,(anonymous_9)
FN:120,(anonymous_10)
FNF:7
FNH:0
FNDA:0,SaveStrategyConfigDialog
FNDA:0,(anonymous_5)
FNDA:0,(anonymous_6)
FNDA:0,(anonymous_7)
FNDA:0,(anonymous_8)
FNDA:0,(anonymous_9)
FNDA:0,(anonymous_10)
DA:7,0
DA:19,0
DA:20,0
DA:31,0
DA:39,0
DA:40,0
DA:41,0
DA:42,0
DA:45,0
DA:46,0
DA:47,0
DA:48,0
DA:49,0
DA:50,0
DA:55,0
DA:56,0
DA:57,0
DA:58,0
DA:61,0
DA:62,0
DA:64,0
DA:65,0
DA:66,0
DA:67,0
DA:68,0
DA:70,0
DA:72,0
DA:77,0
DA:78,0
DA:80,0
DA:81,0
DA:83,0
DA:109,0
DA:120,0
LF:34
LH:0
BRDA:37,0,0,0
BRDA:46,1,0,0
BRDA:56,2,0,0
BRDA:70,3,0,0
BRDA:70,3,1,0
BRDA:80,4,0,0
BRDA:80,5,0,0
BRDA:80,5,1,0
BRDA:111,6,0,0
BRDA:111,6,1,0
BRDA:112,7,0,0
BRDA:112,7,1,0
BRDA:112,8,0,0
BRDA:112,8,1,0
BRDA:146,9,0,0
BRDA:150,10,0,0
BRDA:150,10,1,0
BRDA:157,11,0,0
BRDA:157,11,1,0
BRDA:158,12,0,0
BRDA:158,12,1,0
BRDA:158,13,0,0
BRDA:158,13,1,0
BRDA:160,14,0,0
BRDA:160,14,1,0
BRDA:160,15,0,0
BRDA:160,15,1,0
BRF:27
BRH:0
end_of_record
TN:
SF:src/components/backtest/SignalHistoryTable.tsx
FN:67,SignalHistoryTable
FN:105,(anonymous_5)
FN:145,(anonymous_6)
FN:152,(anonymous_7)
FN:159,(anonymous_8)
FN:168,(anonymous_9)
FN:169,(anonymous_10)
FN:177,(anonymous_11)
FN:178,(anonymous_12)
FN:183,(anonymous_13)
FN:198,(anonymous_14)
FN:205,(anonymous_15)
FN:225,(anonymous_16)
FN:259,(anonymous_17)
FN:263,(anonymous_18)
FN:403,(anonymous_19)
FN:416,(anonymous_20)
FN:444,(anonymous_21)
FN:453,(anonymous_22)
FN:463,(anonymous_23)
FN:472,(anonymous_24)
FN:499,(anonymous_25)
FN:602,(anonymous_26)
FN:622,(anonymous_27)
FN:629,(anonymous_28)
FN:644,(anonymous_29)
FN:653,(anonymous_30)
FN:666,(anonymous_31)
FN:678,(anonymous_32)
FN:687,(anonymous_33)
FN:697,(anonymous_34)
FN:707,(anonymous_35)
FN:715,(anonymous_36)
FN:722,(anonymous_37)
FN:818,(anonymous_38)
FNF:35
FNH:0
FNDA:0,SignalHistoryTable
FNDA:0,(anonymous_5)
FNDA:0,(anonymous_6)
FNDA:0,(anonymous_7)
FNDA:0,(anonymous_8)
FNDA:0,(anonymous_9)
FNDA:0,(anonymous_10)
FNDA:0,(anonymous_11)
FNDA:0,(anonymous_12)
FNDA:0,(anonymous_13)
FNDA:0,(anonymous_14)
FNDA:0,(anonymous_15)
FNDA:0,(anonymous_16)
FNDA:0,(anonymous_17)
FNDA:0,(anonymous_18)
FNDA:0,(anonymous_19)
FNDA:0,(anonymous_20)
FNDA:0,(anonymous_21)
FNDA:0,(anonymous_22)
FNDA:0,(anonymous_23)
FNDA:0,(anonymous_24)
FNDA:0,(anonymous_25)
FNDA:0,(anonymous_26)
FNDA:0,(anonymous_27)
FNDA:0,(anonymous_28)
FNDA:0,(anonymous_29)
FNDA:0,(anonymous_30)
FNDA:0,(anonymous_31)
FNDA:0,(anonymous_32)
FNDA:0,(anonymous_33)
FNDA:0,(anonymous_34)
FNDA:0,(anonymous_35)
FNDA:0,(anonymous_36)
FNDA:0,(anonymous_37)
FNDA:0,(anonymous_38)
DA:6,0
DA:34,0
DA:44,0
DA:45,0
DA:67,0
DA:68,0
DA:69,0
DA:70,0
DA:71,0
DA:74,0
DA:75,0
DA:76,0
DA:77,0
DA:80,0
DA:86,0
DA:97,0
DA:100,0
DA:101,0
DA:102,0
DA:105,0
DA:106,0
DA:107,0
DA:108,0
DA:110,0
DA:127,0
DA:132,0
DA:133,0
DA:134,0
DA:135,0
DA:137,0
DA:138,0
DA:140,0
DA:145,0
DA:146,0
DA:147,0
DA:152,0
DA:153,0
DA:154,0
DA:157,0
DA:158,0
DA:160,0
DA:168,0
DA:169,0
DA:173,0
DA:177,0
DA:178,0
DA:179,0
DA:183,0
DA:184,0
DA:193,0
DA:194,0
DA:198,0
DA:199,0
DA:200,0
DA:201,0
DA:205,0
DA:206,0
DA:208,0
DA:223,0
DA:226,0
DA:240,0
DA:241,0
DA:242,0
DA:243,0
DA:244,0
DA:246,0
DA:259,0
DA:260,0
DA:263,0
DA:264,0
DA:267,0
DA:290,0
DA:403,0
DA:416,0
DA:444,0
DA:453,0
DA:463,0
DA:472,0
DA:500,0
DA:602,0
DA:622,0
DA:629,0
DA:644,0
DA:653,0
DA:666,0
DA:678,0
DA:687,0
DA:697,0
DA:707,0
DA:715,0
DA:722,0
DA:818,0
LF:92
LH:0
BRDA:115,0,0,0
BRDA:115,0,1,0
BRDA:116,1,0,0
BRDA:116,1,1,0
BRDA:118,2,0,0
BRDA:118,2,1,0
BRDA:120,3,0,0
BRDA:120,3,1,0
BRDA:123,4,0,0
BRDA:123,4,1,0
BRDA:124,5,0,0
BRDA:124,5,1,0
BRDA:138,6,0,0
BRDA:138,6,1,0
BRDA:146,7,0,0
BRDA:153,8,0,0
BRDA:160,9,0,0
BRDA:160,9,1,0
BRDA:160,9,2,0
BRDA:160,9,3,0
BRDA:160,9,4,0
BRDA:171,10,0,0
BRDA:171,10,1,0
BRDA:171,11,0,0
BRDA:171,11,1,0
BRDA:210,12,0,0
BRDA:210,12,1,0
BRDA:211,13,0,0
BRDA:211,13,1,0
BRDA:213,14,0,0
BRDA:213,14,1,0
BRDA:215,15,0,0
BRDA:215,15,1,0
BRDA:218,16,0,0
BRDA:218,16,1,0
BRDA:219,17,0,0
BRDA:219,17,1,0
BRDA:233,18,0,0
BRDA:233,18,1,0
BRDA:234,19,0,0
BRDA:234,19,1,0
BRDA:267,20,0,0
BRDA:267,21,0,0
BRDA:267,21,1,0
BRDA:290,22,0,0
BRDA:319,23,0,0
BRDA:443,24,0,0
BRDA:443,24,1,0
BRDA:452,25,0,0
BRDA:452,25,1,0
BRDA:462,26,0,0
BRDA:462,26,1,0
BRDA:471,27,0,0
BRDA:471,27,1,0
BRDA:484,28,0,0
BRDA:484,28,1,0
BRDA:490,29,0,0
BRDA:490,29,1,0
BRDA:518,30,0,0
BRDA:518,30,1,0
BRDA:519,31,0,0
BRDA:519,31,1,0
BRDA:547,32,0,0
BRDA:547,32,1,0
BRDA:555,33,0,0
BRDA:555,33,1,0
BRDA:556,34,0,0
BRDA:556,34,1,0
BRDA:558,35,0,0
BRDA:562,36,0,0
BRDA:562,36,1,0
BRDA:572,37,0,0
BRDA:572,37,1,0
BRDA:578,38,0,0
BRDA:577,39,0,0
BRDA:577,39,1,0
BRDA:617,40,0,0
BRDA:725,41,0,0
BRDA:749,42,0,0
BRDA:749,42,1,0
BRDA:750,43,0,0
BRDA:750,43,1,0
BRDA:783,44,0,0
BRDA:783,44,1,0
BRDA:784,45,0,0
BRDA:784,45,1,0
BRDA:790,46,0,0
BRDA:801,47,0,0
BRDA:801,47,1,0
BRF:89
BRH:0
end_of_record
TN:
SF:src/components/backtest/StrategyConfigForm.tsx
FN:50,StrategyConfigForm
FN:66,(anonymous_5)
FN:71,(anonymous_6)
FN:85,(anonymous_7)
FN:93,(anonymous_8)
FN:104,(anonymous_9)
FN:116,(anonymous_10)
FN:128,(anonymous_11)
FN:141,(anonymous_12)
FN:146,(anonymous_13)
FN:152,(anonymous_14)
FN:161,(anonymous_15)
FN:172,(anonymous_16)
FN:174,(anonymous_17)
FN:181,(anonymous_18)
FN:188,(anonymous_19)
FN:209,(anonymous_20)
FN:231,(anonymous_21)
FN:235,(anonymous_22)
FN:241,(anonymous_23)
FN:247,(anonymous_24)
FN:271,(anonymous_25)
FN:281,(anonymous_26)
[...]
BRDA:712,44,0,0
BRDA:712,44,1,0
BRDA:712,44,2,0
BRDA:734,45,0,0
BRDA:735,46,0,0
BRDA:735,46,1,0
BRDA:735,46,2,0
BRDA:773,47,0,0
BRDA:773,47,1,0
BRDA:775,48,0,0
BRDA:775,48,1,0
BRDA:787,49,0,0
BRDA:787,49,1,0
BRF:85
BRH:0
end_of_record
TN:
SF:src/services/dataService.ts
FN:178,(anonymous_1)
FN:188,(anonymous_2)
FN:248,(anonymous_3)
FN:267,(anonymous_4)
FN:272,(anonymous_5)
FN:280,(anonymous_6)
FN:301,(anonymous_7)
FN:365,(anonymous_8)
FN:372,(anonymous_9)
FN:379,(anonymous_10)
FN:386,(anonymous_11)
FN:403,(anonymous_12)
FN:421,(anonymous_13)
FN:439,(anonymous_14)
FN:455,(anonymous_15)
FN:471,(anonymous_16)
FN:478,(anonymous_17)
FN:485,(anonymous_18)
FN:492,(anonymous_19)
FN:500,(anonymous_20)
FN:570,(anonymous_21)
FN:594,(anonymous_22)
FN:601,(anonymous_23)
FN:614,(anonymous_24)
FN:626,(anonymous_25)
FN:639,(anonymous_26)
FN:665,(anonymous_27)
FN:682,(anonymous_28)
FN:701,(anonymous_29)
FN:722,(anonymous_30)
FN:745,(anonymous_31)
FN:767,(anonymous_32)
FN:781,(anonymous_33)
FN:789,(anonymous_34)
FN:807,(anonymous_35)
FN:838,(anonymous_36)
FN:856,(anonymous_37)
FN:875,(anonymous_38)
FN:891,(anonymous_39)
FN:898,(anonymous_40)
FN:915,(anonymous_41)
FN:922,(anonymous_42)
FN:938,(anonymous_43)
FN:958,(anonymous_44)
FNF:44
FNH:0
FNDA:0,(anonymous_1)
FNDA:0,(anonymous_2)
FNDA:0,(anonymous_3)
FNDA:0,(anonymous_4)
FNDA:0,(anonymous_5)
FNDA:0,(anonymous_6)
FNDA:0,(anonymous_7)
FNDA:0,(anonymous_8)
FNDA:0,(anonymous_9)
FNDA:0,(anonymous_10)
FNDA:0,(anonymous_11)
FNDA:0,(anonymous_12)
FNDA:0,(anonymous_13)
FNDA:0,(anonymous_14)
FNDA:0,(anonymous_15)
FNDA:0,(anonymous_16)
FNDA:0,(anonymous_17)
FNDA:0,(anonymous_18)
FNDA:0,(anonymous_19)
FNDA:0,(anonymous_20)
FNDA:0,(anonymous_21)
FNDA:0,(anonymous_22)
FNDA:0,(anonymous_23)
FNDA:0,(anonymous_24)
FNDA:0,(anonymous_25)
FNDA:0,(anonymous_26)
FNDA:0,(anonymous_27)
FNDA:0,(anonymous_28)
FNDA:0,(anonymous_29)
FNDA:0,(anonymous_30)
FNDA:0,(anonymous_31)
FNDA:0,(anonymous_32)
FNDA:0,(anonymous_33)
FNDA:0,(anonymous_34)
FNDA:0,(anonymous_35)
FNDA:0,(anonymous_36)
FNDA:0,(anonymous_37)
FNDA:0,(anonymous_38)
FNDA:0,(anonymous_39)
FNDA:0,(anonymous_40)
FNDA:0,(anonymous_41)
FNDA:0,(anonymous_42)
FNDA:0,(anonymous_43)
FNDA:0,(anonymous_44)
DA:11,0
DA:177,0
DA:179,0
DA:180,0
DA:182,0
DA:193,0
DA:199,0
DA:200,0
DA:202,0
DA:207,0
DA:209,0
DA:210,0
DA:211,0
DA:212,0
DA:213,0
DA:217,0
DA:224,0
DA:230,0
DA:231,0
DA:237,0
DA:253,0
DA:254,0
DA:255,0
DA:257,0
DA:258,0
DA:261,0
DA:272,0
DA:274,0
DA:287,0
DA:295,0
DA:310,0
DA:311,0
DA:312,0
DA:323,0
DA:324,0
DA:325,0
DA:326,0
DA:328,0
DA:329,0
DA:330,0
DA:334,0
DA:335,0
DA:336,0
DA:340,0
DA:341,0
DA:342,0
DA:343,0
DA:344,0
DA:346,0
DA:347,0
DA:350,0
DA:351,0
DA:353,0
DA:354,0
DA:358,0
DA:366,0
DA:373,0
DA:380,0
DA:395,0
DA:397,0
DA:411,0
DA:412,0
DA:429,0
DA:430,0
DA:445,0
DA:446,0
DA:461,0
DA:462,0
DA:472,0
DA:479,0
DA:486,0
DA:493,0
DA:494,0
DA:515,0
DA:516,0
DA:517,0
DA:519,0
DA:520,0
DA:522,0
DA:523,0
DA:526,0
DA:529,0
DA:546,0
DA:547,0
DA:548,0
DA:550,0
DA:553,0
DA:588,0
DA:595,0
DA:608,0
DA:618,0
DA:633,0
DA:659,0
DA:676,0
DA:695,0
DA:716,0
DA:739,0
DA:761,0
DA:780,0
DA:781,0
DA:783,0
DA:801,0
DA:832,0
DA:850,0
DA:869,0
DA:884,0
DA:885,0
DA:892,0
DA:909,0
DA:916,0
DA:932,0
DA:947,0
DA:976,0
DA:980,0
DA:981,0
DA:983,0
DA:984,0
DA:986,0
DA:987,0
DA:989,0
DA:990,0
DA:994,0
DA:1006,0
LF:123
LH:0
BRDA:179,0,0,0
BRDA:179,1,0,0
BRDA:179,1,1,0
BRDA:209,2,0,0
BRDA:210,3,0,0
BRDA:210,3,1,0
BRDA:212,4,0,0
BRDA:219,5,0,0
BRDA:219,5,1,0
BRDA:254,6,0,0
BRDA:257,7,0,0
BRDA:295,8,0,0
BRDA:295,8,1,0
BRDA:328,9,0,0
BRDA:334,10,0,0
BRDA:340,11,0,0
BRDA:340,12,0,0
BRDA:340,12,1,0
BRDA:340,12,2,0
BRDA:342,13,0,0
BRDA:342,14,0,0
BRDA:342,14,1,0
BRDA:356,15,0,0
BRDA:356,15,1,0
BRDA:397,16,0,0
BRDA:397,16,1,0
BRDA:397,17,0,0
BRDA:397,17,1,0
BRDA:494,18,0,0
BRDA:494,18,1,0
BRDA:516,19,0,0
BRDA:519,20,0,0
BRDA:522,21,0,0
BRDA:527,22,0,0
BRDA:527,22,1,0
BRDA:546,23,0,0
BRDA:546,23,1,0
BRDA:548,24,0,0
BRDA:548,24,1,0
BRDA:807,25,0,0
BRDA:884,26,0,0
BRDA:884,26,1,0
BRDA:898,27,0,0
BRDA:948,28,0,0
BRDA:948,28,1,0
BRDA:977,29,0,0
BRDA:977,29,1,0
BRDA:980,30,0,0
BRDA:980,31,0,0
BRDA:980,31,1,0
BRDA:983,32,0,0
BRDA:986,33,0,0
BRDA:989,34,0,0
BRF:53
BRH:0
end_of_record
TN:
SF:src/services/optimizationService.ts
FN:120,(anonymous_1)
FN:174,(anonymous_2)
FN:226,(anonymous_3)
FN:253,(anonymous_4)
FN:270,(anonymous_5)
FN:284,(anonymous_6)
FN:298,(anonymous_7)
FNF:7
FNH:0
FNDA:0,(anonymous_1)
FNDA:0,(anonymous_2)
FNDA:0,(anonymous_3)
FNDA:0,(anonymous_4)
FNDA:0,(anonymous_5)
FNDA:0,(anonymous_6)
FNDA:0,(anonymous_7)
DA:114,0
DA:116,0
DA:121,0
DA:123,0
DA:124,0
DA:125,0
DA:127,0
DA:135,0
DA:136,0
DA:137,0
DA:140,0
DA:141,0
DA:142,0
DA:143,0
DA:144,0
DA:145,0
DA:148,0
DA:149,0
DA:150,0
DA:152,0
DA:155,0
DA:160,0
DA:161,0
DA:162,0
DA:164,0
DA:165,0
DA:166,0
DA:167,0
DA:168,0
DA:170,0
DA:172,0
DA:173,0
DA:175,0
DA:176,0
DA:179,0
DA:180,0
DA:182,0
DA:184,0
DA:185,0
DA:186,0
DA:187,0
DA:190,0
DA:191,0
DA:192,0
DA:195,0
DA:196,0
DA:199,0
DA:202,0
DA:203,0
DA:205,0
DA:206,0
DA:209,0
DA:210,0
DA:213,0
DA:215,0
DA:216,0
DA:217,0
DA:219,0
DA:231,0
DA:235,0
DA:236,0
DA:239,0
DA:241,0
DA:242,0
DA:246,0
DA:247,0
DA:256,0
DA:258,0
DA:259,0
DA:263,0
DA:264,0
DA:271,0
DA:273,0
DA:274,0
DA:277,0
DA:278,0
DA:285,0
DA:287,0
DA:288,0
DA:291,0
DA:292,0
DA:305,0
DA:307,0
DA:308,0
DA:317,0
DA:318,0
LF:86
LH:0
BRDA:140,0,0,0
BRDA:160,1,0,0
BRDA:166,2,0,0
BRDA:166,2,1,0
BRDA:166,3,0,0
BRDA:166,3,1,0
BRDA:170,4,0,0
BRDA:170,4,1,0
BRDA:172,5,0,0
BRDA:172,5,1,0
BRDA:175,6,0,0
BRDA:175,6,1,0
BRDA:176,7,0,0
BRDA:176,7,1,0
BRDA:179,8,0,0
BRDA:179,8,1,0
BRDA:184,9,0,0
BRDA:184,9,1,0
BRDA:186,10,0,0
BRDA:192,11,0,0
BRDA:192,11,1,0
BRDA:205,12,0,0
BRDA:206,13,0,0
BRDA:206,13,1,0
BRDA:209,14,0,0
BRDA:216,15,0,0
BRDA:228,16,0,0
BRDA:229,17,0,0
BRDA:235,18,0,0
BRDA:241,19,0,0
BRDA:258,20,0,0
BRDA:273,21,0,0
BRDA:287,22,0,0
BRDA:307,23,0,0
BRF:34
BRH:0
end_of_record
TN:
SF:src/services/strategyConfigService.ts
FN:52,(anonymous_1)
FN:78,(anonymous_2)
FN:85,(anonymous_3)
FN:92,(anonymous_4)
FN:102,(anonymous_5)
FNF:5
FNH:0
FNDA:0,(anonymous_1)
FNDA:0,(anonymous_2)
FNDA:0,(anonymous_3)
FNDA:0,(anonymous_4)
FNDA:0,(anonymous_5)
DA:11,0
DA:48,0
DA:56,0
DA:57,0
DA:58,0
DA:60,0
DA:61,0
DA:64,0
DA:69,0
DA:79,0
DA:86,0
DA:96,0
DA:103,0
LF:13
LH:0
BRDA:57,0,0,0
BRDA:60,1,0,0
BRDA:70,2,0,0
BRDA:70,2,1,0
BRDA:71,3,0,0
BRDA:71,3,1,0
BRF:6
BRH:0
end_of_record
TN:
SF:src/services/taskService.ts
FN:71,(anonymous_1)
FN:78,(anonymous_2)
FN:94,(anonymous_3)
FN:103,(anonymous_4)
FN:111,(anonymous_5)
FN:118,(anonymous_6)
FN:125,(anonymous_7)
FN:129,(anonymous_8)
FN:148,(anonymous_9)
FN:166,(anonymous_10)
FN:179,(anonymous_11)
FN:186,(anonymous_12)
FNF:12
FNH:0
FNDA:0,(anonymous_1)
FNDA:0,(anonymous_2)
FNDA:0,(anonymous_3)
FNDA:0,(anonymous_4)
FNDA:0,(anonymous_5)
FNDA:0,(anonymous_6)
FNDA:0,(anonymous_7)
FNDA:0,(anonymous_8)
FNDA:0,(anonymous_9)
FNDA:0,(anonymous_10)
FNDA:0,(anonymous_11)
FNDA:0,(anonymous_12)
DA:11,0
DA:67,0
DA:72,0
DA:83,0
DA:84,0
DA:85,0
DA:88,0
DA:95,0
DA:104,0
DA:105,0
DA:112,0
DA:119,0
DA:126,0
DA:128,0
DA:129,0
DA:156,0
DA:157,0
DA:158,0
DA:160,0
DA:170,0
DA:171,0
DA:180,0
DA:193,0
LF:23
LH:0
BRDA:80,0,0,0
BRDA:81,1,0,0
BRDA:84,2,0,0
BRDA:103,3,0,0
BRDA:104,4,0,0
BRDA:104,4,1,0
BRDA:129,5,0,0
BRDA:129,5,1,0
BRDA:132,6,0,0
BRDA:132,6,1,0
BRDA:134,7,0,0
BRDA:134,7,1,0
BRDA:136,8,0,0
BRDA:136,8,1,0
BRDA:137,9,0,0
BRDA:137,9,1,0
BRDA:138,10,0,0
BRDA:138,10,1,0
BRDA:139,11,0,0
BRDA:139,11,1,0
BRDA:157,12,0,0
BRDA:157,13,0,0
BRDA:157,13,1,0
BRDA:168,14,0,0
BRDA:172,15,0,0
BRDA:172,15,1,0
BRF:26
BRH:0
end_of_record
TN:
SF:src/services/websocket.ts
FN:36,(anonymous_3)
FN:44,(anonymous_4)
FN:76,(anonymous_5)
FN:82,(anonymous_6)
FN:89,(anonymous_7)
FN:100,(anonymous_8)
FN:106,(anonymous_9)
FN:119,(anonymous_10)
FN:199,(anonymous_11)
FN:211,(anonymous_12)
FN:219,(anonymous_13)
FN:229,(anonymous_14)
FN:242,(anonymous_15)
FN:245,(anonymous_16)
FN:258,(anonymous_17)
FN:273,(anonymous_18)
FN:280,(anonymous_19)
FN:287,(anonymous_20)
FN:294,(anonymous_21)
FN:301,(anonymous_22)
FN:308,(anonymous_23)
FN:319,(anonymous_24)
FNF:22
FNH:0
FNDA:0,(anonymous_3)
FNDA:0,(anonymous_4)
FNDA:0,(anonymous_5)
FNDA:0,(anonymous_6)
FNDA:0,(anonymous_7)
FNDA:0,(anonymous_8)
FNDA:0,(anonymous_9)
FNDA:0,(anonymous_10)
FNDA:0,(anonymous_11)
FNDA:0,(anonymous_12)
FNDA:0,(anonymous_13)
FNDA:0,(anonymous_14)
FNDA:0,(anonymous_15)
FNDA:0,(anonymous_16)
FNDA:0,(anonymous_17)
FNDA:0,(anonymous_18)
FNDA:0,(anonymous_19)
FNDA:0,(anonymous_20)
FNDA:0,(anonymous_21)
FNDA:0,(anonymous_22)
FNDA:0,(anonymous_23)
FNDA:0,(anonymous_24)
DA:29,0
DA:30,0
DA:31,0
DA:32,0
DA:33,0
DA:34,0
DA:37,0
DA:48,0
DA:49,0
DA:50,0
DA:52,0
DA:53,0
DA:55,0
DA:56,0
DA:59,0
DA:62,0
DA:64,0
DA:65,0
DA:66,0
DA:68,0
DA:69,0
DA:77,0
DA:78,0
DA:82,0
DA:83,0
DA:84,0
DA:85,0
DA:89,0
DA:90,0
DA:91,0
DA:94,0
DA:95,0
DA:100,0
DA:101,0
DA:102,0
DA:106,0
DA:107,0
DA:108,0
DA:109,0
DA:111,0
DA:120,0
DA:122,0
DA:124,0
DA:125,0
DA:128,0
DA:129,0
DA:130,0
DA:133,0
DA:134,0
DA:135,0
DA:138,0
DA:139,0
DA:140,0
DA:141,0
DA:144,0
DA:145,0
DA:146,0
DA:147,0
DA:150,0
DA:151,0
DA:154,0
DA:157,0
DA:159,0
DA:160,0
DA:162,0
DA:163,0
DA:165,0
DA:166,0
DA:168,0
DA:171,0
DA:172,0
DA:175,0
DA:176,0
DA:180,0
DA:181,0
DA:185,0
DA:188,0
DA:189,0
DA:192,0
DA:200,0
DA:201,0
DA:202,0
DA:203,0
DA:206,0
DA:207,0
DA:209,0
DA:211,0
DA:212,0
DA:220,0
DA:221,0
DA:223,0
DA:230,0
DA:231,0
DA:232,0
DA:233,0
DA:234,0
DA:243,0
DA:244,0
DA:245,0
DA:246,0
DA:247,0
DA:249,0
DA:259,0
DA:260,0
DA:264,0
DA:266,0
DA:274,0
DA:281,0
DA:288,0
DA:295,0
DA:302,0
DA:309,0
DA:310,0
DA:312,0
DA:313,0
DA:320,0
DA:321,0
DA:322,0
DA:324,0
DA:329,0
LF:120
LH:0
BRDA:48,0,0,0
BRDA:48,0,1,0
BRDA:50,1,0,0
BRDA:50,1,1,0
BRDA:52,2,0,0
BRDA:52,2,1,0
BRDA:55,3,0,0
BRDA:55,3,1,0
BRDA:77,4,0,0
BRDA:94,5,0,0
BRDA:122,6,0,0
BRDA:122,6,1,0
BRDA:122,6,2,0
BRDA:122,6,3,0
BRDA:122,6,4,0
BRDA:122,6,5,0
BRDA:122,6,6,0
BRDA:122,6,7,0
BRDA:122,6,8,0
BRDA:122,6,9,0
BRDA:122,6,10,0
BRDA:122,6,11,0
BRDA:122,6,12,0
BRDA:122,6,13,0
BRDA:157,7,0,0
BRDA:157,7,1,0
BRDA:157,7,2,0
BRDA:200,8,0,0
BRDA:220,9,0,0
BRDA:231,10,0,0
BRDA:233,11,0,0
BRDA:244,12,0,0
BRDA:259,13,0,0
BRDA:259,13,1,0
BRDA:259,14,0,0
BRDA:259,14,1,0
BRDA:309,15,0,0
BRDA:320,16,0,0
BRF:38
BRH:0
end_of_record
TN:
SF:src/stores/useAppStore.ts
FN:51,(anonymous_1)
FN:57,(anonymous_2)
FN:78,(anonymous_3)
FN:80,(anonymous_4)
FN:88,(anonymous_5)
FN:90,(anonymous_6)
FN:92,(anonymous_7)
FN:94,(anonymous_8)
FN:101,(anonymous_9)
FNF:9
FNH:0
FNDA:0,(anonymous_1)
FNDA:0,(anonymous_2)
FNDA:0,(anonymous_3)
FNDA:0,(anonymous_4)
FNDA:0,(anonymous_5)
FNDA:0,(anonymous_6)
FNDA:0,(anonymous_7)
FNDA:0,(anonymous_8)
FNDA:0,(anonymous_9)
DA:11,0
DA:12,0
DA:49,0
DA:51,0
DA:59,0
DA:60,0
DA:62,0
DA:63,0
DA:64,0
DA:66,0
DA:67,0
DA:68,0
DA:69,0
DA:79,0
DA:80,0
DA:88,0
DA:90,0
DA:93,0
DA:94,0
DA:101,0
LF:20
LH:0
BRDA:59,0,0,0
BRDA:60,1,0,0
BRDA:60,1,1,0
BRDA:63,2,0,0
BRDA:66,3,0,0
BRDA:66,3,1,0
BRDA:68,4,0,0
BRDA:68,4,1,0
BRF:8
BRH:0
end_of_record
TN:
SF:src/stores/useDataStore.ts
FN:163,(anonymous_1)
FN:180,(anonymous_2)
FN:182,(anonymous_3)
FN:191,(anonymous_4)
FN:195,(anonymous_5)
FN:205,(anonymous_6)
FN:214,(anonymous_7)
FN:224,(anonymous_8)
FN:233,(anonymous_9)
FN:243,(anonymous_10)
FN:253,(anonymous_11)
FN:255,(anonymous_12)
FN:264,(anonymous_13)
FN:266,(anonymous_14)
FN:275,(anonymous_15)
FN:284,(anonymous_16)
FN:293,(anonymous_17)
FN:302,(anonymous_18)
FN:311,(anonymous_19)
FN:320,(anonymous_20)
FNF:20
FNH:0
FNDA:0,(anonymous_1)
FNDA:0,(anonymous_2)
FNDA:0,(anonymous_3)
FNDA:0,(anonymous_4)
FNDA:0,(anonymous_5)
FNDA:0,(anonymous_6)
FNDA:0,(anonymous_7)
FNDA:0,(anonymous_8)
FNDA:0,(anonymous_9)
FNDA:0,(anonymous_10)
FNDA:0,(anonymous_11)
FNDA:0,(anonymous_12)
FNDA:0,(anonymous_13)
FNDA:0,(anonymous_14)
FNDA:0,(anonymous_15)
FNDA:0,(anonymous_16)
FNDA:0,(anonymous_17)
FNDA:0,(anonymous_18)
FNDA:0,(anonymous_19)
FNDA:0,(anonymous_20)
DA:13,0
DA:14,0
DA:161,0
DA:163,0
DA:181,0
DA:183,0
DA:184,0
DA:185,0
DA:192,0
DA:196,0
DA:206,0
DA:215,0
DA:225,0
DA:234,0
DA:244,0
DA:254,0
DA:256,0
DA:257,0
DA:258,0
DA:265,0
DA:267,0
DA:268,0
DA:269,0
DA:276,0
DA:285,0
DA:294,0
DA:303,0
DA:312,0
DA:321,0
LF:29
LH:0
BRF:0
BRH:0
end_of_record
TN:
SF:src/stores/useTaskStore.ts
FN:94,(anonymous_1)
FN:106,(anonymous_2)
FN:117,(anonymous_3)
FN:119,(anonymous_4)
FN:127,(anonymous_5)
FN:129,(anonymous_6)
FN:130,(anonymous_7)
FN:142,(anonymous_8)
FN:144,(anonymous_9)
FN:146,(anonymous_10)
FN:148,(anonymous_11)
FN:158,(anonymous_12)
FN:168,(anonymous_13)
FNF:13
FNH:0
FNDA:0,(anonymous_1)
FNDA:0,(anonymous_2)
FNDA:0,(anonymous_3)
FNDA:0,(anonymous_4)
FNDA:0,(anonymous_5)
FNDA:0,(anonymous_6)
FNDA:0,(anonymous_7)
FNDA:0,(anonymous_8)
FNDA:0,(anonymous_9)
FNDA:0,(anonymous_10)
FNDA:0,(anonymous_11)
FNDA:0,(anonymous_12)
FNDA:0,(anonymous_13)
DA:11,0
DA:12,0
DA:92,0
DA:94,0
DA:107,0
DA:118,0
DA:119,0
DA:128,0
DA:129,0
DA:131,0
DA:142,0
DA:144,0
DA:146,0
DA:149,0
DA:159,0
DA:169,0
LF:16
LH:0
BRDA:131,0,0,0
BRDA:131,0,1,0
BRDA:134,1,0,0
BRDA:134,1,1,0
BRF:4
BRH:0
end_of_record
TN:
SF:src/theme/muiTheme.tsx
FN:110,MUIThemeProvider
FNF:1
FNH:0
FNDA:0,MUIThemeProvider
DA:7,0
DA:8,0
DA:11,0
DA:110,0
DA:119,0
LF:5
LH:0
BRF:0
BRH:0
end_of_record
TN:
SF:src/utils/alphaFactorInfo.ts
FN:260,getAlpha158CategoryByNumber
FN:282,getAlpha158FactorName
FN:289,parseAlphaFactor
FN:385,groupAlphaFactorsByCategory
FN:388,(anonymous_9)
FN:397,(anonymous_10)
FN:398,(anonymous_11)
FN:424,getAlphaFactorDisplayName
FNF:8
FNH:0
FNDA:0,getAlpha158CategoryByNumber
FNDA:0,getAlpha158FactorName
FNDA:0,parseAlphaFactor
FNDA:0,groupAlphaFactorsByCategory
FNDA:0,(anonymous_9)
FNDA:0,(anonymous_10)
FNDA:0,(anonymous_11)
FNDA:0,getAlphaFactorDisplayName
DA:16,0
DA:88,0
DA:267,0
DA:268,0
DA:269,0
DA:270,0
DA:271,0
DA:272,0
DA:273,0
DA:274,0
DA:276,0
DA:283,0
DA:289,0
DA:291,0
DA:292,0
DA:293,0
DA:294,0
DA:296,0
DA:298,0
DA:300,0
DA:309,0
DA:360,0
DA:361,0
DA:362,0
DA:363,0
DA:364,0
DA:375,0
DA:385,0
DA:386,0
DA:388,0
DA:389,0
DA:390,0
DA:391,0
DA:393,0
DA:397,0
DA:398,0
DA:400,0
DA:401,0
DA:402,0
DA:403,0
DA:407,0
DA:408,0
DA:409,0
DA:410,0
DA:414,0
DA:418,0
DA:424,0
DA:426,0
DA:427,0
DA:428,0
DA:429,0
DA:432,0
DA:433,0
DA:434,0
DA:436,0
LF:55
LH:0
BRDA:267,0,0,0
BRDA:267,0,1,0
BRDA:267,1,0,0
BRDA:267,1,1,0
BRDA:269,2,0,0
BRDA:269,2,1,0
BRDA:269,3,0,0
BRDA:269,3,1,0
BRDA:271,4,0,0
BRDA:271,4,1,0
BRDA:271,5,0,0
BRDA:271,5,1,0
BRDA:273,6,0,0
BRDA:273,7,0,0
BRDA:273,7,1,0
BRDA:283,8,0,0
BRDA:283,8,1,0
BRDA:292,9,0,0
BRDA:296,10,0,0
BRDA:296,10,1,0
BRDA:362,11,0,0
BRDA:363,12,0,0
BRDA:363,12,1,0
BRDA:367,13,0,0
BRDA:367,13,1,0
BRDA:390,14,0,0
BRDA:402,15,0,0
BRDA:402,16,0,0
BRDA:402,16,1,0
BRDA:409,17,0,0
BRDA:409,18,0,0
BRDA:409,18,1,0
BRDA:427,19,0,0
BRDA:433,20,0,0
BRDA:436,21,0,0
BRDA:436,21,1,0
BRF:36
BRH:0
end_of_record
TN:
SF:src/utils/backendConfig.ts
FN:11,getBackendWebSocketUrl
FN:33,getBackendHttpUrl
FNF:2
FNH:0
FNDA:0,getBackendWebSocketUrl
FNDA:0,getBackendHttpUrl
DA:11,0
DA:13,0
DA:14,0
DA:18,0
DA:19,0
DA:20,0
DA:21,0
DA:22,0
DA:26,0
DA:33,0
DA:35,0
DA:36,0
DA:37,0
DA:41,0
DA:42,0
DA:43,0
DA:44,0
DA:45,0
DA:49,0
LF:19
LH:0
BRDA:13,0,0,0
BRDA:18,1,0,0
BRDA:19,2,0,0
BRDA:19,2,1,0
BRDA:21,3,0,0
BRDA:21,3,1,0
BRDA:35,4,0,0
BRDA:37,5,0,0
BRDA:37,5,1,0
BRDA:41,6,0,0
BRDA:44,7,0,0
BRDA:44,7,1,0
BRF:12
BRH:0
end_of_record
TN:
SF:src/utils/featureConfigs.ts
FN:96,(anonymous_8)
FN:131,(anonymous_9)
FN:160,(anonymous_10)
FN:188,(anonymous_11)
FN:240,(anonymous_12)
FN:241,(anonymous_13)
FN:242,(anonymous_14)
FN:243,(anonymous_15)
FN:270,(anonymous_16)
FN:271,(anonymous_17)
FN:272,(anonymous_18)
FN:273,(anonymous_19)
FN:285,getCustomConfigs
FN:301,saveCustomConfig
FN:322,updateCustomConfig
FN:327,(anonymous_23)
FN:346,deleteCustomConfig
FN:348,(anonymous_25)
FN:361,getConfigById
FN:363,(anonymous_27)
FN:370,(anonymous_28)
FN:376,getAllConfigs
FNF:22
FNH:0
FNDA:0,(anonymous_8)
FNDA:0,(anonymous_9)
FNDA:0,(anonymous_10)
FNDA:0,(anonymous_11)
FNDA:0,(anonymous_12)
FNDA:0,(anonymous_13)
FNDA:0,(anonymous_14)
FNDA:0,(anonymous_15)
FNDA:0,(anonymous_16)
FNDA:0,(anonymous_17)
FNDA:0,(anonymous_18)
FNDA:0,(anonymous_19)
FNDA:0,getCustomConfigs
FNDA:0,saveCustomConfig
FNDA:0,updateCustomConfig
FNDA:0,(anonymous_23)
FNDA:0,deleteCustomConfig
FNDA:0,(anonymous_25)
FNDA:0,getConfigById
FNDA:0,(anonymous_27)
FNDA:0,(anonymous_28)
FNDA:0,getAllConfigs
DA:18,0
DA:96,0
DA:131,0
DA:160,0
DA:188,0
DA:240,0
DA:241,0
DA:242,0
DA:243,0
DA:270,0
DA:271,0
DA:272,0
DA:273,0
DA:280,0
DA:285,0
DA:286,0
DA:287,0
DA:288,0
DA:289,0
DA:291,0
DA:293,0
DA:294,0
DA:301,0
DA:304,0
DA:305,0
DA:313,0
DA:314,0
DA:316,0
DA:322,0
DA:326,0
DA:327,0
DA:329,0
DA:330,0
DA:333,0
DA:339,0
DA:340,0
DA:346,0
DA:347,0
DA:348,0
DA:350,0
DA:351,0
DA:354,0
DA:355,0
DA:361,0
DA:363,0
DA:364,0
DA:365,0
DA:369,0
DA:370,0
DA:376,0
DA:377,0
LF:51
LH:0
BRDA:288,0,0,0
BRDA:329,1,0,0
BRDA:350,2,0,0
BRDA:364,3,0,0
BRF:4
BRH:0
end_of_record
TN:
SF:src/utils/integrationTest.ts
FN:45,(anonymous_5)
FN:75,(anonymous_6)
FN:76,(anonymous_7)
FN:88,(anonymous_8)
FN:89,(anonymous_9)
FN:110,(anonymous_10)
FN:111,(anonymous_11)
FN:112,(anonymous_12)
FN:113,(anonymous_13)
FN:118,(anonymous_14)
FN:141,(anonymous_15)
FN:142,(anonymous_16)
FN:147,(anonymous_17)
FN:148,(anonymous_18)
FN:153,(anonymous_19)
FN:170,(anonymous_20)
FN:171,(anonymous_21)
FN:202,(anonymous_22)
FN:203,(anonymous_23)
FN:230,(anonymous_24)
FN:231,(anonymous_25)
FN:272,(anonymous_26)
FN:273,(anonymous_27)
FN:320,(anonymous_28)
FN:328,(anonymous_29)
FN:329,(anonymous_30)
FN:330,(anonymous_31)
FN:331,(anonymous_32)
FN:332,(anonymous_33)
FN:333,(anonymous_34)
FN:334,(anonymous_35)
FN:335,(anonymous_36)
FN:348,(anonymous_37)
FN:374,(anonymous_38)
FN:390,(anonymous_39)
FN:411,(anonymous_41)
FN:412,(anonymous_42)
FNF:37
FNH:0
FNDA:0,(anonymous_5)
FNDA:0,(anonymous_6)
FNDA:0,(anonymous_7)
FNDA:0,(anonymous_8)
FNDA:0,(anonymous_9)
FNDA:0,(anonymous_10)
FNDA:0,(anonymous_11)
FNDA:0,(anonymous_12)
FNDA:0,(anonymous_13)
FNDA:0,(anonymous_14)
FNDA:0,(anonymous_15)
FNDA:0,(anonymous_16)
FNDA:0,(anonymous_17)
FNDA:0,(anonymous_18)
FNDA:0,(anonymous_19)
FNDA:0,(anonymous_20)
FNDA:0,(anonymous_21)
FNDA:0,(anonymous_22)
FNDA:0,(anonymous_23)
FNDA:0,(anonymous_24)
FNDA:0,(anonymous_25)
FNDA:0,(anonymous_26)
FNDA:0,(anonymous_27)
FNDA:0,(anonymous_28)
FNDA:0,(anonymous_29)
FNDA:0,(anonymous_30)
FNDA:0,(anonymous_31)
FNDA:0,(anonymous_32)
FNDA:0,(anonymous_33)
FNDA:0,(anonymous_34)
FNDA:0,(anonymous_35)
FNDA:0,(anonymous_36)
FNDA:0,(anonymous_37)
FNDA:0,(anonymous_38)
FNDA:0,(anonymous_39)
FNDA:0,(anonymous_41)
FNDA:0,(anonymous_42)
DA:11,0
DA:12,0
DA:13,0
DA:39,0
DA:40,0
DA:46,0
DA:48,0
DA:49,0
DA:50,0
DA:52,0
DA:60,0
DA:62,0
DA:76,0
DA:77,0
DA:78,0
DA:79,0
DA:81,0
DA:89,0
DA:91,0
DA:94,0
DA:97,0
DA:99,0
DA:111,0
DA:112,0
DA:113,0
DA:114,0
DA:118,0
DA:119,0
DA:120,0
DA:121,0
DA:124,0
DA:127,0
DA:128,0
DA:129,0
DA:132,0
DA:142,0
DA:143,0
DA:144,0
DA:147,0
DA:148,0
DA:149,0
DA:153,0
DA:154,0
DA:155,0
DA:156,0
DA:159,0
DA:162,0
DA:171,0
DA:173,0
DA:184,0
DA:185,0
DA:189,0
DA:191,0
DA:203,0
DA:204,0
DA:205,0
DA:208,0
DA:215,0
DA:220,0
DA:231,0
DA:232,0
DA:239,0
DA:240,0
DA:242,0
DA:246,0
DA:247,0
DA:253,0
DA:257,0
DA:260,0
DA:262,0
DA:265,0
DA:273,0
DA:274,0
DA:280,0
DA:281,0
DA:284,0
DA:285,0
DA:288,0
DA:297,0
DA:300,0
DA:301,0
DA:302,0
DA:306,0
DA:307,0
DA:310,0
DA:311,0
DA:313,0
DA:321,0
DA:322,0
DA:324,0
DA:327,0
DA:328,0
DA:329,0
DA:330,0
DA:331,0
DA:332,0
DA:333,0
DA:334,0
DA:335,0
DA:338,0
DA:339,0
DA:340,0
DA:342,0
DA:347,0
DA:348,0
DA:349,0
DA:351,0
DA:361,0
DA:362,0
DA:363,0
DA:364,0
DA:365,0
DA:366,0
DA:368,0
DA:375,0
DA:390,0
DA:391,0
DA:392,0
DA:393,0
DA:394,0
DA:396,0
DA:397,0
DA:400,0
DA:403,0
DA:408,0
DA:411,0
DA:412,0
DA:413,0
LF:128
LH:0
BRDA:65,0,0,0
BRDA:65,0,1,0
BRDA:78,1,0,0
BRDA:101,2,0,0
BRDA:101,2,1,0
BRDA:127,3,0,0
BRDA:127,3,1,0
BRDA:143,4,0,0
BRDA:184,5,0,0
BRDA:222,6,0,0
BRDA:222,6,1,0
BRDA:291,7,0,0
BRDA:291,7,1,0
BRDA:300,8,0,0
BRDA:343,9,0,0
BRDA:343,9,1,0
BRDA:366,10,0,0
BRDA:366,10,1,0
BRDA:384,11,0,0
BRDA:384,11,1,0
BRDA:392,12,0,0
BRDA:392,12,1,0
BRDA:396,13,0,0
BRF:23
BRH:0
end_of_record
